        -:    0:Source:F:/Files/vcpkg/installed/x86-windows/include/boost/test/utils/named_params.hpp
        -:    0:Graph:F:\SoftwareProjects\CLionProjects\C++\My_String\cmake-build-debug\test\CMakeFiles\Boost_Tests_run.dir\MyStringTest.cpp.gcno
        -:    0:Data:F:\SoftwareProjects\CLionProjects\C++\My_String\cmake-build-debug\test\CMakeFiles\Boost_Tests_run.dir\MyStringTest.cpp.gcda
        -:    0:Runs:1
        -:    0:Programs:1
        -:    1://  (C) Copyright Gennadiy Rozental 2001.
        -:    2://  Distributed under the Boost Software License, Version 1.0.
        -:    3://  (See accompanying file LICENSE_1_0.txt or copy at
        -:    4://  http://www.boost.org/LICENSE_1_0.txt)
        -:    5:
        -:    6://  See http://www.boost.org/libs/test for the library home page.
        -:    7://
        -:    8://  File        : $RCSfile$
        -:    9://
        -:   10://  Version     : $Revision$
        -:   11://
        -:   12://  Description : named function parameters library
        -:   13:// ***************************************************************************
        -:   14:
        -:   15:#ifndef BOOST_TEST_UTILS_NAMED_PARAM
        -:   16:#define BOOST_TEST_UTILS_NAMED_PARAM
        -:   17:
        -:   18:// Boost
        -:   19:#include <boost/config.hpp>
        -:   20:#include <boost/detail/workaround.hpp>
        -:   21:
        -:   22:// Boost.Test
        -:   23:#include <boost/test/utils/rtti.hpp>
        -:   24:#include <boost/test/utils/assign_op.hpp>
        -:   25:
        -:   26:#include <boost/type_traits/remove_reference.hpp>
        -:   27:#include <boost/type_traits/remove_cv.hpp>
        -:   28:
        -:   29:#include <boost/test/detail/throw_exception.hpp>
        -:   30:
        -:   31:// Boost
        -:   32:#include <boost/mpl/if.hpp>
        -:   33:#include <boost/mpl/or.hpp>
        -:   34:#include <boost/type_traits/is_same.hpp>
        -:   35:#include <boost/type_traits/remove_cv.hpp>
        -:   36:#include <boost/utility/enable_if.hpp>
        -:   37:#include <boost/mpl/bool.hpp>
        -:   38:
        -:   39:#include <boost/test/detail/suppress_warnings.hpp>
        -:   40:
        -:   41://____________________________________________________________________________//
        -:   42:
        -:   43:namespace boost {
        -:   44:namespace nfp { // named function parameters
        -:   45:
        -:   46:// ************************************************************************** //
        -:   47:// **************             forward declarations             ************** //
        -:   48:// ************************************************************************** //
        -:   49:
        -:   50:template<typename unique_id, bool required>                     struct keyword;
        -:   51:template<typename T, typename unique_id, bool required = false> struct typed_keyword;
        -:   52:
        -:   53:template<typename T, typename unique_id, typename RefType=T&>   struct named_parameter;
        -:   54:template<typename NP1,typename NP2>                             struct named_parameter_combine;
        -:   55:
        -:   56:// ************************************************************************** //
        -:   57:// **************              is_named_param_pack             ************** //
        -:   58:// ************************************************************************** //
        -:   59:
        -:   60:/// is_named_param_pack<T>::value is true if T is parameters pack
        -:   61:
        -:   62:template<typename T>
        -:   63:struct is_named_param_pack : public mpl::false_ {};
        -:   64:
        -:   65:template<typename T, typename unique_id, typename RefType>
        -:   66:struct is_named_param_pack<named_parameter<T,unique_id,RefType> > : public mpl::true_ {};
        -:   67:
        -:   68:template<typename NP, typename Rest>
        -:   69:struct is_named_param_pack<named_parameter_combine<NP,Rest> > : public mpl::true_ {};
        -:   70:
        -:   71:// ************************************************************************** //
        -:   72:// **************                  param_type                  ************** //
        -:   73:// ************************************************************************** //
        -:   74:
        -:   75:/// param_type<Params,Keyword,Default>::type is the type of the parameter
        -:   76:/// corresponding to the Keyword (if parameter is present) or Default
        -:   77:
        -:   78:template<typename NP, typename Keyword, typename DefaultType=void>
        -:   79:struct param_type
        -:   80:: mpl::if_<typename is_same<typename NP::id,typename Keyword::id>::type,
        -:   81:           typename remove_cv<typename NP::data_type>::type,
        -:   82:           DefaultType> {};
        -:   83:
        -:   84:template<typename NP, typename Rest, typename Keyword, typename DefaultType>
        -:   85:struct param_type<named_parameter_combine<NP,Rest>,Keyword,DefaultType>
        -:   86:: mpl::if_<typename is_same<typename NP::id,typename Keyword::id>::type,
        -:   87:           typename remove_cv<typename NP::data_type>::type,
        -:   88:           typename param_type<Rest,Keyword,DefaultType>::type> {};
        -:   89:
        -:   90:// ************************************************************************** //
        -:   91:// **************                  has_param                   ************** //
        -:   92:// ************************************************************************** //
        -:   93:
        -:   94:/// has_param<Params,Keyword>::value is true if Params has parameter corresponding
        -:   95:/// to the Keyword
        -:   96:
        -:   97:template<typename NP, typename Keyword>
        -:   98:struct has_param : is_same<typename NP::id,typename Keyword::id> {};
        -:   99:
        -:  100:template<typename NP, typename Rest, typename Keyword>
        -:  101:struct has_param<named_parameter_combine<NP,Rest>,Keyword>
        -:  102:: mpl::or_<typename is_same<typename NP::id,typename Keyword::id>::type,
        -:  103:           typename has_param<Rest,Keyword>::type> {};
        -:  104:
        -:  105:// ************************************************************************** //
        -:  106:// **************          access_to_invalid_parameter         ************** //
        -:  107:// ************************************************************************** //
        -:  108:
        -:  109:namespace nfp_detail {
        -:  110:
        -:  111:struct access_to_invalid_parameter {};
        -:  112:
        -:  113://____________________________________________________________________________//
        -:  114:
        -:  115:inline void
    #####:  116:report_access_to_invalid_parameter( bool v )
        -:  117:{
    #####:  118:    BOOST_TEST_I_ASSRT( !v, access_to_invalid_parameter() );
    %%%%%:  118-block  0
    %%%%%:  118-block  1
    #####:  119:}
    %%%%%:  119-block  0
        -:  120:
        -:  121:} // namespace nfp_detail
        -:  122:
        -:  123:// ************************************************************************** //
        -:  124:// **************                      nil                     ************** //
        -:  125:// ************************************************************************** //
        -:  126:
        -:  127:struct nil {
        -:  128:    template<typename T>
        -:  129:#if defined(__GNUC__) || defined(__HP_aCC) || defined(__EDG__) || defined(__SUNPRO_CC)
        -:  130:    operator T() const
        -:  131:#else
        -:  132:    operator T const&() const
        -:  133:#endif
        -:  134:    { nfp_detail::report_access_to_invalid_parameter(true); static T* v = 0; return *v; }
        -:  135:
        -:  136:    template<typename T>
    #####:  137:    T any_cast() const
    #####:  138:    { nfp_detail::report_access_to_invalid_parameter(true); static typename remove_reference<T>::type* v = 0; return *v; }
------------------
_ZNK5boost3nfp3nil8any_castIRKNS_9unit_test12report_levelEEET_v:
    #####:  137:    T any_cast() const
    #####:  138:    { nfp_detail::report_access_to_invalid_parameter(true); static typename remove_reference<T>::type* v = 0; return *v; }
    %%%%%:  138-block  0
------------------
_ZNK5boost3nfp3nil8any_castIRKNS_9unit_test9log_levelEEET_v:
    #####:  137:    T any_cast() const
    #####:  138:    { nfp_detail::report_access_to_invalid_parameter(true); static typename remove_reference<T>::type* v = 0; return *v; }
    %%%%%:  138-block  0
------------------
_ZNK5boost3nfp3nil8any_castIRKNS_9unit_test13output_formatEEET_v:
    #####:  137:    T any_cast() const
    #####:  138:    { nfp_detail::report_access_to_invalid_parameter(true); static typename remove_reference<T>::type* v = 0; return *v; }
    %%%%%:  138-block  0
------------------
_ZNK5boost3nfp3nil8any_castIRKNSt7__cxx1112basic_stringIcSt11char_traitsIcESaIcEEEEET_v:
    #####:  137:    T any_cast() const
    #####:  138:    { nfp_detail::report_access_to_invalid_parameter(true); static typename remove_reference<T>::type* v = 0; return *v; }
    %%%%%:  138-block  0
------------------
_ZNK5boost3nfp3nil8any_castIRKjEET_v:
    #####:  137:    T any_cast() const
    #####:  138:    { nfp_detail::report_access_to_invalid_parameter(true); static typename remove_reference<T>::type* v = 0; return *v; }
    %%%%%:  138-block  0
------------------
_ZNK5boost3nfp3nil8any_castIRKlEET_v:
    #####:  137:    T any_cast() const
    #####:  138:    { nfp_detail::report_access_to_invalid_parameter(true); static typename remove_reference<T>::type* v = 0; return *v; }
    %%%%%:  138-block  0
------------------
_ZNK5boost3nfp3nil8any_castIRKZNS_9unit_test14runtime_config12_GLOBAL__N_119register_parametersERNS_7runtime16parameters_storeEEUlNS3_13basic_cstringIKcEEE_EET_v:
    #####:  137:    T any_cast() const
    #####:  138:    { nfp_detail::report_access_to_invalid_parameter(true); static typename remove_reference<T>::type* v = 0; return *v; }
    %%%%%:  138-block  0
------------------
_ZNK5boost3nfp3nil8any_castIRKbEET_v:
    #####:  137:    T any_cast() const
    #####:  138:    { nfp_detail::report_access_to_invalid_parameter(true); static typename remove_reference<T>::type* v = 0; return *v; }
    %%%%%:  138-block  0
------------------
_ZNK5boost3nfp3nil8any_castIRKNS_9unit_test5utils17ti_delimeter_typeEEET_v:
    #####:  137:    T any_cast() const
    #####:  138:    { nfp_detail::report_access_to_invalid_parameter(true); static typename remove_reference<T>::type* v = 0; return *v; }
    %%%%%:  138-block  0
------------------
_ZNK5boost3nfp3nil8any_castIRKNS_9unit_test13basic_cstringIKcEEEET_v:
    #####:  137:    T any_cast() const
    #####:  138:    { nfp_detail::report_access_to_invalid_parameter(true); static typename remove_reference<T>::type* v = 0; return *v; }
    %%%%%:  138-block  0
------------------
_ZNK5boost3nfp3nil8any_castIRKSt16initializer_listISt4pairIKNS_9unit_test13basic_cstringIKcEENS5_12report_levelEEEEET_v:
    #####:  137:    T any_cast() const
    #####:  138:    { nfp_detail::report_access_to_invalid_parameter(true); static typename remove_reference<T>::type* v = 0; return *v; }
    %%%%%:  138-block  0
------------------
_ZNK5boost3nfp3nil8any_castIRKSt16initializer_listISt4pairIKNS_9unit_test13basic_cstringIKcEENS5_9log_levelEEEEET_v:
    #####:  137:    T any_cast() const
    #####:  138:    { nfp_detail::report_access_to_invalid_parameter(true); static typename remove_reference<T>::type* v = 0; return *v; }
    %%%%%:  138-block  0
------------------
_ZNK5boost3nfp3nil8any_castIRKSt16initializer_listISt4pairIKNS_9unit_test13basic_cstringIKcEENS5_13output_formatEEEEET_v:
    #####:  137:    T any_cast() const
    #####:  138:    { nfp_detail::report_access_to_invalid_parameter(true); static typename remove_reference<T>::type* v = 0; return *v; }
    %%%%%:  138-block  0
------------------
_ZNK5boost3nfp3nil8any_castIPKcEET_v:
    #####:  137:    T any_cast() const
    #####:  138:    { nfp_detail::report_access_to_invalid_parameter(true); static typename remove_reference<T>::type* v = 0; return *v; }
    %%%%%:  138-block  0
------------------
        -:  139:
        -:  140:    template<typename Arg1>
        -:  141:    nil operator()( Arg1 const& )
        -:  142:    { nfp_detail::report_access_to_invalid_parameter(true); return nil(); }
        -:  143:
        -:  144:    template<typename Arg1,typename Arg2>
        -:  145:    nil operator()( Arg1 const&, Arg2 const& )
        -:  146:    { nfp_detail::report_access_to_invalid_parameter(true); return nil(); }
        -:  147:
        -:  148:    template<typename Arg1,typename Arg2,typename Arg3>
        -:  149:    nil operator()( Arg1 const&, Arg2 const&, Arg3 const& )
        -:  150:    { nfp_detail::report_access_to_invalid_parameter(true); return nil(); }
        -:  151:
        -:  152:    // Visitation support
        -:  153:    template<typename Visitor>
        -:  154:    void            apply_to( Visitor& /*v*/ ) const {}
        -:  155:
    #####:  156:    static nil&     inst() { static nil s_inst; return s_inst; }
    %%%%%:  156-block  0
    %%%%%:  156-block  1
    %%%%%:  156-block  2
    %%%%%:  156-block  3
        -:  157:private:
    #####:  158:    nil() {}
        -:  159:};
        -:  160:
        -:  161:// ************************************************************************** //
        -:  162:// **************             named_parameter_base             ************** //
        -:  163:// ************************************************************************** //
        -:  164:
        -:  165:namespace nfp_detail {
        -:  166:
        -:  167:template<typename Derived>
        -:  168:struct named_parameter_base {
        -:  169:    template<typename NP>
        -:  170:    named_parameter_combine<NP,Derived>
      132:  171:    operator,( NP const& np ) const { return named_parameter_combine<NP,Derived>( np, *static_cast<Derived const*>(this) ); }
------------------
_ZNK5boost3nfp10nfp_detail20named_parameter_baseINS0_23named_parameter_combineINS0_15named_parameterIKlNS_7runtime12_GLOBAL__N_116optional_value_tERS5_EENS3_INS4_IS5_NS7_15default_value_tES9_EENS3_INS4_IKNS_9unit_test13basic_cstringIKcEENS7_9env_var_tERSH_EENS4_ISH_NS7_13description_tESJ_EEEEEEEEEcmINS4_ISH_NS7_12value_hint_tESJ_EEEENS3_IT_SP_EERKSU_:
        1:  171:    operator,( NP const& np ) const { return named_parameter_combine<NP,Derived>( np, *static_cast<Derived const*>(this) ); }
        1:  171-block  0
------------------
_ZNK5boost3nfp10nfp_detail20named_parameter_baseINS0_23named_parameter_combineINS0_15named_parameterIKSt16initializer_listISt4pairIKNS_9unit_test13basic_cstringIKcEENS7_9log_levelEEENS_7runtime12_GLOBAL__N_113enum_values_tERSF_EENS3_INS4_IKSC_NSH_15default_value_tERSL_EENS3_INS4_ISB_NSH_9env_var_tERSB_EENS4_ISB_NSH_13description_tESQ_EEEEEEEEEcmINS4_ISB_NSH_6help_tESQ_EEEENS3_IT_SW_EERKS11_:
        1:  171:    operator,( NP const& np ) const { return named_parameter_combine<NP,Derived>( np, *static_cast<Derived const*>(this) ); }
        1:  171-block  0
------------------
_ZNK5boost3nfp10nfp_detail20named_parameter_baseINS0_23named_parameter_combineINS0_15named_parameterIKNS_9unit_test9log_levelENS_7runtime12_GLOBAL__N_115default_value_tERS7_EENS3_INS4_IKNS5_13basic_cstringIKcEENS9_9env_var_tERSG_EENS4_ISG_NS9_13description_tESI_EEEEEEEcmINS4_IKSt16initializer_listISt4pairISG_S6_EENS9_13enum_values_tERSU_EEEENS3_IT_SN_EERKSY_:
        1:  171:    operator,( NP const& np ) const { return named_parameter_combine<NP,Derived>( np, *static_cast<Derived const*>(this) ); }
        1:  171-block  0
------------------
_ZNK5boost3nfp10nfp_detail20named_parameter_baseINS0_23named_parameter_combineINS0_15named_parameterIKNS_9unit_test13basic_cstringIKcEENS_7runtime12_GLOBAL__N_19env_var_tERS9_EENS4_IS9_NSB_13description_tESD_EEEEEcmINS4_IKNS5_9log_levelENSB_15default_value_tERSL_EEEENS3_IT_SH_EERKSP_:
        1:  171:    operator,( NP const& np ) const { return named_parameter_combine<NP,Derived>( np, *static_cast<Derived const*>(this) ); }
        1:  171-block  0
------------------
_ZNK5boost3nfp10nfp_detail20named_parameter_baseINS0_23named_parameter_combineINS0_15named_parameterIKSt16initializer_listISt4pairIKNS_9unit_test13basic_cstringIKcEENS7_13output_formatEEENS_7runtime12_GLOBAL__N_113enum_values_tERSF_EENS3_INS4_IKSC_NSH_15default_value_tERSL_EENS3_INS4_ISB_NSH_9env_var_tERSB_EENS4_ISB_NSH_13description_tESQ_EEEEEEEEEcmINS4_ISB_NSH_6help_tESQ_EEEENS3_IT_SW_EERKS11_:
        2:  171:    operator,( NP const& np ) const { return named_parameter_combine<NP,Derived>( np, *static_cast<Derived const*>(this) ); }
        2:  171-block  0
------------------
_ZNK5boost3nfp10nfp_detail20named_parameter_baseINS0_23named_parameter_combineINS0_15named_parameterIKNS_9unit_test13output_formatENS_7runtime12_GLOBAL__N_115default_value_tERS7_EENS3_INS4_IKNS5_13basic_cstringIKcEENS9_9env_var_tERSG_EENS4_ISG_NS9_13description_tESI_EEEEEEEcmINS4_IKSt16initializer_listISt4pairISG_S6_EENS9_13enum_values_tERSU_EEEENS3_IT_SN_EERKSY_:
        2:  171:    operator,( NP const& np ) const { return named_parameter_combine<NP,Derived>( np, *static_cast<Derived const*>(this) ); }
        2:  171-block  0
------------------
_ZNK5boost3nfp10nfp_detail20named_parameter_baseINS0_23named_parameter_combineINS0_15named_parameterIKSt16initializer_listISt4pairIKNS_9unit_test13basic_cstringIKcEENS7_13output_formatEEENS_7runtime12_GLOBAL__N_113enum_values_tERSF_EENS3_INS4_IKSC_NSH_16optional_value_tERSL_EENS3_INS4_ISL_NSH_15default_value_tESN_EENS3_INS4_ISB_NSH_9env_var_tERSB_EENS4_ISB_NSH_13description_tESS_EEEEEEEEEEEcmINS4_ISB_NSH_6help_tESS_EEEENS3_IT_SZ_EERKS14_:
        1:  171:    operator,( NP const& np ) const { return named_parameter_combine<NP,Derived>( np, *static_cast<Derived const*>(this) ); }
        1:  171-block  0
------------------
_ZNK5boost3nfp10nfp_detail20named_parameter_baseINS0_23named_parameter_combineINS0_15named_parameterIKNS_9unit_test13output_formatENS_7runtime12_GLOBAL__N_116optional_value_tERS7_EENS3_INS4_IS7_NS9_15default_value_tESB_EENS3_INS4_IKNS5_13basic_cstringIKcEENS9_9env_var_tERSI_EENS4_ISI_NS9_13description_tESK_EEEEEEEEEcmINS4_IKSt16initializer_listISt4pairISI_S6_EENS9_13enum_values_tERSX_EEEENS3_IT_SQ_EERKS11_:
        1:  171:    operator,( NP const& np ) const { return named_parameter_combine<NP,Derived>( np, *static_cast<Derived const*>(this) ); }
        1:  171-block  0
------------------
_ZNK5boost3nfp10nfp_detail20named_parameter_baseINS0_23named_parameter_combineINS0_15named_parameterIKNS_9unit_test13output_formatENS_7runtime12_GLOBAL__N_115default_value_tERS7_EENS3_INS4_IKNS5_13basic_cstringIKcEENS9_9env_var_tERSG_EENS4_ISG_NS9_13description_tESI_EEEEEEEcmINS4_IS7_NS9_16optional_value_tESB_EEEENS3_IT_SN_EERKSS_:
        1:  171:    operator,( NP const& np ) const { return named_parameter_combine<NP,Derived>( np, *static_cast<Derived const*>(this) ); }
        1:  171-block  0
------------------
_ZNK5boost3nfp10nfp_detail20named_parameter_baseINS0_23named_parameter_combineINS0_15named_parameterIKNS_9unit_test13basic_cstringIKcEENS_7runtime12_GLOBAL__N_19env_var_tERS9_EENS4_IS9_NSB_13description_tESD_EEEEEcmINS4_IKNS5_13output_formatENSB_15default_value_tERSL_EEEENS3_IT_SH_EERKSP_:
        3:  171:    operator,( NP const& np ) const { return named_parameter_combine<NP,Derived>( np, *static_cast<Derived const*>(this) ); }
        3:  171-block  0
------------------
_ZNK5boost3nfp10nfp_detail20named_parameter_baseINS0_23named_parameter_combineINS0_15named_parameterIKNS_9unit_test13basic_cstringIKcEENS_7runtime12_GLOBAL__N_112value_hint_tERS9_EENS3_INS4_IKlNSB_16optional_value_tERSF_EENS3_INS4_ISF_NSB_15default_value_tESH_EENS3_INS4_IS9_NSB_9env_var_tESD_EENS4_IS9_NSB_13description_tESD_EEEEEEEEEEEcmINS4_IS9_NSB_6help_tESD_EEEENS3_IT_SS_EERKSX_:
        1:  171:    operator,( NP const& np ) const { return named_parameter_combine<NP,Derived>( np, *static_cast<Derived const*>(this) ); }
        1:  171-block  0
------------------
_ZNK5boost3nfp10nfp_detail20named_parameter_baseINS0_23named_parameter_combineINS0_15named_parameterIKNS_9unit_test13basic_cstringIKcEENS_7runtime12_GLOBAL__N_19env_var_tERS9_EENS4_IS9_NSB_13description_tESD_EEEEEcmINS4_IS9_NSB_12value_hint_tESD_EEEENS3_IT_SH_EERKSM_:
        4:  171:    operator,( NP const& np ) const { return named_parameter_combine<NP,Derived>( np, *static_cast<Derived const*>(this) ); }
        4:  171-block  0
------------------
_ZNK5boost3nfp10nfp_detail20named_parameter_baseINS0_23named_parameter_combineINS0_15named_parameterIKlNS_7runtime12_GLOBAL__N_115default_value_tERS5_EENS3_INS4_IKNS_9unit_test13basic_cstringIKcEENS7_9env_var_tERSF_EENS4_ISF_NS7_13description_tESH_EEEEEEEcmINS4_IS5_NS7_16optional_value_tES9_EEEENS3_IT_SM_EERKSR_:
        1:  171:    operator,( NP const& np ) const { return named_parameter_combine<NP,Derived>( np, *static_cast<Derived const*>(this) ); }
        1:  171-block  0
------------------
_ZNK5boost3nfp10nfp_detail20named_parameter_baseINS0_23named_parameter_combineINS0_15named_parameterIKNS_9unit_test13basic_cstringIKcEENS_7runtime12_GLOBAL__N_19env_var_tERS9_EENS4_IS9_NSB_13description_tESD_EEEEEcmINS4_IKlNSB_15default_value_tERSK_EEEENS3_IT_SH_EERKSO_:
        1:  171:    operator,( NP const& np ) const { return named_parameter_combine<NP,Derived>( np, *static_cast<Derived const*>(this) ); }
        1:  171-block  0
------------------
_ZNK5boost3nfp10nfp_detail20named_parameter_baseINS0_23named_parameter_combineINS0_15named_parameterIKbNS_7runtime12_GLOBAL__N_115default_value_tERS5_EENS3_INS4_IKNS_9unit_test13basic_cstringIKcEENS7_9env_var_tERSF_EENS4_ISF_NS7_13description_tESH_EEEEEEEcmINS4_ISF_NS7_6help_tESH_EEEENS3_IT_SM_EERKSR_:
        4:  171:    operator,( NP const& np ) const { return named_parameter_combine<NP,Derived>( np, *static_cast<Derived const*>(this) ); }
        4:  171-block  0
------------------
_ZNK5boost3nfp10nfp_detail20named_parameter_baseINS0_23named_parameter_combineINS0_15named_parameterIKNS_9unit_test13basic_cstringIKcEENS_7runtime12_GLOBAL__N_19env_var_tERS9_EENS4_IS9_NSB_13description_tESD_EEEEEcmINS4_IKbNSB_15default_value_tERSK_EEEENS3_IT_SH_EERKSO_:
        4:  171:    operator,( NP const& np ) const { return named_parameter_combine<NP,Derived>( np, *static_cast<Derived const*>(this) ); }
        4:  171-block  0
------------------
_ZNK5boost3nfp10nfp_detail20named_parameter_baseINS0_23named_parameter_combineINS0_15named_parameterIKNS_9unit_test13basic_cstringIKcEENS_7runtime12_GLOBAL__N_19env_var_tERS9_EENS4_IS9_NSB_13description_tESD_EEEEEcmINS4_IKZNS5_14runtime_config12_GLOBAL__N_119register_parametersERNSA_16parameters_storeEEUlS8_E_NSB_10callback_tERSP_EEEENS3_IT_SH_EERKST_:
        1:  171:    operator,( NP const& np ) const { return named_parameter_combine<NP,Derived>( np, *static_cast<Derived const*>(this) ); }
        1:  171-block  0
------------------
_ZNK5boost3nfp10nfp_detail20named_parameter_baseINS0_23named_parameter_combineINS0_15named_parameterIKNS_9unit_test13basic_cstringIKcEENS_7runtime12_GLOBAL__N_19env_var_tERS9_EENS4_IS9_NSB_13description_tESD_EEEEEcmINS4_IS9_NSB_6help_tESD_EEEENS3_IT_SH_EERKSM_:
        7:  171:    operator,( NP const& np ) const { return named_parameter_combine<NP,Derived>( np, *static_cast<Derived const*>(this) ); }
        7:  171-block  0
------------------
_ZNK5boost3nfp10nfp_detail20named_parameter_baseINS0_15named_parameterIKNS_9unit_test13basic_cstringIKcEENS_7runtime12_GLOBAL__N_113description_tERS8_EEEcmINS3_IS8_NSA_9env_var_tESC_EEEENS0_23named_parameter_combineIT_SD_EERKSJ_:
       25:  171:    operator,( NP const& np ) const { return named_parameter_combine<NP,Derived>( np, *static_cast<Derived const*>(this) ); }
       25:  171-block  0
------------------
_ZNK5boost3nfp10nfp_detail20named_parameter_baseINS0_23named_parameter_combineINS0_15named_parameterIPKcNS_9unit_test5utils12_GLOBAL__N_120dropped_delimeters_tES6_EENS4_IbNS9_19keep_empty_tokens_tEbEEEEEcmINS4_IKNS8_17ti_delimeter_typeENS9_17kept_delimeters_tERSI_EEEENS3_IT_SE_EERKSM_:
        1:  171:    operator,( NP const& np ) const { return named_parameter_combine<NP,Derived>( np, *static_cast<Derived const*>(this) ); }
        1:  171-block  0
------------------
_ZNK5boost3nfp10nfp_detail20named_parameter_baseINS0_15named_parameterIbNS_9unit_test5utils12_GLOBAL__N_119keep_empty_tokens_tEbEEEcmINS3_IPKcNS6_20dropped_delimeters_tESC_EEEENS0_23named_parameter_combineIT_S8_EERKSG_:
        1:  171:    operator,( NP const& np ) const { return named_parameter_combine<NP,Derived>( np, *static_cast<Derived const*>(this) ); }
        1:  171-block  0
------------------
_ZNK5boost3nfp10nfp_detail20named_parameter_baseINS0_15named_parameterIPKcNS_9unit_test5utils12_GLOBAL__N_120dropped_delimeters_tES5_EEEcmINS3_IKNS7_17ti_delimeter_typeENS8_17kept_delimeters_tERSE_EEEENS0_23named_parameter_combineIT_SA_EERKSJ_:
        4:  171:    operator,( NP const& np ) const { return named_parameter_combine<NP,Derived>( np, *static_cast<Derived const*>(this) ); }
        4:  171-block  0
------------------
_ZNK5boost3nfp10nfp_detail20named_parameter_baseINS0_23named_parameter_combineINS0_15named_parameterIKNS_9unit_test13basic_cstringIKcEENS_7runtime12_GLOBAL__N_19env_var_tERS9_EENS4_IS9_NSB_13description_tESD_EEEEEcmINS4_IKNSt7__cxx1112basic_stringIcSt11char_traitsIcESaIcEEENSB_15default_value_tERSQ_EEEENS3_IT_SH_EERKSU_:
        1:  171:    operator,( NP const& np ) const { return named_parameter_combine<NP,Derived>( np, *static_cast<Derived const*>(this) ); }
        1:  171-block  0
------------------
_ZNK5boost3nfp10nfp_detail20named_parameter_baseINS0_15named_parameterIKNS_9unit_test13basic_cstringIKcEENS_7runtime12_GLOBAL__N_113description_tERS8_EEEcmINS3_IKbNSA_16optional_value_tERSG_EEEENS0_23named_parameter_combineIT_SD_EERKSL_:
        4:  171:    operator,( NP const& np ) const { return named_parameter_combine<NP,Derived>( np, *static_cast<Derived const*>(this) ); }
        4:  171-block  0
------------------
_ZNK5boost3nfp10nfp_detail20named_parameter_baseINS0_23named_parameter_combineINS0_15named_parameterIKNS_9unit_test13basic_cstringIKcEENS_7runtime12_GLOBAL__N_16help_tERS9_EENS3_INS4_IKbNSB_15default_value_tERSF_EENS3_INS4_IS9_NSB_9env_var_tESD_EENS4_IS9_NSB_13description_tESD_EEEEEEEEEcmINS4_ISF_NSB_16optional_value_tESH_EEEENS3_IT_SP_EERKSU_:
        8:  171:    operator,( NP const& np ) const { return named_parameter_combine<NP,Derived>( np, *static_cast<Derived const*>(this) ); }
        8:  171-block  0
------------------
_ZNK5boost3nfp10nfp_detail20named_parameter_baseINS0_23named_parameter_combineINS0_15named_parameterIKbNS_7runtime12_GLOBAL__N_116optional_value_tERS5_EENS3_INS4_IKNS_9unit_test13basic_cstringIKcEENS7_6help_tERSF_EENS3_INS4_ISF_NS7_9env_var_tESH_EENS4_ISF_NS7_13description_tESH_EEEEEEEEEcmINS4_IS5_NS7_15default_value_tES9_EEEENS3_IT_SP_EERKSU_:
       14:  171:    operator,( NP const& np ) const { return named_parameter_combine<NP,Derived>( np, *static_cast<Derived const*>(this) ); }
       14:  171-block  0
------------------
_ZNK5boost3nfp10nfp_detail20named_parameter_baseINS0_23named_parameter_combineINS0_15named_parameterIKNS_9unit_test13basic_cstringIKcEENS_7runtime12_GLOBAL__N_16help_tERS9_EENS3_INS4_IS9_NSB_9env_var_tESD_EENS4_IS9_NSB_13description_tESD_EEEEEEEcmINS4_IKbNSB_16optional_value_tERSN_EEEENS3_IT_SK_EERKSR_:
       14:  171:    operator,( NP const& np ) const { return named_parameter_combine<NP,Derived>( np, *static_cast<Derived const*>(this) ); }
       14:  171-block  0
------------------
_ZNK5boost3nfp10nfp_detail20named_parameter_baseINS0_15named_parameterIKNS_9unit_test13basic_cstringIKcEENS_7runtime12_GLOBAL__N_115end_of_params_tERS8_EEEcmINS3_IS8_NSA_12neg_prefix_tESC_EEEENS0_23named_parameter_combineIT_SD_EERKSJ_:
        1:  171:    operator,( NP const& np ) const { return named_parameter_combine<NP,Derived>( np, *static_cast<Derived const*>(this) ); }
        1:  171-block  0
------------------
_ZNK5boost3nfp10nfp_detail20named_parameter_baseINS0_23named_parameter_combineINS0_15named_parameterIKNS_9unit_test13basic_cstringIKcEENS_7runtime12_GLOBAL__N_112value_hint_tERS9_EENS3_INS4_IKNSt7__cxx1112basic_stringIcSt11char_traitsIcESaIcEEENSB_16optional_value_tERSL_EENS4_IS9_NSB_13description_tESD_EEEEEEEcmINS4_IS9_NSB_6help_tESD_EEEENS3_IT_SS_EERKSX_:
        1:  171:    operator,( NP const& np ) const { return named_parameter_combine<NP,Derived>( np, *static_cast<Derived const*>(this) ); }
        1:  171-block  0
------------------
_ZNK5boost3nfp10nfp_detail20named_parameter_baseINS0_23named_parameter_combineINS0_15named_parameterIKNSt7__cxx1112basic_stringIcSt11char_traitsIcESaIcEEENS_7runtime12_GLOBAL__N_116optional_value_tERSB_EENS4_IKNS_9unit_test13basic_cstringIKcEENSD_13description_tERSL_EEEEEcmINS4_ISL_NSD_12value_hint_tESN_EEEENS3_IT_SP_EERKSU_:
        1:  171:    operator,( NP const& np ) const { return named_parameter_combine<NP,Derived>( np, *static_cast<Derived const*>(this) ); }
        1:  171-block  0
------------------
_ZNK5boost3nfp10nfp_detail20named_parameter_baseINS0_15named_parameterIKNS_9unit_test13basic_cstringIKcEENS_7runtime12_GLOBAL__N_113description_tERS8_EEEcmINS3_IKNSt7__cxx1112basic_stringIcSt11char_traitsIcESaIcEEENSA_16optional_value_tERSM_EEEENS0_23named_parameter_combineIT_SD_EERKSR_:
        1:  171:    operator,( NP const& np ) const { return named_parameter_combine<NP,Derived>( np, *static_cast<Derived const*>(this) ); }
        1:  171-block  0
------------------
_ZNK5boost3nfp10nfp_detail20named_parameter_baseINS0_23named_parameter_combineINS0_15named_parameterIKNS_9unit_test13basic_cstringIKcEENS_7runtime12_GLOBAL__N_112value_hint_tERS9_EENS3_INS4_IKNSt7__cxx1112basic_stringIcSt11char_traitsIcESaIcEEENSB_15default_value_tERSL_EENS3_INS4_IS9_NSB_9env_var_tESD_EENS4_IS9_NSB_13description_tESD_EEEEEEEEEcmINS4_IS9_NSB_6help_tESD_EEEENS3_IT_SV_EERKS10_:
        1:  171:    operator,( NP const& np ) const { return named_parameter_combine<NP,Derived>( np, *static_cast<Derived const*>(this) ); }
        1:  171-block  0
------------------
_ZNK5boost3nfp10nfp_detail20named_parameter_baseINS0_23named_parameter_combineINS0_15named_parameterIKNSt7__cxx1112basic_stringIcSt11char_traitsIcESaIcEEENS_7runtime12_GLOBAL__N_115default_value_tERSB_EENS3_INS4_IKNS_9unit_test13basic_cstringIKcEENSD_9env_var_tERSL_EENS4_ISL_NSD_13description_tESN_EEEEEEEcmINS4_ISL_NSD_12value_hint_tESN_EEEENS3_IT_SS_EERKSX_:
        1:  171:    operator,( NP const& np ) const { return named_parameter_combine<NP,Derived>( np, *static_cast<Derived const*>(this) ); }
        1:  171-block  0
------------------
_ZNK5boost3nfp10nfp_detail20named_parameter_baseINS0_23named_parameter_combineINS0_15named_parameterIKbNS_7runtime12_GLOBAL__N_116optional_value_tERS5_EENS4_IKNS_9unit_test13basic_cstringIKcEENS7_13description_tERSF_EEEEEcmINS4_IS5_NS7_15default_value_tES9_EEEENS3_IT_SJ_EERKSO_:
        4:  171:    operator,( NP const& np ) const { return named_parameter_combine<NP,Derived>( np, *static_cast<Derived const*>(this) ); }
        4:  171-block  0
------------------
_ZNK5boost3nfp10nfp_detail20named_parameter_baseINS0_23named_parameter_combineINS0_15named_parameterIKSt16initializer_listISt4pairIKNS_9unit_test13basic_cstringIKcEENS7_12report_levelEEENS_7runtime12_GLOBAL__N_113enum_values_tERSF_EENS3_INS4_IKSC_NSH_15default_value_tERSL_EENS3_INS4_ISB_NSH_9env_var_tERSB_EENS4_ISB_NSH_13description_tESQ_EEEEEEEEEcmINS4_ISB_NSH_6help_tESQ_EEEENS3_IT_SW_EERKS11_:
        1:  171:    operator,( NP const& np ) const { return named_parameter_combine<NP,Derived>( np, *static_cast<Derived const*>(this) ); }
        1:  171-block  0
------------------
_ZNK5boost3nfp10nfp_detail20named_parameter_baseINS0_23named_parameter_combineINS0_15named_parameterIKNS_9unit_test12report_levelENS_7runtime12_GLOBAL__N_115default_value_tERS7_EENS3_INS4_IKNS5_13basic_cstringIKcEENS9_9env_var_tERSG_EENS4_ISG_NS9_13description_tESI_EEEEEEEcmINS4_IKSt16initializer_listISt4pairISG_S6_EENS9_13enum_values_tERSU_EEEENS3_IT_SN_EERKSY_:
        1:  171:    operator,( NP const& np ) const { return named_parameter_combine<NP,Derived>( np, *static_cast<Derived const*>(this) ); }
        1:  171-block  0
------------------
_ZNK5boost3nfp10nfp_detail20named_parameter_baseINS0_23named_parameter_combineINS0_15named_parameterIKNS_9unit_test13basic_cstringIKcEENS_7runtime12_GLOBAL__N_19env_var_tERS9_EENS4_IS9_NSB_13description_tESD_EEEEEcmINS4_IKNS5_12report_levelENSB_15default_value_tERSL_EEEENS3_IT_SH_EERKSP_:
        1:  171:    operator,( NP const& np ) const { return named_parameter_combine<NP,Derived>( np, *static_cast<Derived const*>(this) ); }
        1:  171-block  0
------------------
_ZNK5boost3nfp10nfp_detail20named_parameter_baseINS0_23named_parameter_combineINS0_15named_parameterIKNS_9unit_test13basic_cstringIKcEENS_7runtime12_GLOBAL__N_112value_hint_tERS9_EENS3_INS4_IKjNSB_16optional_value_tERSF_EENS3_INS4_ISF_NSB_15default_value_tESH_EENS3_INS4_IS9_NSB_9env_var_tESD_EENS4_IS9_NSB_13description_tESD_EEEEEEEEEEEcmINS4_IS9_NSB_6help_tESD_EEEENS3_IT_SS_EERKSX_:
        1:  171:    operator,( NP const& np ) const { return named_parameter_combine<NP,Derived>( np, *static_cast<Derived const*>(this) ); }
        1:  171-block  0
------------------
_ZNK5boost3nfp10nfp_detail20named_parameter_baseINS0_23named_parameter_combineINS0_15named_parameterIKjNS_7runtime12_GLOBAL__N_116optional_value_tERS5_EENS3_INS4_IS5_NS7_15default_value_tES9_EENS3_INS4_IKNS_9unit_test13basic_cstringIKcEENS7_9env_var_tERSH_EENS4_ISH_NS7_13description_tESJ_EEEEEEEEEcmINS4_ISH_NS7_12value_hint_tESJ_EEEENS3_IT_SP_EERKSU_:
        1:  171:    operator,( NP const& np ) const { return named_parameter_combine<NP,Derived>( np, *static_cast<Derived const*>(this) ); }
        1:  171-block  0
------------------
_ZNK5boost3nfp10nfp_detail20named_parameter_baseINS0_23named_parameter_combineINS0_15named_parameterIKjNS_7runtime12_GLOBAL__N_115default_value_tERS5_EENS3_INS4_IKNS_9unit_test13basic_cstringIKcEENS7_9env_var_tERSF_EENS4_ISF_NS7_13description_tESH_EEEEEEEcmINS4_IS5_NS7_16optional_value_tES9_EEEENS3_IT_SM_EERKSR_:
        1:  171:    operator,( NP const& np ) const { return named_parameter_combine<NP,Derived>( np, *static_cast<Derived const*>(this) ); }
        1:  171-block  0
------------------
_ZNK5boost3nfp10nfp_detail20named_parameter_baseINS0_23named_parameter_combineINS0_15named_parameterIKNS_9unit_test13basic_cstringIKcEENS_7runtime12_GLOBAL__N_19env_var_tERS9_EENS4_IS9_NSB_13description_tESD_EEEEEcmINS4_IKjNSB_15default_value_tERSK_EEEENS3_IT_SH_EERKSO_:
        1:  171:    operator,( NP const& np ) const { return named_parameter_combine<NP,Derived>( np, *static_cast<Derived const*>(this) ); }
        1:  171-block  0
------------------
_ZNK5boost3nfp10nfp_detail20named_parameter_baseINS0_23named_parameter_combineINS0_15named_parameterIKSt16initializer_listISt4pairIKNS_9unit_test13basic_cstringIKcEENS7_13output_formatEEENS_7runtime12_GLOBAL__N_113enum_values_tERSF_EENS3_INS4_ISB_NSH_9env_var_tERSB_EENS4_ISB_NSH_13description_tESM_EEEEEEEcmINS4_ISB_NSH_6help_tESM_EEEENS3_IT_SR_EERKSW_:
        1:  171:    operator,( NP const& np ) const { return named_parameter_combine<NP,Derived>( np, *static_cast<Derived const*>(this) ); }
        1:  171-block  0
------------------
_ZNK5boost3nfp10nfp_detail20named_parameter_baseINS0_23named_parameter_combineINS0_15named_parameterIKNS_9unit_test13basic_cstringIKcEENS_7runtime12_GLOBAL__N_19env_var_tERS9_EENS4_IS9_NSB_13description_tESD_EEEEEcmINS4_IKSt16initializer_listISt4pairIS9_NS5_13output_formatEEENSB_13enum_values_tERSP_EEEENS3_IT_SH_EERKST_:
        1:  171:    operator,( NP const& np ) const { return named_parameter_combine<NP,Derived>( np, *static_cast<Derived const*>(this) ); }
        1:  171-block  0
------------------
_ZNK5boost3nfp10nfp_detail20named_parameter_baseINS0_23named_parameter_combineINS0_15named_parameterIKNS_9unit_test13basic_cstringIKcEENS_7runtime12_GLOBAL__N_112value_hint_tERS9_EENS3_INS4_IS9_NSB_9env_var_tESD_EENS4_IS9_NSB_13description_tESD_EEEEEEEcmINS4_IS9_NSB_6help_tESD_EEEENS3_IT_SK_EERKSP_:
        4:  171:    operator,( NP const& np ) const { return named_parameter_combine<NP,Derived>( np, *static_cast<Derived const*>(this) ); }
        4:  171-block  0
------------------
        -:  172:};
        -:  173:
        -:  174:} // namespace nfp_detail
        -:  175:
        -:  176:// ************************************************************************** //
        -:  177:// **************            named_parameter_combine           ************** //
        -:  178:// ************************************************************************** //
        -:  179:
        -:  180:template<typename NP, typename Rest = nil>
        -:  181:struct named_parameter_combine
        -:  182:: Rest
        -:  183:, nfp_detail::named_parameter_base<named_parameter_combine<NP,Rest> > {
        -:  184:    typedef typename NP::ref_type  res_type;
        -:  185:    typedef named_parameter_combine<NP,Rest> self_type;
        -:  186:
        -:  187:    // Constructor
      132:  188:    named_parameter_combine( NP const& np, Rest const& r )
        -:  189:    : Rest( r )
      132:  190:    , m_param( np )
        -:  191:    {
      132:  192:    }
------------------
_ZN5boost3nfp23named_parameter_combineINS0_15named_parameterIKNS_9unit_test13basic_cstringIKcEENS_7runtime12_GLOBAL__N_112value_hint_tERS7_EENS1_INS2_IKlNS9_16optional_value_tERSD_EENS1_INS2_ISD_NS9_15default_value_tESF_EENS1_INS2_IS7_NS9_9env_var_tESB_EENS2_IS7_NS9_13description_tESB_EEEEEEEEEC2ERKSC_RKSP_:
        1:  188:    named_parameter_combine( NP const& np, Rest const& r )
        -:  189:    : Rest( r )
        1:  190:    , m_param( np )
        1:  190-block  0
        -:  191:    {
        1:  192:    }
------------------
_ZN5boost3nfp23named_parameter_combineINS0_15named_parameterIKNS_9unit_test13basic_cstringIKcEENS_7runtime12_GLOBAL__N_16help_tERS7_EENS1_INS2_IKSt16initializer_listISt4pairIS7_NS3_9log_levelEEENS9_13enum_values_tERSI_EENS1_INS2_IKSF_NS9_15default_value_tERSM_EENS1_INS2_IS7_NS9_9env_var_tESB_EENS2_IS7_NS9_13description_tESB_EEEEEEEEEC2ERKSC_RKSW_:
        1:  188:    named_parameter_combine( NP const& np, Rest const& r )
        -:  189:    : Rest( r )
        1:  190:    , m_param( np )
        1:  190-block  0
        -:  191:    {
        1:  192:    }
------------------
_ZN5boost3nfp23named_parameter_combineINS0_15named_parameterIKSt16initializer_listISt4pairIKNS_9unit_test13basic_cstringIKcEENS5_9log_levelEEENS_7runtime12_GLOBAL__N_113enum_values_tERSD_EENS1_INS2_IKSA_NSF_15default_value_tERSJ_EENS1_INS2_IS9_NSF_9env_var_tERS9_EENS2_IS9_NSF_13description_tESO_EEEEEEEC2ERKSI_RKST_:
        1:  188:    named_parameter_combine( NP const& np, Rest const& r )
        -:  189:    : Rest( r )
        1:  190:    , m_param( np )
        1:  190-block  0
        -:  191:    {
        1:  192:    }
------------------
_ZN5boost3nfp23named_parameter_combineINS0_15named_parameterIKNS_9unit_test9log_levelENS_7runtime12_GLOBAL__N_115default_value_tERS5_EENS1_INS2_IKNS3_13basic_cstringIKcEENS7_9env_var_tERSE_EENS2_ISE_NS7_13description_tESG_EEEEEC2ERKSA_RKSK_:
        1:  188:    named_parameter_combine( NP const& np, Rest const& r )
        -:  189:    : Rest( r )
        1:  190:    , m_param( np )
        1:  190-block  0
        -:  191:    {
        1:  192:    }
------------------
_ZN5boost3nfp23named_parameter_combineINS0_15named_parameterIKNS_9unit_test13basic_cstringIKcEENS_7runtime12_GLOBAL__N_16help_tERS7_EENS1_INS2_IKSt16initializer_listISt4pairIS7_NS3_13output_formatEEENS9_13enum_values_tERSI_EENS1_INS2_IKSF_NS9_15default_value_tERSM_EENS1_INS2_IS7_NS9_9env_var_tESB_EENS2_IS7_NS9_13description_tESB_EEEEEEEEEC2ERKSC_RKSW_:
        2:  188:    named_parameter_combine( NP const& np, Rest const& r )
        -:  189:    : Rest( r )
        2:  190:    , m_param( np )
        2:  190-block  0
        -:  191:    {
        2:  192:    }
------------------
_ZN5boost3nfp23named_parameter_combineINS0_15named_parameterIKSt16initializer_listISt4pairIKNS_9unit_test13basic_cstringIKcEENS5_13output_formatEEENS_7runtime12_GLOBAL__N_113enum_values_tERSD_EENS1_INS2_IKSA_NSF_15default_value_tERSJ_EENS1_INS2_IS9_NSF_9env_var_tERS9_EENS2_IS9_NSF_13description_tESO_EEEEEEEC2ERKSI_RKST_:
        2:  188:    named_parameter_combine( NP const& np, Rest const& r )
        -:  189:    : Rest( r )
        2:  190:    , m_param( np )
        2:  190-block  0
        -:  191:    {
        2:  192:    }
------------------
_ZN5boost3nfp23named_parameter_combineINS0_15named_parameterIKNS_9unit_test13basic_cstringIKcEENS_7runtime12_GLOBAL__N_16help_tERS7_EENS1_INS2_IKSt16initializer_listISt4pairIS7_NS3_13output_formatEEENS9_13enum_values_tERSI_EENS1_INS2_IKSF_NS9_16optional_value_tERSM_EENS1_INS2_ISM_NS9_15default_value_tESO_EENS1_INS2_IS7_NS9_9env_var_tESB_EENS2_IS7_NS9_13description_tESB_EEEEEEEEEEEC2ERKSC_RKSZ_:
        1:  188:    named_parameter_combine( NP const& np, Rest const& r )
        -:  189:    : Rest( r )
        1:  190:    , m_param( np )
        1:  190-block  0
        -:  191:    {
        1:  192:    }
------------------
_ZN5boost3nfp23named_parameter_combineINS0_15named_parameterIKSt16initializer_listISt4pairIKNS_9unit_test13basic_cstringIKcEENS5_13output_formatEEENS_7runtime12_GLOBAL__N_113enum_values_tERSD_EENS1_INS2_IKSA_NSF_16optional_value_tERSJ_EENS1_INS2_ISJ_NSF_15default_value_tESL_EENS1_INS2_IS9_NSF_9env_var_tERS9_EENS2_IS9_NSF_13description_tESQ_EEEEEEEEEC2ERKSI_RKSW_:
        1:  188:    named_parameter_combine( NP const& np, Rest const& r )
        -:  189:    : Rest( r )
        1:  190:    , m_param( np )
        1:  190-block  0
        -:  191:    {
        1:  192:    }
------------------
_ZN5boost3nfp23named_parameter_combineINS0_15named_parameterIKNS_9unit_test13output_formatENS_7runtime12_GLOBAL__N_116optional_value_tERS5_EENS1_INS2_IS5_NS7_15default_value_tES9_EENS1_INS2_IKNS3_13basic_cstringIKcEENS7_9env_var_tERSG_EENS2_ISG_NS7_13description_tESI_EEEEEEEC2ERKSA_RKSN_:
        1:  188:    named_parameter_combine( NP const& np, Rest const& r )
        -:  189:    : Rest( r )
        1:  190:    , m_param( np )
        1:  190-block  0
        -:  191:    {
        1:  192:    }
------------------
_ZN5boost3nfp23named_parameter_combineINS0_15named_parameterIKNS_9unit_test13output_formatENS_7runtime12_GLOBAL__N_115default_value_tERS5_EENS1_INS2_IKNS3_13basic_cstringIKcEENS7_9env_var_tERSE_EENS2_ISE_NS7_13description_tESG_EEEEEC2ERKSA_RKSK_:
        3:  188:    named_parameter_combine( NP const& np, Rest const& r )
        -:  189:    : Rest( r )
        3:  190:    , m_param( np )
        3:  190-block  0
        -:  191:    {
        3:  192:    }
------------------
_ZN5boost3nfp23named_parameter_combineINS0_15named_parameterIKNS_9unit_test13basic_cstringIKcEENS_7runtime12_GLOBAL__N_16help_tERS7_EENS1_INS2_IS7_NS9_12value_hint_tESB_EENS1_INS2_IKlNS9_16optional_value_tERSF_EENS1_INS2_ISF_NS9_15default_value_tESH_EENS1_INS2_IS7_NS9_9env_var_tESB_EENS2_IS7_NS9_13description_tESB_EEEEEEEEEEEC2ERKSC_RKSS_:
        1:  188:    named_parameter_combine( NP const& np, Rest const& r )
        -:  189:    : Rest( r )
        1:  190:    , m_param( np )
        1:  190-block  0
        -:  191:    {
        1:  192:    }
------------------
_ZN5boost3nfp23named_parameter_combineINS0_15named_parameterIKNS_9unit_test13basic_cstringIKcEENS_7runtime12_GLOBAL__N_112value_hint_tERS7_EENS1_INS2_IS7_NS9_9env_var_tESB_EENS2_IS7_NS9_13description_tESB_EEEEEC2ERKSC_RKSH_:
        4:  188:    named_parameter_combine( NP const& np, Rest const& r )
        -:  189:    : Rest( r )
        4:  190:    , m_param( np )
        4:  190-block  0
        -:  191:    {
        4:  192:    }
------------------
_ZN5boost3nfp23named_parameter_combineINS0_15named_parameterIKlNS_7runtime12_GLOBAL__N_116optional_value_tERS3_EENS1_INS2_IS3_NS5_15default_value_tES7_EENS1_INS2_IKNS_9unit_test13basic_cstringIKcEENS5_9env_var_tERSF_EENS2_ISF_NS5_13description_tESH_EEEEEEEC2ERKS8_RKSM_:
        1:  188:    named_parameter_combine( NP const& np, Rest const& r )
        -:  189:    : Rest( r )
        1:  190:    , m_param( np )
        1:  190-block  0
        -:  191:    {
        1:  192:    }
------------------
_ZN5boost3nfp23named_parameter_combineINS0_15named_parameterIKlNS_7runtime12_GLOBAL__N_115default_value_tERS3_EENS1_INS2_IKNS_9unit_test13basic_cstringIKcEENS5_9env_var_tERSD_EENS2_ISD_NS5_13description_tESF_EEEEEC2ERKS8_RKSJ_:
        1:  188:    named_parameter_combine( NP const& np, Rest const& r )
        -:  189:    : Rest( r )
        1:  190:    , m_param( np )
        1:  190-block  0
        -:  191:    {
        1:  192:    }
------------------
_ZN5boost3nfp23named_parameter_combineINS0_15named_parameterIKNS_9unit_test13basic_cstringIKcEENS_7runtime12_GLOBAL__N_16help_tERS7_EENS1_INS2_IKbNS9_15default_value_tERSD_EENS1_INS2_IS7_NS9_9env_var_tESB_EENS2_IS7_NS9_13description_tESB_EEEEEEEC2ERKSC_RKSM_:
        4:  188:    named_parameter_combine( NP const& np, Rest const& r )
        -:  189:    : Rest( r )
        4:  190:    , m_param( np )
        4:  190-block  0
        -:  191:    {
        4:  192:    }
------------------
_ZN5boost3nfp23named_parameter_combineINS0_15named_parameterIKbNS_7runtime12_GLOBAL__N_115default_value_tERS3_EENS1_INS2_IKNS_9unit_test13basic_cstringIKcEENS5_9env_var_tERSD_EENS2_ISD_NS5_13description_tESF_EEEEEC2ERKS8_RKSJ_:
        4:  188:    named_parameter_combine( NP const& np, Rest const& r )
        -:  189:    : Rest( r )
        4:  190:    , m_param( np )
        4:  190-block  0
        -:  191:    {
        4:  192:    }
------------------
_ZN5boost3nfp23named_parameter_combineINS0_15named_parameterIKZNS_9unit_test14runtime_config12_GLOBAL__N_119register_parametersERNS_7runtime16parameters_storeEEUlNS3_13basic_cstringIKcEEE_NS6_12_GLOBAL__N_110callback_tERSD_EENS1_INS2_IKSB_NSE_9env_var_tERSI_EENS2_ISI_NSE_13description_tESK_EEEEEC2ERKSH_RKSO_:
        1:  188:    named_parameter_combine( NP const& np, Rest const& r )
        -:  189:    : Rest( r )
        1:  190:    , m_param( np )
        1:  190-block  0
        -:  191:    {
        1:  192:    }
------------------
_ZN5boost3nfp23named_parameter_combineINS0_15named_parameterIKNS_9unit_test13basic_cstringIKcEENS_7runtime12_GLOBAL__N_16help_tERS7_EENS1_INS2_IS7_NS9_9env_var_tESB_EENS2_IS7_NS9_13description_tESB_EEEEEC2ERKSC_RKSH_:
        7:  188:    named_parameter_combine( NP const& np, Rest const& r )
        -:  189:    : Rest( r )
        7:  190:    , m_param( np )
        7:  190-block  0
        -:  191:    {
        7:  192:    }
------------------
_ZN5boost3nfp23named_parameter_combineINS0_15named_parameterIKNS_9unit_test13basic_cstringIKcEENS_7runtime12_GLOBAL__N_19env_var_tERS7_EENS2_IS7_NS9_13description_tESB_EEEC2ERKSC_RKSE_:
       25:  188:    named_parameter_combine( NP const& np, Rest const& r )
        -:  189:    : Rest( r )
       25:  190:    , m_param( np )
       25:  190-block  0
        -:  191:    {
       25:  192:    }
------------------
_ZN5boost3nfp23named_parameter_combineINS0_15named_parameterIKNS_9unit_test5utils17ti_delimeter_typeENS4_12_GLOBAL__N_117kept_delimeters_tERS6_EENS1_INS2_IPKcNS7_20dropped_delimeters_tESC_EENS2_IbNS7_19keep_empty_tokens_tEbEEEEEC2ERKSA_RKSH_:
        1:  188:    named_parameter_combine( NP const& np, Rest const& r )
        -:  189:    : Rest( r )
        1:  190:    , m_param( np )
        1:  190-block  0
        -:  191:    {
        1:  192:    }
------------------
_ZN5boost3nfp23named_parameter_combineINS0_15named_parameterIPKcNS_9unit_test5utils12_GLOBAL__N_120dropped_delimeters_tES4_EENS2_IbNS7_19keep_empty_tokens_tEbEEEC2ERKS9_RKSB_:
        1:  188:    named_parameter_combine( NP const& np, Rest const& r )
        -:  189:    : Rest( r )
        1:  190:    , m_param( np )
        1:  190-block  0
        -:  191:    {
        1:  192:    }
------------------
_ZN5boost3nfp23named_parameter_combineINS0_15named_parameterIKNS_9unit_test5utils17ti_delimeter_typeENS4_12_GLOBAL__N_117kept_delimeters_tERS6_EENS2_IPKcNS7_20dropped_delimeters_tESC_EEEC2ERKSA_RKSE_:
        4:  188:    named_parameter_combine( NP const& np, Rest const& r )
        -:  189:    : Rest( r )
        4:  190:    , m_param( np )
        4:  190-block  0
        -:  191:    {
        4:  192:    }
------------------
_ZN5boost3nfp23named_parameter_combineINS0_15named_parameterIKNSt7__cxx1112basic_stringIcSt11char_traitsIcESaIcEEENS_7runtime12_GLOBAL__N_115default_value_tERS9_EENS1_INS2_IKNS_9unit_test13basic_cstringIKcEENSB_9env_var_tERSJ_EENS2_ISJ_NSB_13description_tESL_EEEEEC2ERKSE_RKSP_:
        1:  188:    named_parameter_combine( NP const& np, Rest const& r )
        -:  189:    : Rest( r )
        1:  190:    , m_param( np )
        1:  190-block  0
        -:  191:    {
        1:  192:    }
------------------
_ZN5boost3nfp23named_parameter_combineINS0_15named_parameterIKbNS_7runtime12_GLOBAL__N_116optional_value_tERS3_EENS2_IKNS_9unit_test13basic_cstringIKcEENS5_13description_tERSD_EEEC2ERKS8_RKSG_:
        4:  188:    named_parameter_combine( NP const& np, Rest const& r )
        -:  189:    : Rest( r )
        4:  190:    , m_param( np )
        4:  190-block  0
        -:  191:    {
        4:  192:    }
------------------
_ZN5boost3nfp23named_parameter_combineINS0_15named_parameterIKbNS_7runtime12_GLOBAL__N_116optional_value_tERS3_EENS1_INS2_IKNS_9unit_test13basic_cstringIKcEENS5_6help_tERSD_EENS1_INS2_IS3_NS5_15default_value_tES7_EENS1_INS2_ISD_NS5_9env_var_tESF_EENS2_ISD_NS5_13description_tESF_EEEEEEEEEC2ERKS8_RKSP_:
        8:  188:    named_parameter_combine( NP const& np, Rest const& r )
        -:  189:    : Rest( r )
        8:  190:    , m_param( np )
        8:  190-block  0
        -:  191:    {
        8:  192:    }
------------------
_ZN5boost3nfp23named_parameter_combineINS0_15named_parameterIKbNS_7runtime12_GLOBAL__N_115default_value_tERS3_EENS1_INS2_IS3_NS5_16optional_value_tES7_EENS1_INS2_IKNS_9unit_test13basic_cstringIKcEENS5_6help_tERSF_EENS1_INS2_ISF_NS5_9env_var_tESH_EENS2_ISF_NS5_13description_tESH_EEEEEEEEEC2ERKS8_RKSP_:
       14:  188:    named_parameter_combine( NP const& np, Rest const& r )
        -:  189:    : Rest( r )
       14:  190:    , m_param( np )
       14:  190-block  0
        -:  191:    {
       14:  192:    }
------------------
_ZN5boost3nfp23named_parameter_combineINS0_15named_parameterIKbNS_7runtime12_GLOBAL__N_116optional_value_tERS3_EENS1_INS2_IKNS_9unit_test13basic_cstringIKcEENS5_6help_tERSD_EENS1_INS2_ISD_NS5_9env_var_tESF_EENS2_ISD_NS5_13description_tESF_EEEEEEEC2ERKS8_RKSM_:
       14:  188:    named_parameter_combine( NP const& np, Rest const& r )
        -:  189:    : Rest( r )
       14:  190:    , m_param( np )
       14:  190-block  0
        -:  191:    {
       14:  192:    }
------------------
_ZN5boost3nfp23named_parameter_combineINS0_15named_parameterIKNS_9unit_test13basic_cstringIKcEENS_7runtime12_GLOBAL__N_112neg_prefix_tERS7_EENS2_IS7_NS9_15end_of_params_tESB_EEEC2ERKSC_RKSE_:
        1:  188:    named_parameter_combine( NP const& np, Rest const& r )
        -:  189:    : Rest( r )
        1:  190:    , m_param( np )
        1:  190-block  0
        -:  191:    {
        1:  192:    }
------------------
_ZN5boost3nfp23named_parameter_combineINS0_15named_parameterIKNS_9unit_test13basic_cstringIKcEENS_7runtime12_GLOBAL__N_16help_tERS7_EENS1_INS2_IS7_NS9_12value_hint_tESB_EENS1_INS2_IKNSt7__cxx1112basic_stringIcSt11char_traitsIcESaIcEEENS9_16optional_value_tERSL_EENS2_IS7_NS9_13description_tESB_EEEEEEEC2ERKSC_RKSS_:
        1:  188:    named_parameter_combine( NP const& np, Rest const& r )
        -:  189:    : Rest( r )
        1:  190:    , m_param( np )
        1:  190-block  0
        -:  191:    {
        1:  192:    }
------------------
_ZN5boost3nfp23named_parameter_combineINS0_15named_parameterIKNS_9unit_test13basic_cstringIKcEENS_7runtime12_GLOBAL__N_112value_hint_tERS7_EENS1_INS2_IKNSt7__cxx1112basic_stringIcSt11char_traitsIcESaIcEEENS9_16optional_value_tERSJ_EENS2_IS7_NS9_13description_tESB_EEEEEC2ERKSC_RKSP_:
        1:  188:    named_parameter_combine( NP const& np, Rest const& r )
        -:  189:    : Rest( r )
        1:  190:    , m_param( np )
        1:  190-block  0
        -:  191:    {
        1:  192:    }
------------------
_ZN5boost3nfp23named_parameter_combineINS0_15named_parameterIKNSt7__cxx1112basic_stringIcSt11char_traitsIcESaIcEEENS_7runtime12_GLOBAL__N_116optional_value_tERS9_EENS2_IKNS_9unit_test13basic_cstringIKcEENSB_13description_tERSJ_EEEC2ERKSE_RKSM_:
        1:  188:    named_parameter_combine( NP const& np, Rest const& r )
        -:  189:    : Rest( r )
        1:  190:    , m_param( np )
        1:  190-block  0
        -:  191:    {
        1:  192:    }
------------------
_ZN5boost3nfp23named_parameter_combineINS0_15named_parameterIKNS_9unit_test13basic_cstringIKcEENS_7runtime12_GLOBAL__N_16help_tERS7_EENS1_INS2_IS7_NS9_12value_hint_tESB_EENS1_INS2_IKNSt7__cxx1112basic_stringIcSt11char_traitsIcESaIcEEENS9_15default_value_tERSL_EENS1_INS2_IS7_NS9_9env_var_tESB_EENS2_IS7_NS9_13description_tESB_EEEEEEEEEC2ERKSC_RKSV_:
        1:  188:    named_parameter_combine( NP const& np, Rest const& r )
        -:  189:    : Rest( r )
        1:  190:    , m_param( np )
        1:  190-block  0
        -:  191:    {
        1:  192:    }
------------------
_ZN5boost3nfp23named_parameter_combineINS0_15named_parameterIKNS_9unit_test13basic_cstringIKcEENS_7runtime12_GLOBAL__N_112value_hint_tERS7_EENS1_INS2_IKNSt7__cxx1112basic_stringIcSt11char_traitsIcESaIcEEENS9_15default_value_tERSJ_EENS1_INS2_IS7_NS9_9env_var_tESB_EENS2_IS7_NS9_13description_tESB_EEEEEEEC2ERKSC_RKSS_:
        1:  188:    named_parameter_combine( NP const& np, Rest const& r )
        -:  189:    : Rest( r )
        1:  190:    , m_param( np )
        1:  190-block  0
        -:  191:    {
        1:  192:    }
------------------
_ZN5boost3nfp23named_parameter_combineINS0_15named_parameterIKbNS_7runtime12_GLOBAL__N_115default_value_tERS3_EENS1_INS2_IS3_NS5_16optional_value_tES7_EENS2_IKNS_9unit_test13basic_cstringIKcEENS5_13description_tERSF_EEEEEC2ERKS8_RKSJ_:
        4:  188:    named_parameter_combine( NP const& np, Rest const& r )
        -:  189:    : Rest( r )
        4:  190:    , m_param( np )
        4:  190-block  0
        -:  191:    {
        4:  192:    }
------------------
_ZN5boost3nfp23named_parameter_combineINS0_15named_parameterIKNS_9unit_test13basic_cstringIKcEENS_7runtime12_GLOBAL__N_16help_tERS7_EENS1_INS2_IKSt16initializer_listISt4pairIS7_NS3_12report_levelEEENS9_13enum_values_tERSI_EENS1_INS2_IKSF_NS9_15default_value_tERSM_EENS1_INS2_IS7_NS9_9env_var_tESB_EENS2_IS7_NS9_13description_tESB_EEEEEEEEEC2ERKSC_RKSW_:
        1:  188:    named_parameter_combine( NP const& np, Rest const& r )
        -:  189:    : Rest( r )
        1:  190:    , m_param( np )
        1:  190-block  0
        -:  191:    {
        1:  192:    }
------------------
_ZN5boost3nfp23named_parameter_combineINS0_15named_parameterIKSt16initializer_listISt4pairIKNS_9unit_test13basic_cstringIKcEENS5_12report_levelEEENS_7runtime12_GLOBAL__N_113enum_values_tERSD_EENS1_INS2_IKSA_NSF_15default_value_tERSJ_EENS1_INS2_IS9_NSF_9env_var_tERS9_EENS2_IS9_NSF_13description_tESO_EEEEEEEC2ERKSI_RKST_:
        1:  188:    named_parameter_combine( NP const& np, Rest const& r )
        -:  189:    : Rest( r )
        1:  190:    , m_param( np )
        1:  190-block  0
        -:  191:    {
        1:  192:    }
------------------
_ZN5boost3nfp23named_parameter_combineINS0_15named_parameterIKNS_9unit_test12report_levelENS_7runtime12_GLOBAL__N_115default_value_tERS5_EENS1_INS2_IKNS3_13basic_cstringIKcEENS7_9env_var_tERSE_EENS2_ISE_NS7_13description_tESG_EEEEEC2ERKSA_RKSK_:
        1:  188:    named_parameter_combine( NP const& np, Rest const& r )
        -:  189:    : Rest( r )
        1:  190:    , m_param( np )
        1:  190-block  0
        -:  191:    {
        1:  192:    }
------------------
_ZN5boost3nfp23named_parameter_combineINS0_15named_parameterIKNS_9unit_test13basic_cstringIKcEENS_7runtime12_GLOBAL__N_16help_tERS7_EENS1_INS2_IS7_NS9_12value_hint_tESB_EENS1_INS2_IKjNS9_16optional_value_tERSF_EENS1_INS2_ISF_NS9_15default_value_tESH_EENS1_INS2_IS7_NS9_9env_var_tESB_EENS2_IS7_NS9_13description_tESB_EEEEEEEEEEEC2ERKSC_RKSS_:
        1:  188:    named_parameter_combine( NP const& np, Rest const& r )
        -:  189:    : Rest( r )
        1:  190:    , m_param( np )
        1:  190-block  0
        -:  191:    {
        1:  192:    }
------------------
_ZN5boost3nfp23named_parameter_combineINS0_15named_parameterIKNS_9unit_test13basic_cstringIKcEENS_7runtime12_GLOBAL__N_112value_hint_tERS7_EENS1_INS2_IKjNS9_16optional_value_tERSD_EENS1_INS2_ISD_NS9_15default_value_tESF_EENS1_INS2_IS7_NS9_9env_var_tESB_EENS2_IS7_NS9_13description_tESB_EEEEEEEEEC2ERKSC_RKSP_:
        1:  188:    named_parameter_combine( NP const& np, Rest const& r )
        -:  189:    : Rest( r )
        1:  190:    , m_param( np )
        1:  190-block  0
        -:  191:    {
        1:  192:    }
------------------
_ZN5boost3nfp23named_parameter_combineINS0_15named_parameterIKjNS_7runtime12_GLOBAL__N_116optional_value_tERS3_EENS1_INS2_IS3_NS5_15default_value_tES7_EENS1_INS2_IKNS_9unit_test13basic_cstringIKcEENS5_9env_var_tERSF_EENS2_ISF_NS5_13description_tESH_EEEEEEEC2ERKS8_RKSM_:
        1:  188:    named_parameter_combine( NP const& np, Rest const& r )
        -:  189:    : Rest( r )
        1:  190:    , m_param( np )
        1:  190-block  0
        -:  191:    {
        1:  192:    }
------------------
_ZN5boost3nfp23named_parameter_combineINS0_15named_parameterIKjNS_7runtime12_GLOBAL__N_115default_value_tERS3_EENS1_INS2_IKNS_9unit_test13basic_cstringIKcEENS5_9env_var_tERSD_EENS2_ISD_NS5_13description_tESF_EEEEEC2ERKS8_RKSJ_:
        1:  188:    named_parameter_combine( NP const& np, Rest const& r )
        -:  189:    : Rest( r )
        1:  190:    , m_param( np )
        1:  190-block  0
        -:  191:    {
        1:  192:    }
------------------
_ZN5boost3nfp23named_parameter_combineINS0_15named_parameterIKNS_9unit_test13basic_cstringIKcEENS_7runtime12_GLOBAL__N_16help_tERS7_EENS1_INS2_IKSt16initializer_listISt4pairIS7_NS3_13output_formatEEENS9_13enum_values_tERSI_EENS1_INS2_IS7_NS9_9env_var_tESB_EENS2_IS7_NS9_13description_tESB_EEEEEEEC2ERKSC_RKSR_:
        1:  188:    named_parameter_combine( NP const& np, Rest const& r )
        -:  189:    : Rest( r )
        1:  190:    , m_param( np )
        1:  190-block  0
        -:  191:    {
        1:  192:    }
------------------
_ZN5boost3nfp23named_parameter_combineINS0_15named_parameterIKSt16initializer_listISt4pairIKNS_9unit_test13basic_cstringIKcEENS5_13output_formatEEENS_7runtime12_GLOBAL__N_113enum_values_tERSD_EENS1_INS2_IS9_NSF_9env_var_tERS9_EENS2_IS9_NSF_13description_tESK_EEEEEC2ERKSI_RKSO_:
        1:  188:    named_parameter_combine( NP const& np, Rest const& r )
        -:  189:    : Rest( r )
        1:  190:    , m_param( np )
        1:  190-block  0
        -:  191:    {
        1:  192:    }
------------------
_ZN5boost3nfp23named_parameter_combineINS0_15named_parameterIKNS_9unit_test13basic_cstringIKcEENS_7runtime12_GLOBAL__N_16help_tERS7_EENS1_INS2_IS7_NS9_12value_hint_tESB_EENS1_INS2_IS7_NS9_9env_var_tESB_EENS2_IS7_NS9_13description_tESB_EEEEEEEC2ERKSC_RKSK_:
        4:  188:    named_parameter_combine( NP const& np, Rest const& r )
        -:  189:    : Rest( r )
        4:  190:    , m_param( np )
        4:  190-block  0
        -:  191:    {
        4:  192:    }
------------------
        -:  193:
        -:  194:    // Access methods
        -:  195:    res_type    operator[]( keyword<typename NP::id,true> kw ) const    { return m_param[kw]; }
      116:  196:    res_type    operator[]( keyword<typename NP::id,false> kw ) const   { return m_param[kw]; }
------------------
_ZNK5boost3nfp23named_parameter_combineINS0_15named_parameterIKNS_9unit_test13basic_cstringIKcEENS_7runtime12_GLOBAL__N_19env_var_tERS7_EENS2_IS7_NS9_13description_tESB_EEEixENS0_7keywordISA_Lb0EEE:
       25:  196:    res_type    operator[]( keyword<typename NP::id,false> kw ) const   { return m_param[kw]; }
       25:  196-block  0
------------------
_ZNK5boost3nfp23named_parameter_combineINS0_15named_parameterIKlNS_7runtime12_GLOBAL__N_115default_value_tERS3_EENS1_INS2_IKNS_9unit_test13basic_cstringIKcEENS5_9env_var_tERSD_EENS2_ISD_NS5_13description_tESF_EEEEEixENS0_7keywordIS6_Lb0EEE:
        1:  196:    res_type    operator[]( keyword<typename NP::id,false> kw ) const   { return m_param[kw]; }
        1:  196-block  0
------------------
_ZNK5boost3nfp23named_parameter_combineINS0_15named_parameterIKlNS_7runtime12_GLOBAL__N_116optional_value_tERS3_EENS1_INS2_IS3_NS5_15default_value_tES7_EENS1_INS2_IKNS_9unit_test13basic_cstringIKcEENS5_9env_var_tERSF_EENS2_ISF_NS5_13description_tESH_EEEEEEEixENS0_7keywordIS6_Lb0EEE:
        1:  196:    res_type    operator[]( keyword<typename NP::id,false> kw ) const   { return m_param[kw]; }
        1:  196-block  0
------------------
_ZNK5boost3nfp23named_parameter_combineINS0_15named_parameterIKNS_9unit_test13basic_cstringIKcEENS_7runtime12_GLOBAL__N_112value_hint_tERS7_EENS1_INS2_IKlNS9_16optional_value_tERSD_EENS1_INS2_ISD_NS9_15default_value_tESF_EENS1_INS2_IS7_NS9_9env_var_tESB_EENS2_IS7_NS9_13description_tESB_EEEEEEEEEixENS0_7keywordISA_Lb0EEE:
        1:  196:    res_type    operator[]( keyword<typename NP::id,false> kw ) const   { return m_param[kw]; }
        1:  196-block  0
------------------
_ZNK5boost3nfp23named_parameter_combineINS0_15named_parameterIKNS_9unit_test13basic_cstringIKcEENS_7runtime12_GLOBAL__N_16help_tERS7_EENS1_INS2_IS7_NS9_12value_hint_tESB_EENS1_INS2_IKlNS9_16optional_value_tERSF_EENS1_INS2_ISF_NS9_15default_value_tESH_EENS1_INS2_IS7_NS9_9env_var_tESB_EENS2_IS7_NS9_13description_tESB_EEEEEEEEEEEixENS0_7keywordISA_Lb0EEE:
        1:  196:    res_type    operator[]( keyword<typename NP::id,false> kw ) const   { return m_param[kw]; }
        1:  196-block  0
------------------
_ZNK5boost3nfp23named_parameter_combineINS0_15named_parameterIKbNS_7runtime12_GLOBAL__N_115default_value_tERS3_EENS1_INS2_IKNS_9unit_test13basic_cstringIKcEENS5_9env_var_tERSD_EENS2_ISD_NS5_13description_tESF_EEEEEixENS0_7keywordIS6_Lb0EEE:
        4:  196:    res_type    operator[]( keyword<typename NP::id,false> kw ) const   { return m_param[kw]; }
        4:  196-block  0
------------------
_ZNK5boost3nfp23named_parameter_combineINS0_15named_parameterIKbNS_7runtime12_GLOBAL__N_116optional_value_tERS3_EENS1_INS2_IKNS_9unit_test13basic_cstringIKcEENS5_6help_tERSD_EENS1_INS2_IS3_NS5_15default_value_tES7_EENS1_INS2_ISD_NS5_9env_var_tESF_EENS2_ISD_NS5_13description_tESF_EEEEEEEEEixENS0_7keywordIS6_Lb0EEE:
        4:  196:    res_type    operator[]( keyword<typename NP::id,false> kw ) const   { return m_param[kw]; }
        4:  196-block  0
------------------
_ZNK5boost3nfp23named_parameter_combineINS0_15named_parameterIKNS_9unit_test13basic_cstringIKcEENS_7runtime12_GLOBAL__N_16help_tERS7_EENS1_INS2_IKbNS9_15default_value_tERSD_EENS1_INS2_IS7_NS9_9env_var_tESB_EENS2_IS7_NS9_13description_tESB_EEEEEEEixENS0_7keywordISA_Lb0EEE:
        4:  196:    res_type    operator[]( keyword<typename NP::id,false> kw ) const   { return m_param[kw]; }
        4:  196-block  0
------------------
_ZNK5boost3nfp23named_parameter_combineINS0_15named_parameterIKZNS_9unit_test14runtime_config12_GLOBAL__N_119register_parametersERNS_7runtime16parameters_storeEEUlNS3_13basic_cstringIKcEEE_NS6_12_GLOBAL__N_110callback_tERSD_EENS1_INS2_IKSB_NSE_9env_var_tERSI_EENS2_ISI_NSE_13description_tESK_EEEEEixENS0_7keywordISF_Lb0EEE:
        1:  196:    res_type    operator[]( keyword<typename NP::id,false> kw ) const   { return m_param[kw]; }
        1:  196-block  0
------------------
_ZNK5boost3nfp23named_parameter_combineINS0_15named_parameterIKbNS_7runtime12_GLOBAL__N_115default_value_tERS3_EENS1_INS2_IS3_NS5_16optional_value_tES7_EENS1_INS2_IKNS_9unit_test13basic_cstringIKcEENS5_6help_tERSF_EENS1_INS2_ISF_NS5_9env_var_tESH_EENS2_ISF_NS5_13description_tESH_EEEEEEEEEixENS0_7keywordIS6_Lb0EEE:
        7:  196:    res_type    operator[]( keyword<typename NP::id,false> kw ) const   { return m_param[kw]; }
        7:  196-block  0
------------------
_ZNK5boost3nfp23named_parameter_combineINS0_15named_parameterIKbNS_7runtime12_GLOBAL__N_116optional_value_tERS3_EENS1_INS2_IKNS_9unit_test13basic_cstringIKcEENS5_6help_tERSD_EENS1_INS2_ISD_NS5_9env_var_tESF_EENS2_ISD_NS5_13description_tESF_EEEEEEEixENS0_7keywordIS6_Lb0EEE:
        7:  196:    res_type    operator[]( keyword<typename NP::id,false> kw ) const   { return m_param[kw]; }
        7:  196-block  0
------------------
_ZNK5boost3nfp23named_parameter_combineINS0_15named_parameterIKNS_9unit_test13basic_cstringIKcEENS_7runtime12_GLOBAL__N_16help_tERS7_EENS1_INS2_IS7_NS9_12value_hint_tESB_EENS1_INS2_IS7_NS9_9env_var_tESB_EENS2_IS7_NS9_13description_tESB_EEEEEEEixENS0_7keywordISA_Lb0EEE:
        4:  196:    res_type    operator[]( keyword<typename NP::id,false> kw ) const   { return m_param[kw]; }
        4:  196-block  0
------------------
_ZNK5boost3nfp23named_parameter_combineINS0_15named_parameterIKNS_9unit_test13basic_cstringIKcEENS_7runtime12_GLOBAL__N_16help_tERS7_EENS1_INS2_IS7_NS9_9env_var_tESB_EENS2_IS7_NS9_13description_tESB_EEEEEixENS0_7keywordISA_Lb0EEE:
        7:  196:    res_type    operator[]( keyword<typename NP::id,false> kw ) const   { return m_param[kw]; }
        7:  196-block  0
------------------
_ZNK5boost3nfp23named_parameter_combineINS0_15named_parameterIKNS_9unit_test13basic_cstringIKcEENS_7runtime12_GLOBAL__N_112neg_prefix_tERS7_EENS2_IS7_NS9_15end_of_params_tESB_EEEixENS0_7keywordISA_Lb0EEE:
        1:  196:    res_type    operator[]( keyword<typename NP::id,false> kw ) const   { return m_param[kw]; }
        1:  196-block  0
------------------
_ZNK5boost3nfp23named_parameter_combineINS0_15named_parameterIKNS_9unit_test5utils17ti_delimeter_typeENS4_12_GLOBAL__N_117kept_delimeters_tERS6_EENS1_INS2_IPKcNS7_20dropped_delimeters_tESC_EENS2_IbNS7_19keep_empty_tokens_tEbEEEEEixENS0_7keywordIS8_Lb0EEE:
        1:  196:    res_type    operator[]( keyword<typename NP::id,false> kw ) const   { return m_param[kw]; }
        1:  196-block  0
------------------
_ZNK5boost3nfp23named_parameter_combineINS0_15named_parameterIPKcNS_9unit_test5utils12_GLOBAL__N_120dropped_delimeters_tES4_EENS2_IbNS7_19keep_empty_tokens_tEbEEEixENS0_7keywordIS8_Lb0EEE:
        1:  196:    res_type    operator[]( keyword<typename NP::id,false> kw ) const   { return m_param[kw]; }
        1:  196-block  0
------------------
_ZNK5boost3nfp23named_parameter_combineINS0_15named_parameterIKNS_9unit_test5utils17ti_delimeter_typeENS4_12_GLOBAL__N_117kept_delimeters_tERS6_EENS2_IPKcNS7_20dropped_delimeters_tESC_EEEixENS0_7keywordIS8_Lb0EEE:
        4:  196:    res_type    operator[]( keyword<typename NP::id,false> kw ) const   { return m_param[kw]; }
        4:  196-block  0
------------------
_ZNK5boost3nfp23named_parameter_combineINS0_15named_parameterIKSt16initializer_listISt4pairIKNS_9unit_test13basic_cstringIKcEENS5_12report_levelEEENS_7runtime12_GLOBAL__N_113enum_values_tERSD_EENS1_INS2_IKSA_NSF_15default_value_tERSJ_EENS1_INS2_IS9_NSF_9env_var_tERS9_EENS2_IS9_NSF_13description_tESO_EEEEEEEixENS0_7keywordISG_Lb0EEE:
        2:  196:    res_type    operator[]( keyword<typename NP::id,false> kw ) const   { return m_param[kw]; }
        2:  196-block  0
------------------
_ZNK5boost3nfp23named_parameter_combineINS0_15named_parameterIKSt16initializer_listISt4pairIKNS_9unit_test13basic_cstringIKcEENS5_13output_formatEEENS_7runtime12_GLOBAL__N_113enum_values_tERSD_EENS1_INS2_IS9_NSF_9env_var_tERS9_EENS2_IS9_NSF_13description_tESK_EEEEEixENS0_7keywordISG_Lb0EEE:
        2:  196:    res_type    operator[]( keyword<typename NP::id,false> kw ) const   { return m_param[kw]; }
        2:  196-block  0
------------------
_ZNK5boost3nfp23named_parameter_combineINS0_15named_parameterIKSt16initializer_listISt4pairIKNS_9unit_test13basic_cstringIKcEENS5_9log_levelEEENS_7runtime12_GLOBAL__N_113enum_values_tERSD_EENS1_INS2_IKSA_NSF_15default_value_tERSJ_EENS1_INS2_IS9_NSF_9env_var_tERS9_EENS2_IS9_NSF_13description_tESO_EEEEEEEixENS0_7keywordISG_Lb0EEE:
        2:  196:    res_type    operator[]( keyword<typename NP::id,false> kw ) const   { return m_param[kw]; }
        2:  196-block  0
------------------
_ZNK5boost3nfp23named_parameter_combineINS0_15named_parameterIKSt16initializer_listISt4pairIKNS_9unit_test13basic_cstringIKcEENS5_13output_formatEEENS_7runtime12_GLOBAL__N_113enum_values_tERSD_EENS1_INS2_IKSA_NSF_15default_value_tERSJ_EENS1_INS2_IS9_NSF_9env_var_tERS9_EENS2_IS9_NSF_13description_tESO_EEEEEEEixENS0_7keywordISG_Lb0EEE:
        4:  196:    res_type    operator[]( keyword<typename NP::id,false> kw ) const   { return m_param[kw]; }
        4:  196-block  0
------------------
_ZNK5boost3nfp23named_parameter_combineINS0_15named_parameterIKSt16initializer_listISt4pairIKNS_9unit_test13basic_cstringIKcEENS5_13output_formatEEENS_7runtime12_GLOBAL__N_113enum_values_tERSD_EENS1_INS2_IKSA_NSF_16optional_value_tERSJ_EENS1_INS2_ISJ_NSF_15default_value_tESL_EENS1_INS2_IS9_NSF_9env_var_tERS9_EENS2_IS9_NSF_13description_tESQ_EEEEEEEEEixENS0_7keywordISG_Lb0EEE:
        2:  196:    res_type    operator[]( keyword<typename NP::id,false> kw ) const   { return m_param[kw]; }
        2:  196-block  0
------------------
_ZNK5boost3nfp23named_parameter_combineINS0_15named_parameterIKNSt7__cxx1112basic_stringIcSt11char_traitsIcESaIcEEENS_7runtime12_GLOBAL__N_116optional_value_tERS9_EENS2_IKNS_9unit_test13basic_cstringIKcEENSB_13description_tERSJ_EEEixENS0_7keywordISC_Lb0EEE:
        1:  196:    res_type    operator[]( keyword<typename NP::id,false> kw ) const   { return m_param[kw]; }
        1:  196-block  0
------------------
_ZNK5boost3nfp23named_parameter_combineINS0_15named_parameterIKNS_9unit_test13basic_cstringIKcEENS_7runtime12_GLOBAL__N_16help_tERS7_EENS1_INS2_IKSt16initializer_listISt4pairIS7_NS3_12report_levelEEENS9_13enum_values_tERSI_EENS1_INS2_IKSF_NS9_15default_value_tERSM_EENS1_INS2_IS7_NS9_9env_var_tESB_EENS2_IS7_NS9_13description_tESB_EEEEEEEEEixENS0_7keywordISA_Lb0EEE:
        1:  196:    res_type    operator[]( keyword<typename NP::id,false> kw ) const   { return m_param[kw]; }
        1:  196-block  0
------------------
_ZNK5boost3nfp23named_parameter_combineINS0_15named_parameterIKNS_9unit_test13basic_cstringIKcEENS_7runtime12_GLOBAL__N_16help_tERS7_EENS1_INS2_IKSt16initializer_listISt4pairIS7_NS3_13output_formatEEENS9_13enum_values_tERSI_EENS1_INS2_IS7_NS9_9env_var_tESB_EENS2_IS7_NS9_13description_tESB_EEEEEEEixENS0_7keywordISA_Lb0EEE:
        1:  196:    res_type    operator[]( keyword<typename NP::id,false> kw ) const   { return m_param[kw]; }
        1:  196-block  0
------------------
_ZNK5boost3nfp23named_parameter_combineINS0_15named_parameterIKNS_9unit_test9log_levelENS_7runtime12_GLOBAL__N_115default_value_tERS5_EENS1_INS2_IKNS3_13basic_cstringIKcEENS7_9env_var_tERSE_EENS2_ISE_NS7_13description_tESG_EEEEEixENS0_7keywordIS8_Lb0EEE:
        1:  196:    res_type    operator[]( keyword<typename NP::id,false> kw ) const   { return m_param[kw]; }
        1:  196-block  0
------------------
_ZNK5boost3nfp23named_parameter_combineINS0_15named_parameterIKNS_9unit_test13basic_cstringIKcEENS_7runtime12_GLOBAL__N_16help_tERS7_EENS1_INS2_IKSt16initializer_listISt4pairIS7_NS3_9log_levelEEENS9_13enum_values_tERSI_EENS1_INS2_IKSF_NS9_15default_value_tERSM_EENS1_INS2_IS7_NS9_9env_var_tESB_EENS2_IS7_NS9_13description_tESB_EEEEEEEEEixENS0_7keywordISA_Lb0EEE:
        1:  196:    res_type    operator[]( keyword<typename NP::id,false> kw ) const   { return m_param[kw]; }
        1:  196-block  0
------------------
_ZNK5boost3nfp23named_parameter_combineINS0_15named_parameterIKNS_9unit_test13basic_cstringIKcEENS_7runtime12_GLOBAL__N_16help_tERS7_EENS1_INS2_IKSt16initializer_listISt4pairIS7_NS3_13output_formatEEENS9_13enum_values_tERSI_EENS1_INS2_IKSF_NS9_15default_value_tERSM_EENS1_INS2_IS7_NS9_9env_var_tESB_EENS2_IS7_NS9_13description_tESB_EEEEEEEEEixENS0_7keywordISA_Lb0EEE:
        2:  196:    res_type    operator[]( keyword<typename NP::id,false> kw ) const   { return m_param[kw]; }
        2:  196-block  0
------------------
_ZNK5boost3nfp23named_parameter_combineINS0_15named_parameterIKNS_9unit_test13output_formatENS_7runtime12_GLOBAL__N_115default_value_tERS5_EENS1_INS2_IKNS3_13basic_cstringIKcEENS7_9env_var_tERSE_EENS2_ISE_NS7_13description_tESG_EEEEEixENS0_7keywordIS8_Lb0EEE:
        3:  196:    res_type    operator[]( keyword<typename NP::id,false> kw ) const   { return m_param[kw]; }
        3:  196-block  0
------------------
_ZNK5boost3nfp23named_parameter_combineINS0_15named_parameterIKNS_9unit_test13output_formatENS_7runtime12_GLOBAL__N_116optional_value_tERS5_EENS1_INS2_IS5_NS7_15default_value_tES9_EENS1_INS2_IKNS3_13basic_cstringIKcEENS7_9env_var_tERSG_EENS2_ISG_NS7_13description_tESI_EEEEEEEixENS0_7keywordIS8_Lb0EEE:
        1:  196:    res_type    operator[]( keyword<typename NP::id,false> kw ) const   { return m_param[kw]; }
        1:  196-block  0
------------------
_ZNK5boost3nfp23named_parameter_combineINS0_15named_parameterIKNS_9unit_test13basic_cstringIKcEENS_7runtime12_GLOBAL__N_16help_tERS7_EENS1_INS2_IKSt16initializer_listISt4pairIS7_NS3_13output_formatEEENS9_13enum_values_tERSI_EENS1_INS2_IKSF_NS9_16optional_value_tERSM_EENS1_INS2_ISM_NS9_15default_value_tESO_EENS1_INS2_IS7_NS9_9env_var_tESB_EENS2_IS7_NS9_13description_tESB_EEEEEEEEEEEixENS0_7keywordISA_Lb0EEE:
        1:  196:    res_type    operator[]( keyword<typename NP::id,false> kw ) const   { return m_param[kw]; }
        1:  196-block  0
------------------
_ZNK5boost3nfp23named_parameter_combineINS0_15named_parameterIKbNS_7runtime12_GLOBAL__N_115default_value_tERS3_EENS1_INS2_IS3_NS5_16optional_value_tES7_EENS2_IKNS_9unit_test13basic_cstringIKcEENS5_13description_tERSF_EEEEEixENS0_7keywordIS6_Lb0EEE:
        2:  196:    res_type    operator[]( keyword<typename NP::id,false> kw ) const   { return m_param[kw]; }
        2:  196-block  0
------------------
_ZNK5boost3nfp23named_parameter_combineINS0_15named_parameterIKbNS_7runtime12_GLOBAL__N_116optional_value_tERS3_EENS2_IKNS_9unit_test13basic_cstringIKcEENS5_13description_tERSD_EEEixENS0_7keywordIS6_Lb0EEE:
        2:  196:    res_type    operator[]( keyword<typename NP::id,false> kw ) const   { return m_param[kw]; }
        2:  196-block  0
------------------
_ZNK5boost3nfp23named_parameter_combineINS0_15named_parameterIKNS_9unit_test12report_levelENS_7runtime12_GLOBAL__N_115default_value_tERS5_EENS1_INS2_IKNS3_13basic_cstringIKcEENS7_9env_var_tERSE_EENS2_ISE_NS7_13description_tESG_EEEEEixENS0_7keywordIS8_Lb0EEE:
        1:  196:    res_type    operator[]( keyword<typename NP::id,false> kw ) const   { return m_param[kw]; }
        1:  196-block  0
------------------
_ZNK5boost3nfp23named_parameter_combineINS0_15named_parameterIKNS_9unit_test13basic_cstringIKcEENS_7runtime12_GLOBAL__N_112value_hint_tERS7_EENS1_INS2_IKNSt7__cxx1112basic_stringIcSt11char_traitsIcESaIcEEENS9_16optional_value_tERSJ_EENS2_IS7_NS9_13description_tESB_EEEEEixENS0_7keywordISA_Lb0EEE:
        1:  196:    res_type    operator[]( keyword<typename NP::id,false> kw ) const   { return m_param[kw]; }
        1:  196-block  0
------------------
_ZNK5boost3nfp23named_parameter_combineINS0_15named_parameterIKNS_9unit_test13basic_cstringIKcEENS_7runtime12_GLOBAL__N_16help_tERS7_EENS1_INS2_IS7_NS9_12value_hint_tESB_EENS1_INS2_IKNSt7__cxx1112basic_stringIcSt11char_traitsIcESaIcEEENS9_16optional_value_tERSL_EENS2_IS7_NS9_13description_tESB_EEEEEEEixENS0_7keywordISA_Lb0EEE:
        1:  196:    res_type    operator[]( keyword<typename NP::id,false> kw ) const   { return m_param[kw]; }
        1:  196-block  0
------------------
_ZNK5boost3nfp23named_parameter_combineINS0_15named_parameterIKNSt7__cxx1112basic_stringIcSt11char_traitsIcESaIcEEENS_7runtime12_GLOBAL__N_115default_value_tERS9_EENS1_INS2_IKNS_9unit_test13basic_cstringIKcEENSB_9env_var_tERSJ_EENS2_ISJ_NSB_13description_tESL_EEEEEixENS0_7keywordISC_Lb0EEE:
        1:  196:    res_type    operator[]( keyword<typename NP::id,false> kw ) const   { return m_param[kw]; }
        1:  196-block  0
------------------
_ZNK5boost3nfp23named_parameter_combineINS0_15named_parameterIKNS_9unit_test13basic_cstringIKcEENS_7runtime12_GLOBAL__N_112value_hint_tERS7_EENS1_INS2_IKNSt7__cxx1112basic_stringIcSt11char_traitsIcESaIcEEENS9_15default_value_tERSJ_EENS1_INS2_IS7_NS9_9env_var_tESB_EENS2_IS7_NS9_13description_tESB_EEEEEEEixENS0_7keywordISA_Lb0EEE:
        1:  196:    res_type    operator[]( keyword<typename NP::id,false> kw ) const   { return m_param[kw]; }
        1:  196-block  0
------------------
_ZNK5boost3nfp23named_parameter_combineINS0_15named_parameterIKNS_9unit_test13basic_cstringIKcEENS_7runtime12_GLOBAL__N_16help_tERS7_EENS1_INS2_IS7_NS9_12value_hint_tESB_EENS1_INS2_IKNSt7__cxx1112basic_stringIcSt11char_traitsIcESaIcEEENS9_15default_value_tERSL_EENS1_INS2_IS7_NS9_9env_var_tESB_EENS2_IS7_NS9_13description_tESB_EEEEEEEEEixENS0_7keywordISA_Lb0EEE:
        1:  196:    res_type    operator[]( keyword<typename NP::id,false> kw ) const   { return m_param[kw]; }
        1:  196-block  0
------------------
_ZNK5boost3nfp23named_parameter_combineINS0_15named_parameterIKjNS_7runtime12_GLOBAL__N_115default_value_tERS3_EENS1_INS2_IKNS_9unit_test13basic_cstringIKcEENS5_9env_var_tERSD_EENS2_ISD_NS5_13description_tESF_EEEEEixENS0_7keywordIS6_Lb0EEE:
        1:  196:    res_type    operator[]( keyword<typename NP::id,false> kw ) const   { return m_param[kw]; }
        1:  196-block  0
------------------
_ZNK5boost3nfp23named_parameter_combineINS0_15named_parameterIKjNS_7runtime12_GLOBAL__N_116optional_value_tERS3_EENS1_INS2_IS3_NS5_15default_value_tES7_EENS1_INS2_IKNS_9unit_test13basic_cstringIKcEENS5_9env_var_tERSF_EENS2_ISF_NS5_13description_tESH_EEEEEEEixENS0_7keywordIS6_Lb0EEE:
        1:  196:    res_type    operator[]( keyword<typename NP::id,false> kw ) const   { return m_param[kw]; }
        1:  196-block  0
------------------
_ZNK5boost3nfp23named_parameter_combineINS0_15named_parameterIKNS_9unit_test13basic_cstringIKcEENS_7runtime12_GLOBAL__N_112value_hint_tERS7_EENS1_INS2_IKjNS9_16optional_value_tERSD_EENS1_INS2_ISD_NS9_15default_value_tESF_EENS1_INS2_IS7_NS9_9env_var_tESB_EENS2_IS7_NS9_13description_tESB_EEEEEEEEEixENS0_7keywordISA_Lb0EEE:
        1:  196:    res_type    operator[]( keyword<typename NP::id,false> kw ) const   { return m_param[kw]; }
        1:  196-block  0
------------------
_ZNK5boost3nfp23named_parameter_combineINS0_15named_parameterIKNS_9unit_test13basic_cstringIKcEENS_7runtime12_GLOBAL__N_16help_tERS7_EENS1_INS2_IS7_NS9_12value_hint_tESB_EENS1_INS2_IKjNS9_16optional_value_tERSF_EENS1_INS2_ISF_NS9_15default_value_tESH_EENS1_INS2_IS7_NS9_9env_var_tESB_EENS2_IS7_NS9_13description_tESB_EEEEEEEEEEEixENS0_7keywordISA_Lb0EEE:
        1:  196:    res_type    operator[]( keyword<typename NP::id,false> kw ) const   { return m_param[kw]; }
        1:  196-block  0
------------------
[...]
        1:  357-block  0
        -:  358:
        1:  359:    return default_val;
        -:  360:}
------------------
_ZN5boost3nfp7opt_getINS_8functionIFvNS_9unit_test13basic_cstringIKcEEEEENS0_23named_parameter_combineINS0_15named_parameterIKbNS_7runtime12_GLOBAL__N_115default_value_tERSB_EENS9_INSA_ISB_NSD_16optional_value_tESF_EENSA_IKS6_NSD_13description_tERSJ_EEEEEENS0_7keywordINSD_10callback_tELb0EEEEET_RKT0_T1_SS_:
        2:  355:opt_get( Params const& p, Keyword k, T default_val )
        -:  356:{
        2:  357:    opt_assign( default_val, p, k );
        2:  357-block  0
        -:  358:
        2:  359:    return default_val;
        -:  360:}
------------------
_ZN5boost3nfp7opt_getINSt7__cxx1112basic_stringIcSt11char_traitsIcESaIcEEENS0_23named_parameter_combineINS0_15named_parameterIKNS_9unit_test13basic_cstringIKcEENS_7runtime12_GLOBAL__N_16help_tERSE_EENS8_INS9_ISE_NSG_12value_hint_tESI_EENS8_INS9_IKS7_NSG_16optional_value_tERSM_EENS9_ISE_NSG_13description_tESI_EEEEEEEENS0_13typed_keywordISD_SQ_Lb0EEEEET_RKT0_T1_SX_:
        1:  355:opt_get( Params const& p, Keyword k, T default_val )
        -:  356:{
        1:  357:    opt_assign( default_val, p, k );
        1:  357-block  0
        -:  358:
        1:  359:    return default_val;
        -:  360:}
------------------
_ZN5boost3nfp7opt_getINSt7__cxx1112basic_stringIcSt11char_traitsIcESaIcEEENS0_23named_parameter_combineINS0_15named_parameterIKNS_9unit_test13basic_cstringIKcEENS_7runtime12_GLOBAL__N_16help_tERSE_EENS8_INS9_ISE_NSG_12value_hint_tESI_EENS8_INS9_IKS7_NSG_16optional_value_tERSM_EENS9_ISE_NSG_13description_tESI_EEEEEEEENS0_13typed_keywordISD_SH_Lb0EEEEET_RKT0_T1_SX_:
        1:  355:opt_get( Params const& p, Keyword k, T default_val )
        -:  356:{
        1:  357:    opt_assign( default_val, p, k );
        1:  357-block  0
        -:  358:
        1:  359:    return default_val;
        -:  360:}
------------------
_ZN5boost3nfp7opt_getINSt7__cxx1112basic_stringIcSt11char_traitsIcESaIcEEENS0_23named_parameter_combineINS0_15named_parameterIKNS_9unit_test13basic_cstringIKcEENS_7runtime12_GLOBAL__N_16help_tERSE_EENS8_INS9_ISE_NSG_12value_hint_tESI_EENS8_INS9_IKS7_NSG_16optional_value_tERSM_EENS9_ISE_NSG_13description_tESI_EEEEEEEENS0_13typed_keywordISD_NSG_9env_var_tELb0EEEEET_RKT0_T1_SY_:
        1:  355:opt_get( Params const& p, Keyword k, T default_val )
        -:  356:{
        1:  357:    opt_assign( default_val, p, k );
        1:  357-block  0
        -:  358:
        1:  359:    return default_val;
        -:  360:}
------------------
_ZN5boost3nfp7opt_getINSt7__cxx1112basic_stringIcSt11char_traitsIcESaIcEEENS0_23named_parameter_combineINS0_15named_parameterIKNS_9unit_test13basic_cstringIKcEENS_7runtime12_GLOBAL__N_16help_tERSE_EENS8_INS9_ISE_NSG_12value_hint_tESI_EENS8_INS9_IKS7_NSG_16optional_value_tERSM_EENS9_ISE_NSG_13description_tESI_EEEEEEEENS0_13typed_keywordISD_SK_Lb0EEEEET_RKT0_T1_SX_:
        1:  355:opt_get( Params const& p, Keyword k, T default_val )
        -:  356:{
        1:  357:    opt_assign( default_val, p, k );
        1:  357-block  0
        -:  358:
        1:  359:    return default_val;
        -:  360:}
------------------
_ZN5boost3nfp7opt_getINS_8functionIFvNS_9unit_test13basic_cstringIKcEEEEENS0_23named_parameter_combineINS0_15named_parameterIKS6_NS_7runtime12_GLOBAL__N_16help_tERSB_EENS9_INSA_ISB_NSD_12value_hint_tESF_EENS9_INSA_IKNSt7__cxx1112basic_stringIcSt11char_traitsIcESaIcEEENSD_16optional_value_tERSP_EENSA_ISB_NSD_13description_tESF_EEEEEEEENS0_7keywordINSD_10callback_tELb0EEEEET_RKT0_T1_S11_:
        1:  355:opt_get( Params const& p, Keyword k, T default_val )
        -:  356:{
        1:  357:    opt_assign( default_val, p, k );
        1:  357-block  0
        -:  358:
        1:  359:    return default_val;
        -:  360:}
------------------
_ZN5boost3nfp7opt_getINSt7__cxx1112basic_stringIcSt11char_traitsIcESaIcEEENS0_23named_parameter_combineINS0_15named_parameterIKNS_9unit_test13basic_cstringIKcEENS_7runtime12_GLOBAL__N_16help_tERSE_EENS8_INS9_ISE_NSG_12value_hint_tESI_EENS8_INS9_IKS7_NSG_16optional_value_tERSM_EENS9_ISE_NSG_13description_tESI_EEEEEEEENS0_7keywordISN_Lb0EEEEET_RKT0_T1_SX_:
        1:  355:opt_get( Params const& p, Keyword k, T default_val )
        -:  356:{
        1:  357:    opt_assign( default_val, p, k );
        1:  357-block  0
        -:  358:
        1:  359:    return default_val;
        -:  360:}
------------------
_ZN5boost3nfp7opt_getINSt7__cxx1112basic_stringIcSt11char_traitsIcESaIcEEENS0_23named_parameter_combineINS0_15named_parameterIKNS_9unit_test13basic_cstringIKcEENS_7runtime12_GLOBAL__N_16help_tERSE_EENS8_INS9_ISE_NSG_12value_hint_tESI_EENS8_INS9_IKS7_NSG_16optional_value_tERSM_EENS9_ISE_NSG_13description_tESI_EEEEEEEENS0_7keywordINSG_15default_value_tELb0EEEEET_RKT0_T1_SY_:
        1:  355:opt_get( Params const& p, Keyword k, T default_val )
        -:  356:{
        1:  357:    opt_assign( default_val, p, k );
        1:  357-block  0
        -:  358:
        1:  359:    return default_val;
        -:  360:}
------------------
_ZN5boost3nfp7opt_getINSt7__cxx1112basic_stringIcSt11char_traitsIcESaIcEEENS0_23named_parameter_combineINS0_15named_parameterIKbNS_7runtime12_GLOBAL__N_115default_value_tERSA_EENS8_INS9_ISA_NSC_16optional_value_tESE_EENS9_IKNS_9unit_test13basic_cstringIKcEENSC_13description_tERSM_EEEEEENS0_13typed_keywordISL_SN_Lb0EEEEET_RKT0_T1_SU_:
        2:  355:opt_get( Params const& p, Keyword k, T default_val )
        -:  356:{
        2:  357:    opt_assign( default_val, p, k );
        2:  357-block  0
        -:  358:
        2:  359:    return default_val;
        -:  360:}
------------------
_ZN5boost3nfp7opt_getINSt7__cxx1112basic_stringIcSt11char_traitsIcESaIcEEENS0_23named_parameter_combineINS0_15named_parameterIKbNS_7runtime12_GLOBAL__N_115default_value_tERSA_EENS8_INS9_ISA_NSC_16optional_value_tESE_EENS9_IKNS_9unit_test13basic_cstringIKcEENSC_13description_tERSM_EEEEEENS0_13typed_keywordISL_NSC_6help_tELb0EEEEET_RKT0_T1_SV_:
        2:  355:opt_get( Params const& p, Keyword k, T default_val )
        -:  356:{
        2:  357:    opt_assign( default_val, p, k );
        2:  357-block  0
        -:  358:
        2:  359:    return default_val;
        -:  360:}
------------------
_ZN5boost3nfp7opt_getINSt7__cxx1112basic_stringIcSt11char_traitsIcESaIcEEENS0_23named_parameter_combineINS0_15named_parameterIKbNS_7runtime12_GLOBAL__N_115default_value_tERSA_EENS8_INS9_ISA_NSC_16optional_value_tESE_EENS9_IKNS_9unit_test13basic_cstringIKcEENSC_13description_tERSM_EEEEEENS0_13typed_keywordISL_NSC_9env_var_tELb0EEEEET_RKT0_T1_SV_:
        2:  355:opt_get( Params const& p, Keyword k, T default_val )
        -:  356:{
        2:  357:    opt_assign( default_val, p, k );
        2:  357-block  0
        -:  358:
        2:  359:    return default_val;
        -:  360:}
------------------
_ZN5boost3nfp7opt_getINSt7__cxx1112basic_stringIcSt11char_traitsIcESaIcEEENS0_23named_parameter_combineINS0_15named_parameterIKbNS_7runtime12_GLOBAL__N_115default_value_tERSA_EENS8_INS9_ISA_NSC_16optional_value_tESE_EENS9_IKNS_9unit_test13basic_cstringIKcEENSC_13description_tERSM_EEEEEENS0_13typed_keywordISL_NSC_12value_hint_tELb0EEEEET_RKT0_T1_SV_:
        2:  355:opt_get( Params const& p, Keyword k, T default_val )
        -:  356:{
        2:  357:    opt_assign( default_val, p, k );
        2:  357-block  0
        -:  358:
        2:  359:    return default_val;
        -:  360:}
------------------
_ZN5boost3nfp7opt_getINS_9unit_test12report_levelENS0_23named_parameter_combineINS0_15named_parameterIKNS2_13basic_cstringIKcEENS_7runtime12_GLOBAL__N_16help_tERS9_EENS4_INS5_IKSt16initializer_listISt4pairIS9_S3_EENSB_13enum_values_tERSJ_EENS4_INS5_IKS3_NSB_15default_value_tERSN_EENS4_INS5_IS9_NSB_9env_var_tESD_EENS5_IS9_NSB_13description_tESD_EEEEEEEEEENS0_7keywordISO_Lb0EEEEET_RKT0_T1_S11_:
        1:  355:opt_get( Params const& p, Keyword k, T default_val )
        -:  356:{
        1:  357:    opt_assign( default_val, p, k );
        1:  357-block  0
        -:  358:
        1:  359:    return default_val;
        -:  360:}
------------------
_ZN5boost3nfp7opt_getIbNS0_23named_parameter_combineINS0_15named_parameterIKbNS_7runtime12_GLOBAL__N_115default_value_tERS4_EENS2_INS3_IS4_NS6_16optional_value_tES8_EENS3_IKNS_9unit_test13basic_cstringIKcEENS6_13description_tERSG_EEEEEENS0_7keywordISA_Lb0EEEEET_RKT0_T1_SO_:
        2:  355:opt_get( Params const& p, Keyword k, T default_val )
        -:  356:{
        2:  357:    opt_assign( default_val, p, k );
        2:  357-block  0
        -:  358:
        2:  359:    return default_val;
        -:  360:}
------------------
_ZN5boost3nfp7opt_getIbNS0_23named_parameter_combineINS0_15named_parameterIKbNS_7runtime12_GLOBAL__N_115default_value_tERS4_EENS2_INS3_IS4_NS6_16optional_value_tES8_EENS3_IKNS_9unit_test13basic_cstringIKcEENS6_13description_tERSG_EEEEEENS0_7keywordIS7_Lb0EEEEET_RKT0_T1_SO_:
        2:  355:opt_get( Params const& p, Keyword k, T default_val )
        -:  356:{
        2:  357:    opt_assign( default_val, p, k );
        2:  357-block  0
        -:  358:
        2:  359:    return default_val;
        -:  360:}
------------------
_ZN5boost3nfp7opt_getINSt7__cxx1112basic_stringIcSt11char_traitsIcESaIcEEENS0_23named_parameter_combineINS0_15named_parameterIKNS_9unit_test13basic_cstringIKcEENS_7runtime12_GLOBAL__N_16help_tERSE_EENS8_INS9_IKSt16initializer_listISt4pairISE_NSA_13output_formatEEENSG_13enum_values_tERSP_EENS8_INS9_IKSM_NSG_16optional_value_tERST_EENS8_INS9_IST_NSG_15default_value_tESV_EENS8_INS9_ISE_NSG_9env_var_tESI_EENS9_ISE_NSG_13description_tESI_EEEEEEEEEEEENS0_13typed_keywordISD_S11_Lb0EEEEET_RKT0_T1_S1A_:
        1:  355:opt_get( Params const& p, Keyword k, T default_val )
        -:  356:{
        1:  357:    opt_assign( default_val, p, k );
        1:  357-block  0
        -:  358:
        1:  359:    return default_val;
        -:  360:}
------------------
_ZN5boost3nfp7opt_getINSt7__cxx1112basic_stringIcSt11char_traitsIcESaIcEEENS0_23named_parameter_combineINS0_15named_parameterIKNS_9unit_test13basic_cstringIKcEENS_7runtime12_GLOBAL__N_16help_tERSE_EENS8_INS9_IKSt16initializer_listISt4pairISE_NSA_13output_formatEEENSG_13enum_values_tERSP_EENS8_INS9_IKSM_NSG_16optional_value_tERST_EENS8_INS9_IST_NSG_15default_value_tESV_EENS8_INS9_ISE_NSG_9env_var_tESI_EENS9_ISE_NSG_13description_tESI_EEEEEEEEEEEENS0_13typed_keywordISD_SH_Lb0EEEEET_RKT0_T1_S1A_:
        1:  355:opt_get( Params const& p, Keyword k, T default_val )
        -:  356:{
        1:  357:    opt_assign( default_val, p, k );
        1:  357-block  0
        -:  358:
        1:  359:    return default_val;
        -:  360:}
------------------
_ZN5boost3nfp7opt_getINSt7__cxx1112basic_stringIcSt11char_traitsIcESaIcEEENS0_23named_parameter_combineINS0_15named_parameterIKNS_9unit_test13basic_cstringIKcEENS_7runtime12_GLOBAL__N_16help_tERSE_EENS8_INS9_IKSt16initializer_listISt4pairISE_NSA_13output_formatEEENSG_13enum_values_tERSP_EENS8_INS9_IKSM_NSG_16optional_value_tERST_EENS8_INS9_IST_NSG_15default_value_tESV_EENS8_INS9_ISE_NSG_9env_var_tESI_EENS9_ISE_NSG_13description_tESI_EEEEEEEEEEEENS0_13typed_keywordISD_SZ_Lb0EEEEET_RKT0_T1_S1A_:
        1:  355:opt_get( Params const& p, Keyword k, T default_val )
        -:  356:{
        1:  357:    opt_assign( default_val, p, k );
        1:  357-block  0
        -:  358:
        1:  359:    return default_val;
        -:  360:}
------------------
_ZN5boost3nfp7opt_getINSt7__cxx1112basic_stringIcSt11char_traitsIcESaIcEEENS0_23named_parameter_combineINS0_15named_parameterIKNS_9unit_test13basic_cstringIKcEENS_7runtime12_GLOBAL__N_16help_tERSE_EENS8_INS9_IKSt16initializer_listISt4pairISE_NSA_13output_formatEEENSG_13enum_values_tERSP_EENS8_INS9_IKSM_NSG_16optional_value_tERST_EENS8_INS9_IST_NSG_15default_value_tESV_EENS8_INS9_ISE_NSG_9env_var_tESI_EENS9_ISE_NSG_13description_tESI_EEEEEEEEEEEENS0_13typed_keywordISD_NSG_12value_hint_tELb0EEEEET_RKT0_T1_S1B_:
        1:  355:opt_get( Params const& p, Keyword k, T default_val )
        -:  356:{
        1:  357:    opt_assign( default_val, p, k );
        1:  357-block  0
        -:  358:
        1:  359:    return default_val;
        -:  360:}
------------------
_ZN5boost3nfp7opt_getINS_8functionIFvNS_9unit_test13basic_cstringIKcEEEEENS0_23named_parameter_combineINS0_15named_parameterIKS6_NS_7runtime12_GLOBAL__N_16help_tERSB_EENS9_INSA_IKSt16initializer_listISt4pairISB_NS3_13output_formatEEENSD_13enum_values_tERSM_EENS9_INSA_IKSJ_NSD_16optional_value_tERSQ_EENS9_INSA_ISQ_NSD_15default_value_tESS_EENS9_INSA_ISB_NSD_9env_var_tESF_EENSA_ISB_NSD_13description_tESF_EEEEEEEEEEEENS0_7keywordINSD_10callback_tELb0EEEEET_RKT0_T1_S18_:
        1:  355:opt_get( Params const& p, Keyword k, T default_val )
        -:  356:{
        1:  357:    opt_assign( default_val, p, k );
        1:  357-block  0
        -:  358:
        1:  359:    return default_val;
        -:  360:}
------------------
_ZN5boost3nfp7opt_getINS_9unit_test13output_formatENS0_23named_parameter_combineINS0_15named_parameterIKNS2_13basic_cstringIKcEENS_7runtime12_GLOBAL__N_16help_tERS9_EENS4_INS5_IKSt16initializer_listISt4pairIS9_S3_EENSB_13enum_values_tERSJ_EENS4_INS5_IKS3_NSB_16optional_value_tERSN_EENS4_INS5_ISN_NSB_15default_value_tESP_EENS4_INS5_IS9_NSB_9env_var_tESD_EENS5_IS9_NSB_13description_tESD_EEEEEEEEEEEENS0_7keywordISO_Lb0EEEEET_RKT0_T1_S14_:
        1:  355:opt_get( Params const& p, Keyword k, T default_val )
        -:  356:{
        1:  357:    opt_assign( default_val, p, k );
        1:  357-block  0
        -:  358:
        1:  359:    return default_val;
        -:  360:}
------------------
_ZN5boost3nfp7opt_getINS_9unit_test13output_formatENS0_23named_parameter_combineINS0_15named_parameterIKNS2_13basic_cstringIKcEENS_7runtime12_GLOBAL__N_16help_tERS9_EENS4_INS5_IKSt16initializer_listISt4pairIS9_S3_EENSB_13enum_values_tERSJ_EENS4_INS5_IKS3_NSB_16optional_value_tERSN_EENS4_INS5_ISN_NSB_15default_value_tESP_EENS4_INS5_IS9_NSB_9env_var_tESD_EENS5_IS9_NSB_13description_tESD_EEEEEEEEEEEENS0_7keywordISR_Lb0EEEEET_RKT0_T1_S14_:
        1:  355:opt_get( Params const& p, Keyword k, T default_val )
        -:  356:{
        1:  357:    opt_assign( default_val, p, k );
        1:  357-block  0
        -:  358:
        1:  359:    return default_val;
        -:  360:}
------------------
_ZN5boost3nfp7opt_getINSt7__cxx1112basic_stringIcSt11char_traitsIcESaIcEEENS0_23named_parameter_combineINS0_15named_parameterIKNS_9unit_test13basic_cstringIKcEENS_7runtime12_GLOBAL__N_16help_tERSE_EENS8_INS9_IKSt16initializer_listISt4pairISE_NSA_13output_formatEEENSG_13enum_values_tERSP_EENS8_INS9_IKSM_NSG_15default_value_tERST_EENS8_INS9_ISE_NSG_9env_var_tESI_EENS9_ISE_NSG_13description_tESI_EEEEEEEEEENS0_13typed_keywordISD_SZ_Lb0EEEEET_RKT0_T1_S17_:
        2:  355:opt_get( Params const& p, Keyword k, T default_val )
        -:  356:{
        2:  357:    opt_assign( default_val, p, k );
        2:  357-block  0
        -:  358:
        2:  359:    return default_val;
        -:  360:}
------------------
_ZN5boost3nfp7opt_getINSt7__cxx1112basic_stringIcSt11char_traitsIcESaIcEEENS0_23named_parameter_combineINS0_15named_parameterIKNS_9unit_test13basic_cstringIKcEENS_7runtime12_GLOBAL__N_16help_tERSE_EENS8_INS9_IKSt16initializer_listISt4pairISE_NSA_13output_formatEEENSG_13enum_values_tERSP_EENS8_INS9_IKSM_NSG_15default_value_tERST_EENS8_INS9_ISE_NSG_9env_var_tESI_EENS9_ISE_NSG_13description_tESI_EEEEEEEEEENS0_13typed_keywordISD_SH_Lb0EEEEET_RKT0_T1_S17_:
        2:  355:opt_get( Params const& p, Keyword k, T default_val )
        -:  356:{
        2:  357:    opt_assign( default_val, p, k );
        2:  357-block  0
        -:  358:
        2:  359:    return default_val;
        -:  360:}
------------------
        -:  361:
        -:  362:// ************************************************************************** //
        -:  363:// **************                    opt_get                   ************** //
        -:  364:// ************************************************************************** //
        -:  365:
        -:  366:template<typename Params, typename NP>
        -:  367:inline typename enable_if_c<!has_param<Params,keyword<typename NP::id> >::value,
        -:  368:named_parameter_combine<NP,Params> >::type
       44:  369:opt_append( Params const& params, NP const& np )
        -:  370:{
       44:  371:    return (params,np);
        -:  372:}
------------------
_ZN5boost3nfp10opt_appendINS0_23named_parameter_combineINS0_15named_parameterIKbNS_7runtime12_GLOBAL__N_116optional_value_tERS4_EENS3_IKNS_9unit_test13basic_cstringIKcEENS6_13description_tERSE_EEEENS3_IS4_NS6_15default_value_tES8_EEEENS_11enable_if_cIXntsrNS0_9has_paramIT_NS0_7keywordINT0_2idELb0EEEEE5valueENS2_ISP_SN_EEE4typeERKSN_RKSP_:
        4:  369:opt_append( Params const& params, NP const& np )
        -:  370:{
        4:  371:    return (params,np);
        4:  371-block  0
        -:  372:}
------------------
_ZN5boost3nfp10opt_appendINS0_15named_parameterIKNS_9unit_test13basic_cstringIKcEENS_7runtime12_GLOBAL__N_113description_tERS7_EENS2_IKbNS9_16optional_value_tERSD_EEEENS_11enable_if_cIXntsrNS0_9has_paramIT_NS0_7keywordINT0_2idELb0EEEEE5valueENS0_23named_parameter_combineISL_SJ_EEE4typeERKSJ_RKSL_:
        4:  369:opt_append( Params const& params, NP const& np )
        -:  370:{
        4:  371:    return (params,np);
        4:  371-block  0
        -:  372:}
------------------
_ZN5boost3nfp10opt_appendINS0_23named_parameter_combineINS0_15named_parameterIKNS_9unit_test13basic_cstringIKcEENS_7runtime12_GLOBAL__N_16help_tERS8_EENS2_INS3_IKbNSA_15default_value_tERSE_EENS2_INS3_IS8_NSA_9env_var_tESC_EENS3_IS8_NSA_13description_tESC_EEEEEEEENS3_ISE_NSA_16optional_value_tESG_EEEENS_11enable_if_cIXntsrNS0_9has_paramIT_NS0_7keywordINT0_2idELb0EEEEE5valueENS2_ISV_ST_EEE4typeERKST_RKSV_:
        8:  369:opt_append( Params const& params, NP const& np )
        -:  370:{
        8:  371:    return (params,np);
        8:  371-block  0
        -:  372:}
------------------
_ZN5boost3nfp10opt_appendINS0_23named_parameter_combineINS0_15named_parameterIKbNS_7runtime12_GLOBAL__N_116optional_value_tERS4_EENS2_INS3_IKNS_9unit_test13basic_cstringIKcEENS6_6help_tERSE_EENS2_INS3_ISE_NS6_9env_var_tESG_EENS3_ISE_NS6_13description_tESG_EEEEEEEENS3_IS4_NS6_15default_value_tES8_EEEENS_11enable_if_cIXntsrNS0_9has_paramIT_NS0_7keywordINT0_2idELb0EEEEE5valueENS2_ISV_ST_EEE4typeERKST_RKSV_:
       14:  369:opt_append( Params const& params, NP const& np )
        -:  370:{
       14:  371:    return (params,np);
       14:  371-block  0
        -:  372:}
------------------
_ZN5boost3nfp10opt_appendINS0_23named_parameter_combineINS0_15named_parameterIKNS_9unit_test13basic_cstringIKcEENS_7runtime12_GLOBAL__N_16help_tERS8_EENS2_INS3_IS8_NSA_9env_var_tESC_EENS3_IS8_NSA_13description_tESC_EEEEEENS3_IKbNSA_16optional_value_tERSK_EEEENS_11enable_if_cIXntsrNS0_9has_paramIT_NS0_7keywordINT0_2idELb0EEEEE5valueENS2_ISS_SQ_EEE4typeERKSQ_RKSS_:
       14:  369:opt_append( Params const& params, NP const& np )
        -:  370:{
       14:  371:    return (params,np);
       14:  371-block  0
        -:  372:}
------------------
        -:  373:
        -:  374://____________________________________________________________________________//
        -:  375:
        -:  376:template<typename Params, typename NP>
        -:  377:inline typename enable_if_c<has_param<Params,keyword<typename NP::id> >::value,Params>::type
        8:  378:opt_append( Params const& params, NP const& )
        -:  379:{
        8:  380:    return params;
        8:  380-block  0
        -:  381:}
        -:  382:
        -:  383:} // namespace nfp
        -:  384:} // namespace boost
        -:  385:
        -:  386:#include <boost/test/detail/enable_warnings.hpp>
        -:  387:
        -:  388:#endif // BOOST_TEST_UTILS_NAMED_PARAM
