        -:    0:Source:C:/PROGRA~1/MINGW-~1/X86_64~1.0-P/mingw64/lib/gcc/x86_64-w64-mingw32/8.1.0/include/c++/bits/stl_tree.h
        -:    0:Graph:F:\SoftwareProjects\CLionProjects\C++\My_String\cmake-build-debug\test\CMakeFiles\Boost_Tests_run.dir\MyStringTest.cpp.gcno
        -:    0:Data:F:\SoftwareProjects\CLionProjects\C++\My_String\cmake-build-debug\test\CMakeFiles\Boost_Tests_run.dir\MyStringTest.cpp.gcda
        -:    0:Runs:1
        -:    0:Programs:1
        -:    1:// RB tree implementation -*- C++ -*-
        -:    2:
        -:    3:// Copyright (C) 2001-2018 Free Software Foundation, Inc.
        -:    4://
        -:    5:// This file is part of the GNU ISO C++ Library.  This library is free
        -:    6:// software; you can redistribute it and/or modify it under the
        -:    7:// terms of the GNU General Public License as published by the
        -:    8:// Free Software Foundation; either version 3, or (at your option)
        -:    9:// any later version.
        -:   10:
        -:   11:// This library is distributed in the hope that it will be useful,
        -:   12:// but WITHOUT ANY WARRANTY; without even the implied warranty of
        -:   13:// MERCHANTABILITY or FITNESS FOR A PARTICULAR PURPOSE.  See the
        -:   14:// GNU General Public License for more details.
        -:   15:
        -:   16:// Under Section 7 of GPL version 3, you are granted additional
        -:   17:// permissions described in the GCC Runtime Library Exception, version
        -:   18:// 3.1, as published by the Free Software Foundation.
        -:   19:
        -:   20:// You should have received a copy of the GNU General Public License and
        -:   21:// a copy of the GCC Runtime Library Exception along with this program;
        -:   22:// see the files COPYING3 and COPYING.RUNTIME respectively.  If not, see
        -:   23:// <http://www.gnu.org/licenses/>.
        -:   24:
        -:   25:/*
        -:   26: *
        -:   27: * Copyright (c) 1996,1997
        -:   28: * Silicon Graphics Computer Systems, Inc.
        -:   29: *
        -:   30: * Permission to use, copy, modify, distribute and sell this software
        -:   31: * and its documentation for any purpose is hereby granted without fee,
        -:   32: * provided that the above copyright notice appear in all copies and
        -:   33: * that both that copyright notice and this permission notice appear
        -:   34: * in supporting documentation.  Silicon Graphics makes no
        -:   35: * representations about the suitability of this software for any
        -:   36: * purpose.  It is provided "as is" without express or implied warranty.
        -:   37: *
        -:   38: *
        -:   39: * Copyright (c) 1994
        -:   40: * Hewlett-Packard Company
        -:   41: *
        -:   42: * Permission to use, copy, modify, distribute and sell this software
        -:   43: * and its documentation for any purpose is hereby granted without fee,
        -:   44: * provided that the above copyright notice appear in all copies and
        -:   45: * that both that copyright notice and this permission notice appear
        -:   46: * in supporting documentation.  Hewlett-Packard Company makes no
        -:   47: * representations about the suitability of this software for any
        -:   48: * purpose.  It is provided "as is" without express or implied warranty.
        -:   49: *
        -:   50: *
        -:   51: */
        -:   52:
        -:   53:/** @file bits/stl_tree.h
        -:   54: *  This is an internal header file, included by other library headers.
        -:   55: *  Do not attempt to use it directly. @headername{map,set}
        -:   56: */
        -:   57:
        -:   58:#ifndef _STL_TREE_H
        -:   59:#define _STL_TREE_H 1
        -:   60:
        -:   61:#pragma GCC system_header
        -:   62:
        -:   63:#include <bits/stl_algobase.h>
        -:   64:#include <bits/allocator.h>
        -:   65:#include <bits/stl_function.h>
        -:   66:#include <bits/cpp_type_traits.h>
        -:   67:#include <ext/alloc_traits.h>
        -:   68:#if __cplusplus >= 201103L
        -:   69:# include <ext/aligned_buffer.h>
        -:   70:#endif
        -:   71:#if __cplusplus > 201402L
        -:   72:# include <bits/node_handle.h>
        -:   73:#endif
        -:   74:
        -:   75:namespace std _GLIBCXX_VISIBILITY(default)
        -:   76:{
        -:   77:_GLIBCXX_BEGIN_NAMESPACE_VERSION
        -:   78:
        -:   79:#if __cplusplus > 201103L
        -:   80:# define __cpp_lib_generic_associative_lookup 201304
        -:   81:#endif
        -:   82:
        -:   83:  // Red-black tree class, designed for use in implementing STL
        -:   84:  // associative containers (set, multiset, map, and multimap). The
        -:   85:  // insertion and deletion algorithms are based on those in Cormen,
        -:   86:  // Leiserson, and Rivest, Introduction to Algorithms (MIT Press,
        -:   87:  // 1990), except that
        -:   88:  //
        -:   89:  // (1) the header cell is maintained with links not only to the root
        -:   90:  // but also to the leftmost node of the tree, to enable constant
        -:   91:  // time begin(), and to the rightmost node of the tree, to enable
        -:   92:  // linear time performance when used with the generic set algorithms
        -:   93:  // (set_union, etc.)
        -:   94:  //
        -:   95:  // (2) when a node being deleted has two children its successor node
        -:   96:  // is relinked into its place, rather than copied, so that the only
        -:   97:  // iterators invalidated are those referring to the deleted node.
        -:   98:
        -:   99:  enum _Rb_tree_color { _S_red = false, _S_black = true };
        -:  100:
        -:  101:  struct _Rb_tree_node_base
        -:  102:  {
        -:  103:    typedef _Rb_tree_node_base* _Base_ptr;
        -:  104:    typedef const _Rb_tree_node_base* _Const_Base_ptr;
        -:  105:
        -:  106:    _Rb_tree_color	_M_color;
        -:  107:    _Base_ptr		_M_parent;
        -:  108:    _Base_ptr		_M_left;
        -:  109:    _Base_ptr		_M_right;
        -:  110:
        -:  111:    static _Base_ptr
       17:  112:    _S_minimum(_Base_ptr __x) _GLIBCXX_NOEXCEPT
        -:  113:    {
       17:  114:      while (__x->_M_left != 0) __x = __x->_M_left;
       17:  114-block  0
       10:  114-block  1
        7:  115:      return __x;
        7:  115-block  0
        -:  116:    }
        -:  117:
        -:  118:    static _Const_Base_ptr
        -:  119:    _S_minimum(_Const_Base_ptr __x) _GLIBCXX_NOEXCEPT
        -:  120:    {
        -:  121:      while (__x->_M_left != 0) __x = __x->_M_left;
        -:  122:      return __x;
        -:  123:    }
        -:  124:
        -:  125:    static _Base_ptr
       15:  126:    _S_maximum(_Base_ptr __x) _GLIBCXX_NOEXCEPT
        -:  127:    {
       15:  128:      while (__x->_M_right != 0) __x = __x->_M_right;
       15:  128-block  0
        8:  128-block  1
        7:  129:      return __x;
        7:  129-block  0
        -:  130:    }
        -:  131:
        -:  132:    static _Const_Base_ptr
        -:  133:    _S_maximum(_Const_Base_ptr __x) _GLIBCXX_NOEXCEPT
        -:  134:    {
        -:  135:      while (__x->_M_right != 0) __x = __x->_M_right;
        -:  136:      return __x;
        -:  137:    }
        -:  138:  };
        -:  139:
        -:  140:  // Helper type offering value initialization guarantee on the compare functor.
        -:  141:  template<typename _Key_compare>
        -:  142:    struct _Rb_tree_key_compare
        -:  143:    {
        -:  144:      _Key_compare		_M_key_compare;
        -:  145:
     586*:  146:      _Rb_tree_key_compare()
        -:  147:      _GLIBCXX_NOEXCEPT_IF(
        -:  148:	is_nothrow_default_constructible<_Key_compare>::value)
        -:  149:      : _M_key_compare()
     586*:  150:      { }
------------------
_ZNSt20_Rb_tree_key_compareIN5boost7runtime16parameters_store10lg_compareEEC2Ev:
        1:  146:      _Rb_tree_key_compare()
        -:  147:      _GLIBCXX_NOEXCEPT_IF(
        -:  148:	is_nothrow_default_constructible<_Key_compare>::value)
        -:  149:      : _M_key_compare()
        1:  150:      { }
------------------
_ZNSt20_Rb_tree_key_compareISt4lessIN5boost9unit_test13basic_cstringIKcEEEEC2Ev:
        2:  146:      _Rb_tree_key_compare()
        -:  147:      _GLIBCXX_NOEXCEPT_IF(
        -:  148:	is_nothrow_default_constructible<_Key_compare>::value)
        -:  149:      : _M_key_compare()
        2:  150:      { }
------------------
_ZNSt20_Rb_tree_key_compareISt4lessIPKN5boost7runtime16parameter_cla_idEEEC2Ev:
    #####:  146:      _Rb_tree_key_compare()
        -:  147:      _GLIBCXX_NOEXCEPT_IF(
        -:  148:	is_nothrow_default_constructible<_Key_compare>::value)
        -:  149:      : _M_key_compare()
    #####:  150:      { }
------------------
_ZNSt20_Rb_tree_key_compareISt4lessIcEEC2Ev:
      572:  146:      _Rb_tree_key_compare()
        -:  147:      _GLIBCXX_NOEXCEPT_IF(
        -:  148:	is_nothrow_default_constructible<_Key_compare>::value)
        -:  149:      : _M_key_compare()
      572:  150:      { }
------------------
_ZNSt20_Rb_tree_key_compareISt4lessINSt7__cxx1112basic_stringIcSt11char_traitsIcESaIcEEEEEC2Ev:
        2:  146:      _Rb_tree_key_compare()
        -:  147:      _GLIBCXX_NOEXCEPT_IF(
        -:  148:	is_nothrow_default_constructible<_Key_compare>::value)
        -:  149:      : _M_key_compare()
        2:  150:      { }
------------------
_ZNSt20_Rb_tree_key_compareISt4lessIN5boost16exception_detail10type_info_EEEC2Ev:
    #####:  146:      _Rb_tree_key_compare()
        -:  147:      _GLIBCXX_NOEXCEPT_IF(
        -:  148:	is_nothrow_default_constructible<_Key_compare>::value)
        -:  149:      : _M_key_compare()
    #####:  150:      { }
------------------
_ZNSt20_Rb_tree_key_compareISt4lessIN5boost9unit_test13output_formatEEEC2Ev:
        1:  146:      _Rb_tree_key_compare()
        -:  147:      _GLIBCXX_NOEXCEPT_IF(
        -:  148:	is_nothrow_default_constructible<_Key_compare>::value)
        -:  149:      : _M_key_compare()
        1:  150:      { }
------------------
_ZNSt20_Rb_tree_key_compareISt4lessIPN5boost9unit_test14global_fixtureEEEC2Ev:
        1:  146:      _Rb_tree_key_compare()
        -:  147:      _GLIBCXX_NOEXCEPT_IF(
        -:  148:	is_nothrow_default_constructible<_Key_compare>::value)
        -:  149:      : _M_key_compare()
        1:  150:      { }
------------------
_ZNSt20_Rb_tree_key_compareIN5boost9unit_test9framework5state14priority_orderEEC2Ev:
        1:  146:      _Rb_tree_key_compare()
        -:  147:      _GLIBCXX_NOEXCEPT_IF(
        -:  148:	is_nothrow_default_constructible<_Key_compare>::value)
        -:  149:      : _M_key_compare()
        1:  150:      { }
------------------
_ZNSt20_Rb_tree_key_compareISt4lessImEEC2Ev:
        6:  146:      _Rb_tree_key_compare()
        -:  147:      _GLIBCXX_NOEXCEPT_IF(
        -:  148:	is_nothrow_default_constructible<_Key_compare>::value)
        -:  149:      : _M_key_compare()
        6:  150:      { }
------------------
        -:  151:
      14*:  152:      _Rb_tree_key_compare(const _Key_compare& __comp)
        -:  153:      : _M_key_compare(__comp)
      14*:  154:      { }
------------------
_ZNSt20_Rb_tree_key_compareISt4lessIN5boost9unit_test13basic_cstringIKcEEEEC2ERKS6_:
       12:  152:      _Rb_tree_key_compare(const _Key_compare& __comp)
        -:  153:      : _M_key_compare(__comp)
       12:  154:      { }
------------------
_ZNSt20_Rb_tree_key_compareISt4lessIcEEC2ERKS1_:
    #####:  152:      _Rb_tree_key_compare(const _Key_compare& __comp)
        -:  153:      : _M_key_compare(__comp)
    #####:  154:      { }
------------------
_ZNSt20_Rb_tree_key_compareIN5boost9unit_test9framework5state14priority_orderEEC2ERKS4_:
        1:  152:      _Rb_tree_key_compare(const _Key_compare& __comp)
        -:  153:      : _M_key_compare(__comp)
        1:  154:      { }
------------------
_ZNSt20_Rb_tree_key_compareISt4lessIPN5boost9unit_test14global_fixtureEEEC2ERKS5_:
        1:  152:      _Rb_tree_key_compare(const _Key_compare& __comp)
        -:  153:      : _M_key_compare(__comp)
        1:  154:      { }
------------------
        -:  155:
        -:  156:#if __cplusplus >= 201103L
        -:  157:      // Copy constructor added for consistency with C++98 mode.
        -:  158:      _Rb_tree_key_compare(const _Rb_tree_key_compare&) = default;
        -:  159:
        -:  160:      _Rb_tree_key_compare(_Rb_tree_key_compare&& __x)
        -:  161:	noexcept(is_nothrow_copy_constructible<_Key_compare>::value)
        -:  162:      : _M_key_compare(__x._M_key_compare)
        -:  163:      { }
        -:  164:#endif
        -:  165:    };
        -:  166:
        -:  167:  // Helper type to manage default initialization of node count and header.
        -:  168:  struct _Rb_tree_header
        -:  169:  {
        -:  170:    _Rb_tree_node_base	_M_header;
        -:  171:    size_t		_M_node_count; // Keeps track of size of tree.
        -:  172:
      600:  173:    _Rb_tree_header() _GLIBCXX_NOEXCEPT
      600:  174:    {
      600:  175:      _M_header._M_color = _S_red;
      600:  176:      _M_reset();
      600:  176-block  0
      600:  177:    }
        -:  178:
        -:  179:#if __cplusplus >= 201103L
        -:  180:    _Rb_tree_header(_Rb_tree_header&& __x) noexcept
        -:  181:    {
        -:  182:      if (__x._M_header._M_parent != nullptr)
        -:  183:	_M_move_data(__x);
        -:  184:      else
        -:  185:	{
        -:  186:	  _M_header._M_color = _S_red;
        -:  187:	  _M_reset();
        -:  188:	}
        -:  189:    }
        -:  190:#endif
        -:  191:
        -:  192:    void
        -:  193:    _M_move_data(_Rb_tree_header& __from)
        -:  194:    {
        -:  195:      _M_header._M_color = __from._M_header._M_color;
        -:  196:      _M_header._M_parent = __from._M_header._M_parent;
        -:  197:      _M_header._M_left = __from._M_header._M_left;
        -:  198:      _M_header._M_right = __from._M_header._M_right;
        -:  199:      _M_header._M_parent->_M_parent = &_M_header;
        -:  200:      _M_node_count = __from._M_node_count;
        -:  201:
        -:  202:      __from._M_reset();
        -:  203:    }
        -:  204:
        -:  205:    void
      608:  206:    _M_reset()
        -:  207:    {
      608:  208:      _M_header._M_parent = 0;
      608:  209:      _M_header._M_left = &_M_header;
      608:  210:      _M_header._M_right = &_M_header;
      608:  211:      _M_node_count = 0;
      608:  212:    }
        -:  213:  };
        -:  214:
        -:  215:  template<typename _Val>
        -:  216:    struct _Rb_tree_node : public _Rb_tree_node_base
        -:  217:    {
        -:  218:      typedef _Rb_tree_node<_Val>* _Link_type;
        -:  219:
        -:  220:#if __cplusplus < 201103L
        -:  221:      _Val _M_value_field;
        -:  222:
        -:  223:      _Val*
        -:  224:      _M_valptr()
        -:  225:      { return std::__addressof(_M_value_field); }
        -:  226:
        -:  227:      const _Val*
        -:  228:      _M_valptr() const
        -:  229:      { return std::__addressof(_M_value_field); }
        -:  230:#else
        -:  231:      __gnu_cxx::__aligned_membuf<_Val> _M_storage;
        -:  232:
        -:  233:      _Val*
    2035*:  234:      _M_valptr()
    2035*:  235:      { return _M_storage._M_ptr(); }
------------------
_ZNSt13_Rb_tree_nodeISt4pairIKmmEE9_M_valptrEv:
       11:  234:      _M_valptr()
       11:  235:      { return _M_storage._M_ptr(); }
       11:  235-block  0
------------------
_ZNSt13_Rb_tree_nodeISt4pairIKmN5boost9unit_test6output10junit_impl16junit_log_helperEEE9_M_valptrEv:
    #####:  234:      _M_valptr()
    #####:  235:      { return _M_storage._M_ptr(); }
    %%%%%:  235-block  0
------------------
_ZNSt13_Rb_tree_nodeISt4pairIKmPN5boost9unit_test9test_unitEEE9_M_valptrEv:
      278:  234:      _M_valptr()
      278:  235:      { return _M_storage._M_ptr(); }
      278:  235-block  0
------------------
_ZNSt13_Rb_tree_nodeISt4pairIKmN5boost9unit_test9framework4impl10order_infoEEE9_M_valptrEv:
       34:  234:      _M_valptr()
       34:  235:      { return _M_storage._M_ptr(); }
       34:  235-block  0
------------------
_ZNSt13_Rb_tree_nodeISt4pairIKN5boost9unit_test13output_formatENS2_14runtime_config13stream_holderEEE9_M_valptrEv:
        3:  234:      _M_valptr()
        3:  235:      { return _M_storage._M_ptr(); }
        3:  235-block  0
------------------
_ZNSt13_Rb_tree_nodeISt4pairIKN5boost16exception_detail10type_info_ENS1_10shared_ptrINS2_15error_info_baseEEEEE9_M_valptrEv:
    #####:  234:      _M_valptr()
    #####:  235:      { return _M_storage._M_ptr(); }
    %%%%%:  235-block  0
------------------
_ZNSt13_Rb_tree_nodeISt4pairIKmN5boost9unit_test12test_resultsEEE9_M_valptrEv:
      204:  234:      _M_valptr()
      204:  235:      { return _M_storage._M_ptr(); }
      204:  235-block  0
------------------
_ZNSt13_Rb_tree_nodeISt4pairIKN5boost9unit_test13basic_cstringIKcEENS1_10shared_ptrINS1_7runtime3cla13rt_cla_detail14parameter_trieEEEEE9_M_valptrEv:
      163:  234:      _M_valptr()
      163:  235:      { return _M_storage._M_ptr(); }
      163:  235-block  0
------------------
_ZNSt13_Rb_tree_nodeISt4pairIKcN5boost10shared_ptrINS2_7runtime3cla13rt_cla_detail14parameter_trieEEEEE9_M_valptrEv:
     1138:  234:      _M_valptr()
     1138:  235:      { return _M_storage._M_ptr(); }
     1138:  235-block  0
------------------
_ZNSt13_Rb_tree_nodeISt4pairIKN5boost9unit_test13basic_cstringIKcEENS1_10shared_ptrINS1_7runtime8argumentEEEEE9_M_valptrEv:
       61:  234:      _M_valptr()
       61:  235:      { return _M_storage._M_ptr(); }
       61:  235-block  0
------------------
_ZNSt13_Rb_tree_nodeISt4pairIKN5boost9unit_test13basic_cstringIKcEENS2_12report_levelEEE9_M_valptrEv:
       12:  234:      _M_valptr()
       12:  235:      { return _M_storage._M_ptr(); }
       12:  235-block  0
------------------
_ZNSt13_Rb_tree_nodeISt4pairIKcPS1_EE9_M_valptrEv:
    #####:  234:      _M_valptr()
    #####:  235:      { return _M_storage._M_ptr(); }
    %%%%%:  235-block  0
------------------
_ZNSt13_Rb_tree_nodeIPN5boost9unit_test13test_observerEE9_M_valptrEv:
       12:  234:      _M_valptr()
       12:  235:      { return _M_storage._M_ptr(); }
       12:  235-block  0
------------------
_ZNSt13_Rb_tree_nodeIPN5boost9unit_test14global_fixtureEE9_M_valptrEv:
    #####:  234:      _M_valptr()
    #####:  235:      { return _M_storage._M_ptr(); }
    %%%%%:  235-block  0
------------------
_ZNSt13_Rb_tree_nodeINSt7__cxx1112basic_stringIcSt11char_traitsIcESaIcEEEE9_M_valptrEv:
       22:  234:      _M_valptr()
       22:  235:      { return _M_storage._M_ptr(); }
       22:  235-block  0
------------------
_ZNSt13_Rb_tree_nodeIPKN5boost7runtime16parameter_cla_idEE9_M_valptrEv:
    #####:  234:      _M_valptr()
    #####:  235:      { return _M_storage._M_ptr(); }
    %%%%%:  235-block  0
------------------
_ZNSt13_Rb_tree_nodeISt4pairIKN5boost9unit_test13basic_cstringIKcEENS1_10shared_ptrINS1_7runtime11basic_paramEEEEE9_M_valptrEv:
       28:  234:      _M_valptr()
       28:  235:      { return _M_storage._M_ptr(); }
       28:  235-block  0
------------------
_ZNSt13_Rb_tree_nodeISt4pairIKN5boost9unit_test13basic_cstringIKcEENS2_13output_formatEEE9_M_valptrEv:
       36:  234:      _M_valptr()
       36:  235:      { return _M_storage._M_ptr(); }
       36:  235-block  0
------------------
_ZNSt13_Rb_tree_nodeISt4pairIKN5boost9unit_test13basic_cstringIKcEENS2_9log_levelEEE9_M_valptrEv:
       33:  234:      _M_valptr()
       33:  235:      { return _M_storage._M_ptr(); }
       33:  235-block  0
------------------
        -:  236:
        -:  237:      const _Val*
    4733*:  238:      _M_valptr() const
    4733*:  239:      { return _M_storage._M_ptr(); }
------------------
_ZNKSt13_Rb_tree_nodeISt4pairIKmN5boost9unit_test9framework4impl10order_infoEEE9_M_valptrEv:
       69:  238:      _M_valptr() const
       69:  239:      { return _M_storage._M_ptr(); }
       69:  239-block  0
------------------
_ZNKSt13_Rb_tree_nodeISt4pairIKcPS1_EE9_M_valptrEv:
    #####:  238:      _M_valptr() const
    #####:  239:      { return _M_storage._M_ptr(); }
    %%%%%:  239-block  0
------------------
_ZNKSt13_Rb_tree_nodeISt4pairIKmN5boost9unit_test6output10junit_impl16junit_log_helperEEE9_M_valptrEv:
    #####:  238:      _M_valptr() const
    #####:  239:      { return _M_storage._M_ptr(); }
    %%%%%:  239-block  0
------------------
_ZNKSt13_Rb_tree_nodeISt4pairIKmmEE9_M_valptrEv:
       47:  238:      _M_valptr() const
       47:  239:      { return _M_storage._M_ptr(); }
       47:  239-block  0
------------------
_ZNKSt13_Rb_tree_nodeISt4pairIKN5boost16exception_detail10type_info_ENS1_10shared_ptrINS2_15error_info_baseEEEEE9_M_valptrEv:
    #####:  238:      _M_valptr() const
    #####:  239:      { return _M_storage._M_ptr(); }
    %%%%%:  239-block  0
------------------
_ZNKSt13_Rb_tree_nodeISt4pairIKN5boost9unit_test13basic_cstringIKcEENS1_10shared_ptrINS1_7runtime11basic_paramEEEEE9_M_valptrEv:
      270:  238:      _M_valptr() const
      270:  239:      { return _M_storage._M_ptr(); }
      270:  239-block  0
------------------
_ZNKSt13_Rb_tree_nodeISt4pairIKcN5boost10shared_ptrINS2_7runtime3cla13rt_cla_detail14parameter_trieEEEEE9_M_valptrEv:
     1626:  238:      _M_valptr() const
     1626:  239:      { return _M_storage._M_ptr(); }
     1626:  239-block  0
------------------
_ZNKSt13_Rb_tree_nodeIPN5boost9unit_test13test_observerEE9_M_valptrEv:
      266:  238:      _M_valptr() const
      266:  239:      { return _M_storage._M_ptr(); }
      266:  239-block  0
------------------
_ZNKSt13_Rb_tree_nodeIPN5boost9unit_test14global_fixtureEE9_M_valptrEv:
    #####:  238:      _M_valptr() const
    #####:  239:      { return _M_storage._M_ptr(); }
    %%%%%:  239-block  0
------------------
_ZNKSt13_Rb_tree_nodeISt4pairIKN5boost9unit_test13basic_cstringIKcEENS1_10shared_ptrINS1_7runtime8argumentEEEEE9_M_valptrEv:
     1191:  238:      _M_valptr() const
     1191:  239:      { return _M_storage._M_ptr(); }
     1191:  239-block  0
------------------
_ZNKSt13_Rb_tree_nodeISt4pairIKN5boost9unit_test13basic_cstringIKcEENS2_12report_levelEEE9_M_valptrEv:
       13:  238:      _M_valptr() const
       13:  239:      { return _M_storage._M_ptr(); }
       13:  239-block  0
------------------
_ZNKSt13_Rb_tree_nodeISt4pairIKN5boost9unit_test13output_formatENS2_14runtime_config13stream_holderEEE9_M_valptrEv:
        1:  238:      _M_valptr() const
        1:  239:      { return _M_storage._M_ptr(); }
        1:  239-block  0
------------------
_ZNKSt13_Rb_tree_nodeISt4pairIKmPN5boost9unit_test9test_unitEEE9_M_valptrEv:
      557:  238:      _M_valptr() const
      557:  239:      { return _M_storage._M_ptr(); }
      557:  239-block  0
------------------
_ZNKSt13_Rb_tree_nodeISt4pairIKmN5boost9unit_test12test_resultsEEE9_M_valptrEv:
      404:  238:      _M_valptr() const
      404:  239:      { return _M_storage._M_ptr(); }
      404:  239-block  0
------------------
_ZNKSt13_Rb_tree_nodeISt4pairIKN5boost9unit_test13basic_cstringIKcEENS1_10shared_ptrINS1_7runtime3cla13rt_cla_detail14parameter_trieEEEEE9_M_valptrEv:
      159:  238:      _M_valptr() const
      159:  239:      { return _M_storage._M_ptr(); }
      159:  239-block  0
------------------
_ZNKSt13_Rb_tree_nodeINSt7__cxx1112basic_stringIcSt11char_traitsIcESaIcEEEE9_M_valptrEv:
       38:  238:      _M_valptr() const
       38:  239:      { return _M_storage._M_ptr(); }
       38:  239-block  0
------------------
_ZNKSt13_Rb_tree_nodeIPKN5boost7runtime16parameter_cla_idEE9_M_valptrEv:
    #####:  238:      _M_valptr() const
    #####:  239:      { return _M_storage._M_ptr(); }
    %%%%%:  239-block  0
------------------
_ZNKSt13_Rb_tree_nodeISt4pairIKN5boost9unit_test13basic_cstringIKcEENS2_13output_formatEEE9_M_valptrEv:
       36:  238:      _M_valptr() const
       36:  239:      { return _M_storage._M_ptr(); }
       36:  239-block  0
------------------
_ZNKSt13_Rb_tree_nodeISt4pairIKN5boost9unit_test13basic_cstringIKcEENS2_9log_levelEEE9_M_valptrEv:
       56:  238:      _M_valptr() const
       56:  239:      { return _M_storage._M_ptr(); }
       56:  239-block  0
------------------
        -:  240:#endif
        -:  241:    };
        -:  242:
        -:  243:  _GLIBCXX_PURE _Rb_tree_node_base*
        -:  244:  _Rb_tree_increment(_Rb_tree_node_base* __x) throw ();
        -:  245:
        -:  246:  _GLIBCXX_PURE const _Rb_tree_node_base*
        -:  247:  _Rb_tree_increment(const _Rb_tree_node_base* __x) throw ();
        -:  248:
        -:  249:  _GLIBCXX_PURE _Rb_tree_node_base*
        -:  250:  _Rb_tree_decrement(_Rb_tree_node_base* __x) throw ();
        -:  251:
        -:  252:  _GLIBCXX_PURE const _Rb_tree_node_base*
        -:  253:  _Rb_tree_decrement(const _Rb_tree_node_base* __x) throw ();
        -:  254:
        -:  255:  template<typename _Tp>
        -:  256:    struct _Rb_tree_iterator
        -:  257:    {
        -:  258:      typedef _Tp  value_type;
        -:  259:      typedef _Tp& reference;
        -:  260:      typedef _Tp* pointer;
        -:  261:
        -:  262:      typedef bidirectional_iterator_tag iterator_category;
        -:  263:      typedef ptrdiff_t		  difference_type;
        -:  264:
        -:  265:      typedef _Rb_tree_iterator<_Tp>	_Self;
        -:  266:      typedef _Rb_tree_node_base::_Base_ptr _Base_ptr;
        -:  267:      typedef _Rb_tree_node<_Tp>*	   _Link_type;
        -:  268:
        -:  269:      _Rb_tree_iterator() _GLIBCXX_NOEXCEPT
        -:  270:      : _M_node() { }
        -:  271:
        -:  272:      explicit
    5516*:  273:      _Rb_tree_iterator(_Base_ptr __x) _GLIBCXX_NOEXCEPT
    5516*:  274:      : _M_node(__x) { }
------------------
_ZNSt17_Rb_tree_iteratorISt4pairIKN5boost9unit_test13basic_cstringIKcEENS1_10shared_ptrINS1_7runtime11basic_paramEEEEEC1EPSt18_Rb_tree_node_base:
       59:  273:      _Rb_tree_iterator(_Base_ptr __x) _GLIBCXX_NOEXCEPT
       59:  274:      : _M_node(__x) { }
------------------
_ZNSt17_Rb_tree_iteratorISt4pairIKmN5boost9unit_test6output10junit_impl16junit_log_helperEEEC1EPSt18_Rb_tree_node_base:
    #####:  273:      _Rb_tree_iterator(_Base_ptr __x) _GLIBCXX_NOEXCEPT
    #####:  274:      : _M_node(__x) { }
------------------
_ZNSt17_Rb_tree_iteratorISt4pairIKmN5boost9unit_test9framework4impl10order_infoEEEC1EPSt18_Rb_tree_node_base:
       46:  273:      _Rb_tree_iterator(_Base_ptr __x) _GLIBCXX_NOEXCEPT
       46:  274:      : _M_node(__x) { }
------------------
_ZNSt17_Rb_tree_iteratorISt4pairIKmPN5boost9unit_test9test_unitEEEC1EPSt18_Rb_tree_node_base:
      291:  273:      _Rb_tree_iterator(_Base_ptr __x) _GLIBCXX_NOEXCEPT
      291:  274:      : _M_node(__x) { }
------------------
_ZNSt17_Rb_tree_iteratorISt4pairIKN5boost9unit_test13output_formatENS2_14runtime_config13stream_holderEEEC1EPSt18_Rb_tree_node_base:
        6:  273:      _Rb_tree_iterator(_Base_ptr __x) _GLIBCXX_NOEXCEPT
        6:  274:      : _M_node(__x) { }
------------------
_ZNSt17_Rb_tree_iteratorIPN5boost9unit_test13test_observerEEC1EPSt18_Rb_tree_node_base:
       21:  273:      _Rb_tree_iterator(_Base_ptr __x) _GLIBCXX_NOEXCEPT
       21:  274:      : _M_node(__x) { }
------------------
_ZNSt17_Rb_tree_iteratorIPN5boost9unit_test14global_fixtureEEC1EPSt18_Rb_tree_node_base:
    #####:  273:      _Rb_tree_iterator(_Base_ptr __x) _GLIBCXX_NOEXCEPT
    #####:  274:      : _M_node(__x) { }
------------------
_ZNSt17_Rb_tree_iteratorISt4pairIKN5boost16exception_detail10type_info_ENS1_10shared_ptrINS2_15error_info_baseEEEEEC1EPSt18_Rb_tree_node_base:
    #####:  273:      _Rb_tree_iterator(_Base_ptr __x) _GLIBCXX_NOEXCEPT
    #####:  274:      : _M_node(__x) { }
------------------
_ZNSt17_Rb_tree_iteratorISt4pairIKmN5boost9unit_test12test_resultsEEEC1EPSt18_Rb_tree_node_base:
      218:  273:      _Rb_tree_iterator(_Base_ptr __x) _GLIBCXX_NOEXCEPT
      218:  274:      : _M_node(__x) { }
------------------
_ZNSt17_Rb_tree_iteratorINSt7__cxx1112basic_stringIcSt11char_traitsIcESaIcEEEEC1EPSt18_Rb_tree_node_base:
       27:  273:      _Rb_tree_iterator(_Base_ptr __x) _GLIBCXX_NOEXCEPT
       27:  274:      : _M_node(__x) { }
------------------
_ZNSt17_Rb_tree_iteratorISt4pairIKN5boost9unit_test13basic_cstringIKcEENS2_12report_levelEEEC1EPSt18_Rb_tree_node_base:
       18:  273:      _Rb_tree_iterator(_Base_ptr __x) _GLIBCXX_NOEXCEPT
       18:  274:      : _M_node(__x) { }
------------------
_ZNSt17_Rb_tree_iteratorISt4pairIKcN5boost10shared_ptrINS2_7runtime3cla13rt_cla_detail14parameter_trieEEEEEC1EPSt18_Rb_tree_node_base:
     4241:  273:      _Rb_tree_iterator(_Base_ptr __x) _GLIBCXX_NOEXCEPT
     4241:  274:      : _M_node(__x) { }
------------------
_ZNSt17_Rb_tree_iteratorISt4pairIKN5boost9unit_test13basic_cstringIKcEENS1_10shared_ptrINS1_7runtime3cla13rt_cla_detail14parameter_trieEEEEEC1EPSt18_Rb_tree_node_base:
      166:  273:      _Rb_tree_iterator(_Base_ptr __x) _GLIBCXX_NOEXCEPT
      166:  274:      : _M_node(__x) { }
------------------
_ZNSt17_Rb_tree_iteratorIPKN5boost7runtime16parameter_cla_idEEC1EPSt18_Rb_tree_node_base:
    #####:  273:      _Rb_tree_iterator(_Base_ptr __x) _GLIBCXX_NOEXCEPT
    #####:  274:      : _M_node(__x) { }
------------------
_ZNSt17_Rb_tree_iteratorISt4pairIKcPS1_EEC1EPSt18_Rb_tree_node_base:
    #####:  273:      _Rb_tree_iterator(_Base_ptr __x) _GLIBCXX_NOEXCEPT
    #####:  274:      : _M_node(__x) { }
------------------
_ZNSt17_Rb_tree_iteratorISt4pairIKmmEEC1EPSt18_Rb_tree_node_base:
       11:  273:      _Rb_tree_iterator(_Base_ptr __x) _GLIBCXX_NOEXCEPT
       11:  274:      : _M_node(__x) { }
------------------
_ZNSt17_Rb_tree_iteratorISt4pairIKN5boost9unit_test13basic_cstringIKcEENS1_10shared_ptrINS1_7runtime8argumentEEEEEC1EPSt18_Rb_tree_node_base:
      316:  273:      _Rb_tree_iterator(_Base_ptr __x) _GLIBCXX_NOEXCEPT
      316:  274:      : _M_node(__x) { }
------------------
_ZNSt17_Rb_tree_iteratorISt4pairIKN5boost9unit_test13basic_cstringIKcEENS2_13output_formatEEEC1EPSt18_Rb_tree_node_base:
       52:  273:      _Rb_tree_iterator(_Base_ptr __x) _GLIBCXX_NOEXCEPT
       52:  274:      : _M_node(__x) { }
------------------
_ZNSt17_Rb_tree_iteratorISt4pairIKN5boost9unit_test13basic_cstringIKcEENS2_9log_levelEEEC1EPSt18_Rb_tree_node_base:
       44:  273:      _Rb_tree_iterator(_Base_ptr __x) _GLIBCXX_NOEXCEPT
       44:  274:      : _M_node(__x) { }
------------------
        -:  275:
        -:  276:      reference
     654*:  277:      operator*() const _GLIBCXX_NOEXCEPT
     654*:  278:      { return *static_cast<_Link_type>(_M_node)->_M_valptr(); }
------------------
_ZNKSt17_Rb_tree_iteratorISt4pairIKN5boost9unit_test13basic_cstringIKcEENS1_10shared_ptrINS1_7runtime8argumentEEEEEdeEv:
       38:  277:      operator*() const _GLIBCXX_NOEXCEPT
       38:  278:      { return *static_cast<_Link_type>(_M_node)->_M_valptr(); }
       38:  278-block  0
------------------
_ZNKSt17_Rb_tree_iteratorISt4pairIKcN5boost10shared_ptrINS2_7runtime3cla13rt_cla_detail14parameter_trieEEEEEdeEv:
    #####:  277:      operator*() const _GLIBCXX_NOEXCEPT
    #####:  278:      { return *static_cast<_Link_type>(_M_node)->_M_valptr(); }
    %%%%%:  278-block  0
------------------
_ZNKSt17_Rb_tree_iteratorISt4pairIKN5boost9unit_test13basic_cstringIKcEENS1_10shared_ptrINS1_7runtime3cla13rt_cla_detail14parameter_trieEEEEEdeEv:
      157:  277:      operator*() const _GLIBCXX_NOEXCEPT
      157:  278:      { return *static_cast<_Link_type>(_M_node)->_M_valptr(); }
      157:  278-block  0
------------------
_ZNKSt17_Rb_tree_iteratorISt4pairIKmN5boost9unit_test12test_resultsEEEdeEv:
      180:  277:      operator*() const _GLIBCXX_NOEXCEPT
      180:  278:      { return *static_cast<_Link_type>(_M_node)->_M_valptr(); }
      180:  278-block  0
------------------
_ZNKSt17_Rb_tree_iteratorISt4pairIKN5boost16exception_detail10type_info_ENS1_10shared_ptrINS2_15error_info_baseEEEEEdeEv:
    #####:  277:      operator*() const _GLIBCXX_NOEXCEPT
    #####:  278:      { return *static_cast<_Link_type>(_M_node)->_M_valptr(); }
    %%%%%:  278-block  0
------------------
_ZNKSt17_Rb_tree_iteratorISt4pairIKN5boost9unit_test13output_formatENS2_14runtime_config13stream_holderEEEdeEv:
        1:  277:      operator*() const _GLIBCXX_NOEXCEPT
        1:  278:      { return *static_cast<_Link_type>(_M_node)->_M_valptr(); }
        1:  278-block  0
------------------
_ZNKSt17_Rb_tree_iteratorISt4pairIKmN5boost9unit_test9framework4impl10order_infoEEEdeEv:
       12:  277:      operator*() const _GLIBCXX_NOEXCEPT
       12:  278:      { return *static_cast<_Link_type>(_M_node)->_M_valptr(); }
       12:  278-block  0
------------------
_ZNKSt17_Rb_tree_iteratorISt4pairIKmN5boost9unit_test6output10junit_impl16junit_log_helperEEEdeEv:
    #####:  277:      operator*() const _GLIBCXX_NOEXCEPT
    #####:  278:      { return *static_cast<_Link_type>(_M_node)->_M_valptr(); }
    %%%%%:  278-block  0
------------------
_ZNKSt17_Rb_tree_iteratorISt4pairIKmPN5boost9unit_test9test_unitEEEdeEv:
      266:  277:      operator*() const _GLIBCXX_NOEXCEPT
      266:  278:      { return *static_cast<_Link_type>(_M_node)->_M_valptr(); }
      266:  278-block  0
------------------
        -:  279:
        -:  280:      pointer
    #####:  281:      operator->() const _GLIBCXX_NOEXCEPT
    #####:  282:      { return static_cast<_Link_type> (_M_node)->_M_valptr(); }
    %%%%%:  282-block  0
        -:  283:
        -:  284:      _Self&
    #####:  285:      operator++() _GLIBCXX_NOEXCEPT
        -:  286:      {
    #####:  287:	_M_node = _Rb_tree_increment(_M_node);
    #####:  288:	return *this;
        -:  289:      }
------------------
_ZNSt17_Rb_tree_iteratorISt4pairIKN5boost9unit_test13basic_cstringIKcEENS2_12report_levelEEEppEv:
    #####:  285:      operator++() _GLIBCXX_NOEXCEPT
        -:  286:      {
    #####:  287:	_M_node = _Rb_tree_increment(_M_node);
    #####:  288:	return *this;
    %%%%%:  288-block  0
        -:  289:      }
------------------
_ZNSt17_Rb_tree_iteratorISt4pairIKN5boost9unit_test13basic_cstringIKcEENS2_9log_levelEEEppEv:
    #####:  285:      operator++() _GLIBCXX_NOEXCEPT
        -:  286:      {
    #####:  287:	_M_node = _Rb_tree_increment(_M_node);
    #####:  288:	return *this;
    %%%%%:  288-block  0
        -:  289:      }
------------------
_ZNSt17_Rb_tree_iteratorISt4pairIKN5boost9unit_test13basic_cstringIKcEENS2_13output_formatEEEppEv:
    #####:  285:      operator++() _GLIBCXX_NOEXCEPT
        -:  286:      {
    #####:  287:	_M_node = _Rb_tree_increment(_M_node);
    #####:  288:	return *this;
    %%%%%:  288-block  0
        -:  289:      }
------------------
_ZNSt17_Rb_tree_iteratorISt4pairIKN5boost9unit_test13basic_cstringIKcEENS1_10shared_ptrINS1_7runtime8argumentEEEEEppEv:
    #####:  285:      operator++() _GLIBCXX_NOEXCEPT
        -:  286:      {
    #####:  287:	_M_node = _Rb_tree_increment(_M_node);
    #####:  288:	return *this;
    %%%%%:  288-block  0
        -:  289:      }
------------------
_ZNSt17_Rb_tree_iteratorINSt7__cxx1112basic_stringIcSt11char_traitsIcESaIcEEEEppEv:
    #####:  285:      operator++() _GLIBCXX_NOEXCEPT
        -:  286:      {
    #####:  287:	_M_node = _Rb_tree_increment(_M_node);
    #####:  288:	return *this;
    %%%%%:  288-block  0
        -:  289:      }
------------------
_ZNSt17_Rb_tree_iteratorISt4pairIKcPS1_EEppEv:
    #####:  285:      operator++() _GLIBCXX_NOEXCEPT
        -:  286:      {
    #####:  287:	_M_node = _Rb_tree_increment(_M_node);
    #####:  288:	return *this;
    %%%%%:  288-block  0
        -:  289:      }
------------------
_ZNSt17_Rb_tree_iteratorISt4pairIKN5boost9unit_test13basic_cstringIKcEENS1_10shared_ptrINS1_7runtime3cla13rt_cla_detail14parameter_trieEEEEEppEv:
    #####:  285:      operator++() _GLIBCXX_NOEXCEPT
        -:  286:      {
    #####:  287:	_M_node = _Rb_tree_increment(_M_node);
    #####:  288:	return *this;
    %%%%%:  288-block  0
        -:  289:      }
------------------
_ZNSt17_Rb_tree_iteratorISt4pairIKmN5boost9unit_test12test_resultsEEEppEv:
    #####:  285:      operator++() _GLIBCXX_NOEXCEPT
        -:  286:      {
    #####:  287:	_M_node = _Rb_tree_increment(_M_node);
    #####:  288:	return *this;
    %%%%%:  288-block  0
        -:  289:      }
------------------
_ZNSt17_Rb_tree_iteratorISt4pairIKN5boost16exception_detail10type_info_ENS1_10shared_ptrINS2_15error_info_baseEEEEEppEv:
    #####:  285:      operator++() _GLIBCXX_NOEXCEPT
        -:  286:      {
    #####:  287:	_M_node = _Rb_tree_increment(_M_node);
    #####:  288:	return *this;
    %%%%%:  288-block  0
        -:  289:      }
------------------
_ZNSt17_Rb_tree_iteratorISt4pairIKmPN5boost9unit_test9test_unitEEEppEv:
    #####:  285:      operator++() _GLIBCXX_NOEXCEPT
        -:  286:      {
    #####:  287:	_M_node = _Rb_tree_increment(_M_node);
    #####:  288:	return *this;
    %%%%%:  288-block  0
        -:  289:      }
------------------
_ZNSt17_Rb_tree_iteratorISt4pairIKN5boost9unit_test13output_formatENS2_14runtime_config13stream_holderEEEppEv:
    #####:  285:      operator++() _GLIBCXX_NOEXCEPT
        -:  286:      {
    #####:  287:	_M_node = _Rb_tree_increment(_M_node);
    #####:  288:	return *this;
    %%%%%:  288-block  0
        -:  289:      }
------------------
_ZNSt17_Rb_tree_iteratorISt4pairIKmN5boost9unit_test9framework4impl10order_infoEEEppEv:
    #####:  285:      operator++() _GLIBCXX_NOEXCEPT
        -:  286:      {
    #####:  287:	_M_node = _Rb_tree_increment(_M_node);
    #####:  288:	return *this;
    %%%%%:  288-block  0
        -:  289:      }
------------------
_ZNSt17_Rb_tree_iteratorISt4pairIKmN5boost9unit_test6output10junit_impl16junit_log_helperEEEppEv:
    #####:  285:      operator++() _GLIBCXX_NOEXCEPT
        -:  286:      {
    #####:  287:	_M_node = _Rb_tree_increment(_M_node);
    #####:  288:	return *this;
    %%%%%:  288-block  0
        -:  289:      }
------------------
_ZNSt17_Rb_tree_iteratorISt4pairIKcN5boost10shared_ptrINS2_7runtime3cla13rt_cla_detail14parameter_trieEEEEEppEv:
    #####:  285:      operator++() _GLIBCXX_NOEXCEPT
        -:  286:      {
    #####:  287:	_M_node = _Rb_tree_increment(_M_node);
    #####:  288:	return *this;
    %%%%%:  288-block  0
        -:  289:      }
------------------
        -:  290:
        -:  291:      _Self
        -:  292:      operator++(int) _GLIBCXX_NOEXCEPT
        -:  293:      {
        -:  294:	_Self __tmp = *this;
        -:  295:	_M_node = _Rb_tree_increment(_M_node);
        -:  296:	return __tmp;
        -:  297:      }
        -:  298:
        -:  299:      _Self&
      26*:  300:      operator--() _GLIBCXX_NOEXCEPT
        -:  301:      {
      26*:  302:	_M_node = _Rb_tree_decrement(_M_node);
      26*:  303:	return *this;
        -:  304:      }
------------------
_ZNSt17_Rb_tree_iteratorINSt7__cxx1112basic_stringIcSt11char_traitsIcESaIcEEEEmmEv:
        2:  300:      operator--() _GLIBCXX_NOEXCEPT
        -:  301:      {
        2:  302:	_M_node = _Rb_tree_decrement(_M_node);
        2:  303:	return *this;
        2:  303-block  0
        -:  304:      }
------------------
_ZNSt17_Rb_tree_iteratorISt4pairIKmN5boost9unit_test6output10junit_impl16junit_log_helperEEEmmEv:
    #####:  300:      operator--() _GLIBCXX_NOEXCEPT
        -:  301:      {
    #####:  302:	_M_node = _Rb_tree_decrement(_M_node);
    #####:  303:	return *this;
    %%%%%:  303-block  0
        -:  304:      }
------------------
_ZNSt17_Rb_tree_iteratorISt4pairIKmN5boost9unit_test9framework4impl10order_infoEEEmmEv:
    #####:  300:      operator--() _GLIBCXX_NOEXCEPT
        -:  301:      {
    #####:  302:	_M_node = _Rb_tree_decrement(_M_node);
    #####:  303:	return *this;
    %%%%%:  303-block  0
        -:  304:      }
------------------
_ZNSt17_Rb_tree_iteratorISt4pairIKN5boost9unit_test13output_formatENS2_14runtime_config13stream_holderEEEmmEv:
    #####:  300:      operator--() _GLIBCXX_NOEXCEPT
        -:  301:      {
    #####:  302:	_M_node = _Rb_tree_decrement(_M_node);
    #####:  303:	return *this;
    %%%%%:  303-block  0
        -:  304:      }
------------------
_ZNSt17_Rb_tree_iteratorISt4pairIKmPN5boost9unit_test9test_unitEEEmmEv:
    #####:  300:      operator--() _GLIBCXX_NOEXCEPT
        -:  301:      {
    #####:  302:	_M_node = _Rb_tree_decrement(_M_node);
    #####:  303:	return *this;
    %%%%%:  303-block  0
        -:  304:      }
------------------
_ZNSt17_Rb_tree_iteratorIPN5boost9unit_test13test_observerEEmmEv:
    #####:  300:      operator--() _GLIBCXX_NOEXCEPT
        -:  301:      {
    #####:  302:	_M_node = _Rb_tree_decrement(_M_node);
    #####:  303:	return *this;
    %%%%%:  303-block  0
        -:  304:      }
------------------
_ZNSt17_Rb_tree_iteratorIPN5boost9unit_test14global_fixtureEEmmEv:
    #####:  300:      operator--() _GLIBCXX_NOEXCEPT
        -:  301:      {
    #####:  302:	_M_node = _Rb_tree_decrement(_M_node);
    #####:  303:	return *this;
    %%%%%:  303-block  0
        -:  304:      }
------------------
_ZNSt17_Rb_tree_iteratorISt4pairIKN5boost16exception_detail10type_info_ENS1_10shared_ptrINS2_15error_info_baseEEEEEmmEv:
    #####:  300:      operator--() _GLIBCXX_NOEXCEPT
        -:  301:      {
    #####:  302:	_M_node = _Rb_tree_decrement(_M_node);
    #####:  303:	return *this;
    %%%%%:  303-block  0
        -:  304:      }
------------------
_ZNSt17_Rb_tree_iteratorISt4pairIKmN5boost9unit_test12test_resultsEEEmmEv:
    #####:  300:      operator--() _GLIBCXX_NOEXCEPT
        -:  301:      {
    #####:  302:	_M_node = _Rb_tree_decrement(_M_node);
    #####:  303:	return *this;
    %%%%%:  303-block  0
        -:  304:      }
------------------
_ZNSt17_Rb_tree_iteratorISt4pairIKN5boost9unit_test13basic_cstringIKcEENS2_12report_levelEEEmmEv:
    #####:  300:      operator--() _GLIBCXX_NOEXCEPT
        -:  301:      {
    #####:  302:	_M_node = _Rb_tree_decrement(_M_node);
    #####:  303:	return *this;
    %%%%%:  303-block  0
        -:  304:      }
------------------
_ZNSt17_Rb_tree_iteratorISt4pairIKN5boost9unit_test13basic_cstringIKcEENS1_10shared_ptrINS1_7runtime11basic_paramEEEEEmmEv:
        2:  300:      operator--() _GLIBCXX_NOEXCEPT
        -:  301:      {
        2:  302:	_M_node = _Rb_tree_decrement(_M_node);
        2:  303:	return *this;
        2:  303-block  0
        -:  304:      }
------------------
_ZNSt17_Rb_tree_iteratorISt4pairIKcN5boost10shared_ptrINS2_7runtime3cla13rt_cla_detail14parameter_trieEEEEEmmEv:
        6:  300:      operator--() _GLIBCXX_NOEXCEPT
        -:  301:      {
        6:  302:	_M_node = _Rb_tree_decrement(_M_node);
        6:  303:	return *this;
        6:  303-block  0
        -:  304:      }
------------------
_ZNSt17_Rb_tree_iteratorISt4pairIKN5boost9unit_test13basic_cstringIKcEENS1_10shared_ptrINS1_7runtime3cla13rt_cla_detail14parameter_trieEEEEEmmEv:
    #####:  300:      operator--() _GLIBCXX_NOEXCEPT
        -:  301:      {
    #####:  302:	_M_node = _Rb_tree_decrement(_M_node);
    #####:  303:	return *this;
    %%%%%:  303-block  0
        -:  304:      }
------------------
_ZNSt17_Rb_tree_iteratorIPKN5boost7runtime16parameter_cla_idEEmmEv:
    #####:  300:      operator--() _GLIBCXX_NOEXCEPT
        -:  301:      {
    #####:  302:	_M_node = _Rb_tree_decrement(_M_node);
    #####:  303:	return *this;
    %%%%%:  303-block  0
        -:  304:      }
------------------
_ZNSt17_Rb_tree_iteratorISt4pairIKcPS1_EEmmEv:
    #####:  300:      operator--() _GLIBCXX_NOEXCEPT
        -:  301:      {
    #####:  302:	_M_node = _Rb_tree_decrement(_M_node);
    #####:  303:	return *this;
    %%%%%:  303-block  0
        -:  304:      }
------------------
_ZNSt17_Rb_tree_iteratorISt4pairIKN5boost9unit_test13basic_cstringIKcEENS1_10shared_ptrINS1_7runtime8argumentEEEEEmmEv:
       13:  300:      operator--() _GLIBCXX_NOEXCEPT
        -:  301:      {
       13:  302:	_M_node = _Rb_tree_decrement(_M_node);
       13:  303:	return *this;
       13:  303-block  0
        -:  304:      }
------------------
_ZNSt17_Rb_tree_iteratorISt4pairIKN5boost9unit_test13basic_cstringIKcEENS2_13output_formatEEEmmEv:
    #####:  300:      operator--() _GLIBCXX_NOEXCEPT
        -:  301:      {
    #####:  302:	_M_node = _Rb_tree_decrement(_M_node);
    #####:  303:	return *this;
    %%%%%:  303-block  0
        -:  304:      }
------------------
_ZNSt17_Rb_tree_iteratorISt4pairIKN5boost9unit_test13basic_cstringIKcEENS2_9log_levelEEEmmEv:
        3:  300:      operator--() _GLIBCXX_NOEXCEPT
        -:  301:      {
        3:  302:	_M_node = _Rb_tree_decrement(_M_node);
        3:  303:	return *this;
        3:  303-block  0
        -:  304:      }
------------------
        -:  305:
        -:  306:      _Self
        -:  307:      operator--(int) _GLIBCXX_NOEXCEPT
        -:  308:      {
        -:  309:	_Self __tmp = *this;
        -:  310:	_M_node = _Rb_tree_decrement(_M_node);
        -:  311:	return __tmp;
        -:  312:      }
        -:  313:
        -:  314:      bool
    1633*:  315:      operator==(const _Self& __x) const _GLIBCXX_NOEXCEPT
    1633*:  316:      { return _M_node == __x._M_node; }
------------------
_ZNKSt17_Rb_tree_iteratorISt4pairIKN5boost9unit_test13basic_cstringIKcEENS1_10shared_ptrINS1_7runtime8argumentEEEEEeqERKSC_:
       98:  315:      operator==(const _Self& __x) const _GLIBCXX_NOEXCEPT
       98:  316:      { return _M_node == __x._M_node; }
       98:  316-block  0
------------------
_ZNKSt17_Rb_tree_iteratorISt4pairIKmN5boost9unit_test6output10junit_impl16junit_log_helperEEEeqERKS8_:
    #####:  315:      operator==(const _Self& __x) const _GLIBCXX_NOEXCEPT
    #####:  316:      { return _M_node == __x._M_node; }
    %%%%%:  316-block  0
------------------
_ZNKSt17_Rb_tree_iteratorISt4pairIKmN5boost9unit_test9framework4impl10order_infoEEEeqERKS8_:
       12:  315:      operator==(const _Self& __x) const _GLIBCXX_NOEXCEPT
       12:  316:      { return _M_node == __x._M_node; }
       12:  316-block  0
------------------
_ZNKSt17_Rb_tree_iteratorISt4pairIKN5boost9unit_test13output_formatENS2_14runtime_config13stream_holderEEEeqERKS8_:
        2:  315:      operator==(const _Self& __x) const _GLIBCXX_NOEXCEPT
        2:  316:      { return _M_node == __x._M_node; }
        2:  316-block  0
------------------
_ZNKSt17_Rb_tree_iteratorISt4pairIKmPN5boost9unit_test9test_unitEEEeqERKS7_:
      134:  315:      operator==(const _Self& __x) const _GLIBCXX_NOEXCEPT
      134:  316:      { return _M_node == __x._M_node; }
      134:  316-block  0
------------------
_ZNKSt17_Rb_tree_iteratorISt4pairIKN5boost16exception_detail10type_info_ENS1_10shared_ptrINS2_15error_info_baseEEEEEeqERKS9_:
    #####:  315:      operator==(const _Self& __x) const _GLIBCXX_NOEXCEPT
    #####:  316:      { return _M_node == __x._M_node; }
    %%%%%:  316-block  0
------------------
_ZNKSt17_Rb_tree_iteratorISt4pairIKmN5boost9unit_test12test_resultsEEEeqERKS6_:
       97:  315:      operator==(const _Self& __x) const _GLIBCXX_NOEXCEPT
       97:  316:      { return _M_node == __x._M_node; }
       97:  316-block  0
------------------
_ZNKSt17_Rb_tree_iteratorISt4pairIKN5boost9unit_test13basic_cstringIKcEENS1_10shared_ptrINS1_7runtime3cla13rt_cla_detail14parameter_trieEEEEEeqERKSE_:
       80:  315:      operator==(const _Self& __x) const _GLIBCXX_NOEXCEPT
       80:  316:      { return _M_node == __x._M_node; }
       80:  316-block  0
------------------
_ZNKSt17_Rb_tree_iteratorISt4pairIKcN5boost10shared_ptrINS2_7runtime3cla13rt_cla_detail14parameter_trieEEEEEeqERKSA_:
     1184:  315:      operator==(const _Self& __x) const _GLIBCXX_NOEXCEPT
     1184:  316:      { return _M_node == __x._M_node; }
     1184:  316-block  0
------------------
_ZNKSt17_Rb_tree_iteratorISt4pairIKN5boost9unit_test13basic_cstringIKcEENS2_12report_levelEEEeqERKS9_:
        3:  315:      operator==(const _Self& __x) const _GLIBCXX_NOEXCEPT
        3:  316:      { return _M_node == __x._M_node; }
        3:  316-block  0
------------------
_ZNKSt17_Rb_tree_iteratorIPN5boost9unit_test13test_observerEEeqERKS4_:
        3:  315:      operator==(const _Self& __x) const _GLIBCXX_NOEXCEPT
        3:  316:      { return _M_node == __x._M_node; }
        3:  316-block  0
------------------
_ZNKSt17_Rb_tree_iteratorIPN5boost9unit_test14global_fixtureEEeqERKS4_:
    #####:  315:      operator==(const _Self& __x) const _GLIBCXX_NOEXCEPT
    #####:  316:      { return _M_node == __x._M_node; }
    %%%%%:  316-block  0
------------------
_ZNKSt17_Rb_tree_iteratorINSt7__cxx1112basic_stringIcSt11char_traitsIcESaIcEEEEeqERKS6_:
        5:  315:      operator==(const _Self& __x) const _GLIBCXX_NOEXCEPT
        5:  316:      { return _M_node == __x._M_node; }
        5:  316-block  0
------------------
_ZNKSt17_Rb_tree_iteratorISt4pairIKN5boost9unit_test13basic_cstringIKcEENS1_10shared_ptrINS1_7runtime11basic_paramEEEEEeqERKSC_:
        3:  315:      operator==(const _Self& __x) const _GLIBCXX_NOEXCEPT
        3:  316:      { return _M_node == __x._M_node; }
        3:  316-block  0
------------------
_ZNKSt17_Rb_tree_iteratorIPKN5boost7runtime16parameter_cla_idEEeqERKS5_:
    #####:  315:      operator==(const _Self& __x) const _GLIBCXX_NOEXCEPT
    #####:  316:      { return _M_node == __x._M_node; }
    %%%%%:  316-block  0
------------------
_ZNKSt17_Rb_tree_iteratorISt4pairIKcPS1_EEeqERKS4_:
    #####:  315:      operator==(const _Self& __x) const _GLIBCXX_NOEXCEPT
    #####:  316:      { return _M_node == __x._M_node; }
    %%%%%:  316-block  0
------------------
_ZNKSt17_Rb_tree_iteratorISt4pairIKN5boost9unit_test13basic_cstringIKcEENS2_13output_formatEEEeqERKS9_:
        8:  315:      operator==(const _Self& __x) const _GLIBCXX_NOEXCEPT
        8:  316:      { return _M_node == __x._M_node; }
        8:  316-block  0
------------------
_ZNKSt17_Rb_tree_iteratorISt4pairIKN5boost9unit_test13basic_cstringIKcEENS2_9log_levelEEEeqERKS9_:
        4:  315:      operator==(const _Self& __x) const _GLIBCXX_NOEXCEPT
        4:  316:      { return _M_node == __x._M_node; }
        4:  316-block  0
------------------
        -:  317:
        -:  318:      bool
        -:  319:      operator!=(const _Self& __x) const _GLIBCXX_NOEXCEPT
        -:  320:      { return _M_node != __x._M_node; }
        -:  321:
        -:  322:      _Base_ptr _M_node;
        -:  323:  };
        -:  324:
        -:  325:  template<typename _Tp>
        -:  326:    struct _Rb_tree_const_iterator
        -:  327:    {
        -:  328:      typedef _Tp	 value_type;
        -:  329:      typedef const _Tp& reference;
        -:  330:      typedef const _Tp* pointer;
        -:  331:
        -:  332:      typedef _Rb_tree_iterator<_Tp> iterator;
        -:  333:
        -:  334:      typedef bidirectional_iterator_tag iterator_category;
        -:  335:      typedef ptrdiff_t			 difference_type;
        -:  336:
        -:  337:      typedef _Rb_tree_const_iterator<_Tp>		_Self;
        -:  338:      typedef _Rb_tree_node_base::_Const_Base_ptr	_Base_ptr;
        -:  339:      typedef const _Rb_tree_node<_Tp>*			_Link_type;
        -:  340:
        -:  341:      _Rb_tree_const_iterator() _GLIBCXX_NOEXCEPT
        -:  342:      : _M_node() { }
        -:  343:
        -:  344:      explicit
     762*:  345:      _Rb_tree_const_iterator(_Base_ptr __x) _GLIBCXX_NOEXCEPT
     762*:  346:      : _M_node(__x) { }
------------------
_ZNSt23_Rb_tree_const_iteratorISt4pairIKN5boost9unit_test13basic_cstringIKcEENS2_13output_formatEEEC1EPKSt18_Rb_tree_node_base:
        3:  345:      _Rb_tree_const_iterator(_Base_ptr __x) _GLIBCXX_NOEXCEPT
        3:  346:      : _M_node(__x) { }
------------------
_ZNSt23_Rb_tree_const_iteratorISt4pairIKN5boost9unit_test13basic_cstringIKcEENS2_9log_levelEEEC1EPKSt18_Rb_tree_node_base:
    #####:  345:      _Rb_tree_const_iterator(_Base_ptr __x) _GLIBCXX_NOEXCEPT
    #####:  346:      : _M_node(__x) { }
------------------
_ZNSt23_Rb_tree_const_iteratorISt4pairIKN5boost9unit_test13basic_cstringIKcEENS2_12report_levelEEEC1EPKSt18_Rb_tree_node_base:
    #####:  345:      _Rb_tree_const_iterator(_Base_ptr __x) _GLIBCXX_NOEXCEPT
    #####:  346:      : _M_node(__x) { }
------------------
_ZNSt23_Rb_tree_const_iteratorIPN5boost9unit_test14global_fixtureEEC1EPKSt18_Rb_tree_node_base:
        4:  345:      _Rb_tree_const_iterator(_Base_ptr __x) _GLIBCXX_NOEXCEPT
        4:  346:      : _M_node(__x) { }
------------------
_ZNSt23_Rb_tree_const_iteratorIPN5boost9unit_test13test_observerEEC1EPKSt18_Rb_tree_node_base:
      166:  345:      _Rb_tree_const_iterator(_Base_ptr __x) _GLIBCXX_NOEXCEPT
      166:  346:      : _M_node(__x) { }
------------------
_ZNSt23_Rb_tree_const_iteratorISt4pairIKcN5boost10shared_ptrINS2_7runtime3cla13rt_cla_detail14parameter_trieEEEEEC1EPKSt18_Rb_tree_node_base:
      156:  345:      _Rb_tree_const_iterator(_Base_ptr __x) _GLIBCXX_NOEXCEPT
      156:  346:      : _M_node(__x) { }
------------------
_ZNSt23_Rb_tree_const_iteratorISt4pairIKN5boost9unit_test13basic_cstringIKcEENS1_10shared_ptrINS1_7runtime11basic_paramEEEEEC1EPKSt18_Rb_tree_node_base:
        6:  345:      _Rb_tree_const_iterator(_Base_ptr __x) _GLIBCXX_NOEXCEPT
        6:  346:      : _M_node(__x) { }
------------------
_ZNSt23_Rb_tree_const_iteratorINSt7__cxx1112basic_stringIcSt11char_traitsIcESaIcEEEEC1EPKSt18_Rb_tree_node_base:
    #####:  345:      _Rb_tree_const_iterator(_Base_ptr __x) _GLIBCXX_NOEXCEPT
    #####:  346:      : _M_node(__x) { }
------------------
_ZNSt23_Rb_tree_const_iteratorISt4pairIKN5boost16exception_detail10type_info_ENS1_10shared_ptrINS2_15error_info_baseEEEEEC1EPKSt18_Rb_tree_node_base:
    #####:  345:      _Rb_tree_const_iterator(_Base_ptr __x) _GLIBCXX_NOEXCEPT
    #####:  346:      : _M_node(__x) { }
------------------
_ZNSt23_Rb_tree_const_iteratorISt4pairIKmmEEC1EPKSt18_Rb_tree_node_base:
        4:  345:      _Rb_tree_const_iterator(_Base_ptr __x) _GLIBCXX_NOEXCEPT
        4:  346:      : _M_node(__x) { }
------------------
_ZNSt23_Rb_tree_const_iteratorISt4pairIKmN5boost9unit_test6output10junit_impl16junit_log_helperEEEC1EPKSt18_Rb_tree_node_base:
    #####:  345:      _Rb_tree_const_iterator(_Base_ptr __x) _GLIBCXX_NOEXCEPT
    #####:  346:      : _M_node(__x) { }
------------------
_ZNSt23_Rb_tree_const_iteratorISt4pairIKcPS1_EEC1EPKSt18_Rb_tree_node_base:
    #####:  345:      _Rb_tree_const_iterator(_Base_ptr __x) _GLIBCXX_NOEXCEPT
    #####:  346:      : _M_node(__x) { }
------------------
_ZNSt23_Rb_tree_const_iteratorISt4pairIKN5boost9unit_test13basic_cstringIKcEENS1_10shared_ptrINS1_7runtime8argumentEEEEEC1EPKSt18_Rb_tree_node_base:
      423:  345:      _Rb_tree_const_iterator(_Base_ptr __x) _GLIBCXX_NOEXCEPT
      423:  346:      : _M_node(__x) { }
------------------
        -:  347:
    2170*:  348:      _Rb_tree_const_iterator(const iterator& __it) _GLIBCXX_NOEXCEPT
    2170*:  349:      : _M_node(__it._M_node) { }
------------------
_ZNSt23_Rb_tree_const_iteratorISt4pairIKN5boost9unit_test13basic_cstringIKcEENS1_10shared_ptrINS1_7runtime8argumentEEEEEC1ERKSt17_Rb_tree_iteratorISB_E:
      171:  348:      _Rb_tree_const_iterator(const iterator& __it) _GLIBCXX_NOEXCEPT
      171:  349:      : _M_node(__it._M_node) { }
------------------
_ZNSt23_Rb_tree_const_iteratorISt4pairIKcN5boost10shared_ptrINS2_7runtime3cla13rt_cla_detail14parameter_trieEEEEEC1ERKSt17_Rb_tree_iteratorIS9_E:
     1919:  348:      _Rb_tree_const_iterator(const iterator& __it) _GLIBCXX_NOEXCEPT
     1919:  349:      : _M_node(__it._M_node) { }
------------------
_ZNSt23_Rb_tree_const_iteratorISt4pairIKmN5boost9unit_test6output10junit_impl16junit_log_helperEEEC1ERKSt17_Rb_tree_iteratorIS7_E:
    #####:  348:      _Rb_tree_const_iterator(const iterator& __it) _GLIBCXX_NOEXCEPT
    #####:  349:      : _M_node(__it._M_node) { }
------------------
_ZNSt23_Rb_tree_const_iteratorISt4pairIKmN5boost9unit_test9framework4impl10order_infoEEEC1ERKSt17_Rb_tree_iteratorIS7_E:
       11:  348:      _Rb_tree_const_iterator(const iterator& __it) _GLIBCXX_NOEXCEPT
       11:  349:      : _M_node(__it._M_node) { }
------------------
_ZNSt23_Rb_tree_const_iteratorISt4pairIKN5boost9unit_test13output_formatENS2_14runtime_config13stream_holderEEEC1ERKSt17_Rb_tree_iteratorIS7_E:
        1:  348:      _Rb_tree_const_iterator(const iterator& __it) _GLIBCXX_NOEXCEPT
        1:  349:      : _M_node(__it._M_node) { }
------------------
_ZNSt23_Rb_tree_const_iteratorISt4pairIKmPN5boost9unit_test9test_unitEEEC1ERKSt17_Rb_tree_iteratorIS6_E:
    #####:  348:      _Rb_tree_const_iterator(const iterator& __it) _GLIBCXX_NOEXCEPT
    #####:  349:      : _M_node(__it._M_node) { }
------------------
_ZNSt23_Rb_tree_const_iteratorISt4pairIKN5boost16exception_detail10type_info_ENS1_10shared_ptrINS2_15error_info_baseEEEEEC1ERKSt17_Rb_tree_iteratorIS8_E:
    #####:  348:      _Rb_tree_const_iterator(const iterator& __it) _GLIBCXX_NOEXCEPT
    #####:  349:      : _M_node(__it._M_node) { }
------------------
_ZNSt23_Rb_tree_const_iteratorISt4pairIKmN5boost9unit_test12test_resultsEEEC1ERKSt17_Rb_tree_iteratorIS5_E:
       12:  348:      _Rb_tree_const_iterator(const iterator& __it) _GLIBCXX_NOEXCEPT
       12:  349:      : _M_node(__it._M_node) { }
------------------
_ZNSt23_Rb_tree_const_iteratorISt4pairIKN5boost9unit_test13basic_cstringIKcEENS1_10shared_ptrINS1_7runtime3cla13rt_cla_detail14parameter_trieEEEEEC1ERKSt17_Rb_tree_iteratorISD_E:
        3:  348:      _Rb_tree_const_iterator(const iterator& __it) _GLIBCXX_NOEXCEPT
        3:  349:      : _M_node(__it._M_node) { }
------------------
_ZNSt23_Rb_tree_const_iteratorISt4pairIKN5boost9unit_test13basic_cstringIKcEENS2_12report_levelEEEC1ERKSt17_Rb_tree_iteratorIS8_E:
        4:  348:      _Rb_tree_const_iterator(const iterator& __it) _GLIBCXX_NOEXCEPT
        4:  349:      : _M_node(__it._M_node) { }
------------------
_ZNSt23_Rb_tree_const_iteratorISt4pairIKcPS1_EEC1ERKSt17_Rb_tree_iteratorIS3_E:
    #####:  348:      _Rb_tree_const_iterator(const iterator& __it) _GLIBCXX_NOEXCEPT
    #####:  349:      : _M_node(__it._M_node) { }
------------------
_ZNSt23_Rb_tree_const_iteratorIPN5boost9unit_test13test_observerEEC1ERKSt17_Rb_tree_iteratorIS3_E:
       15:  348:      _Rb_tree_const_iterator(const iterator& __it) _GLIBCXX_NOEXCEPT
       15:  349:      : _M_node(__it._M_node) { }
------------------
_ZNSt23_Rb_tree_const_iteratorIPN5boost9unit_test14global_fixtureEEC1ERKSt17_Rb_tree_iteratorIS3_E:
    #####:  348:      _Rb_tree_const_iterator(const iterator& __it) _GLIBCXX_NOEXCEPT
    #####:  349:      : _M_node(__it._M_node) { }
------------------
_ZNSt23_Rb_tree_const_iteratorINSt7__cxx1112basic_stringIcSt11char_traitsIcESaIcEEEEC1ERKSt17_Rb_tree_iteratorIS5_E:
       11:  348:      _Rb_tree_const_iterator(const iterator& __it) _GLIBCXX_NOEXCEPT
       11:  349:      : _M_node(__it._M_node) { }
------------------
_ZNSt23_Rb_tree_const_iteratorIPKN5boost7runtime16parameter_cla_idEEC1ERKSt17_Rb_tree_iteratorIS4_E:
    #####:  348:      _Rb_tree_const_iterator(const iterator& __it) _GLIBCXX_NOEXCEPT
    #####:  349:      : _M_node(__it._M_node) { }
------------------
_ZNSt23_Rb_tree_const_iteratorISt4pairIKN5boost9unit_test13basic_cstringIKcEENS2_13output_formatEEEC1ERKSt17_Rb_tree_iteratorIS8_E:
       12:  348:      _Rb_tree_const_iterator(const iterator& __it) _GLIBCXX_NOEXCEPT
       12:  349:      : _M_node(__it._M_node) { }
------------------
_ZNSt23_Rb_tree_const_iteratorISt4pairIKN5boost9unit_test13basic_cstringIKcEENS2_9log_levelEEEC1ERKSt17_Rb_tree_iteratorIS8_E:
       11:  348:      _Rb_tree_const_iterator(const iterator& __it) _GLIBCXX_NOEXCEPT
       11:  349:      : _M_node(__it._M_node) { }
------------------
        -:  350:
        -:  351:      iterator
      77*:  352:      _M_const_cast() const _GLIBCXX_NOEXCEPT
      77*:  353:      { return iterator(const_cast<typename iterator::_Base_ptr>(_M_node)); }
------------------
_ZNKSt23_Rb_tree_const_iteratorISt4pairIKN5boost9unit_test13basic_cstringIKcEENS2_12report_levelEEE13_M_const_castEv:
        4:  352:      _M_const_cast() const _GLIBCXX_NOEXCEPT
        4:  353:      { return iterator(const_cast<typename iterator::_Base_ptr>(_M_node)); }
        4:  353-block  0
------------------
_ZNKSt23_Rb_tree_const_iteratorISt4pairIKN5boost9unit_test13basic_cstringIKcEENS2_9log_levelEEE13_M_const_castEv:
       11:  352:      _M_const_cast() const _GLIBCXX_NOEXCEPT
       11:  353:      { return iterator(const_cast<typename iterator::_Base_ptr>(_M_node)); }
       11:  353-block  0
------------------
_ZNKSt23_Rb_tree_const_iteratorISt4pairIKN5boost9unit_test13basic_cstringIKcEENS2_13output_formatEEE13_M_const_castEv:
       12:  352:      _M_const_cast() const _GLIBCXX_NOEXCEPT
       12:  353:      { return iterator(const_cast<typename iterator::_Base_ptr>(_M_node)); }
       12:  353-block  0
------------------
_ZNKSt23_Rb_tree_const_iteratorISt4pairIKN5boost9unit_test13basic_cstringIKcEENS1_10shared_ptrINS1_7runtime8argumentEEEEE13_M_const_castEv:
       23:  352:      _M_const_cast() const _GLIBCXX_NOEXCEPT
       23:  353:      { return iterator(const_cast<typename iterator::_Base_ptr>(_M_node)); }
       23:  353-block  0
------------------
_ZNKSt23_Rb_tree_const_iteratorINSt7__cxx1112basic_stringIcSt11char_traitsIcESaIcEEEE13_M_const_castEv:
    #####:  352:      _M_const_cast() const _GLIBCXX_NOEXCEPT
    #####:  353:      { return iterator(const_cast<typename iterator::_Base_ptr>(_M_node)); }
    %%%%%:  353-block  0
------------------
_ZNKSt23_Rb_tree_const_iteratorISt4pairIKcPS1_EE13_M_const_castEv:
    #####:  352:      _M_const_cast() const _GLIBCXX_NOEXCEPT
    #####:  353:      { return iterator(const_cast<typename iterator::_Base_ptr>(_M_node)); }
    %%%%%:  353-block  0
------------------
_ZNKSt23_Rb_tree_const_iteratorISt4pairIKN5boost9unit_test13basic_cstringIKcEENS1_10shared_ptrINS1_7runtime3cla13rt_cla_detail14parameter_trieEEEEE13_M_const_castEv:
        3:  352:      _M_const_cast() const _GLIBCXX_NOEXCEPT
        3:  353:      { return iterator(const_cast<typename iterator::_Base_ptr>(_M_node)); }
        3:  353-block  0
------------------
_ZNKSt23_Rb_tree_const_iteratorISt4pairIKmN5boost9unit_test12test_resultsEEE13_M_const_castEv:
       12:  352:      _M_const_cast() const _GLIBCXX_NOEXCEPT
       12:  353:      { return iterator(const_cast<typename iterator::_Base_ptr>(_M_node)); }
       12:  353-block  0
------------------
_ZNKSt23_Rb_tree_const_iteratorISt4pairIKN5boost16exception_detail10type_info_ENS1_10shared_ptrINS2_15error_info_baseEEEEE13_M_const_castEv:
    #####:  352:      _M_const_cast() const _GLIBCXX_NOEXCEPT
    #####:  353:      { return iterator(const_cast<typename iterator::_Base_ptr>(_M_node)); }
    %%%%%:  353-block  0
------------------
_ZNKSt23_Rb_tree_const_iteratorISt4pairIKmPN5boost9unit_test9test_unitEEE13_M_const_castEv:
    #####:  352:      _M_const_cast() const _GLIBCXX_NOEXCEPT
    #####:  353:      { return iterator(const_cast<typename iterator::_Base_ptr>(_M_node)); }
    %%%%%:  353-block  0
------------------
_ZNKSt23_Rb_tree_const_iteratorISt4pairIKN5boost9unit_test13output_formatENS2_14runtime_config13stream_holderEEE13_M_const_castEv:
        1:  352:      _M_const_cast() const _GLIBCXX_NOEXCEPT
        1:  353:      { return iterator(const_cast<typename iterator::_Base_ptr>(_M_node)); }
        1:  353-block  0
------------------
_ZNKSt23_Rb_tree_const_iteratorISt4pairIKmN5boost9unit_test9framework4impl10order_infoEEE13_M_const_castEv:
       11:  352:      _M_const_cast() const _GLIBCXX_NOEXCEPT
       11:  353:      { return iterator(const_cast<typename iterator::_Base_ptr>(_M_node)); }
       11:  353-block  0
------------------
_ZNKSt23_Rb_tree_const_iteratorISt4pairIKmN5boost9unit_test6output10junit_impl16junit_log_helperEEE13_M_const_castEv:
    #####:  352:      _M_const_cast() const _GLIBCXX_NOEXCEPT
    #####:  353:      { return iterator(const_cast<typename iterator::_Base_ptr>(_M_node)); }
    %%%%%:  353-block  0
------------------
        -:  354:
        -:  355:      reference
     344*:  356:      operator*() const _GLIBCXX_NOEXCEPT
     344*:  357:      { return *static_cast<_Link_type>(_M_node)->_M_valptr(); }
------------------
_ZNKSt23_Rb_tree_const_iteratorINSt7__cxx1112basic_stringIcSt11char_traitsIcESaIcEEEEdeEv:
    #####:  356:      operator*() const _GLIBCXX_NOEXCEPT
    #####:  357:      { return *static_cast<_Link_type>(_M_node)->_M_valptr(); }
    %%%%%:  357-block  0
------------------
_ZNKSt23_Rb_tree_const_iteratorISt4pairIKN5boost9unit_test13basic_cstringIKcEENS1_10shared_ptrINS1_7runtime11basic_paramEEEEEdeEv:
       84:  356:      operator*() const _GLIBCXX_NOEXCEPT
       84:  357:      { return *static_cast<_Link_type>(_M_node)->_M_valptr(); }
       84:  357-block  0
------------------
_ZNKSt23_Rb_tree_const_iteratorIPN5boost9unit_test14global_fixtureEEdeEv:
    #####:  356:      operator*() const _GLIBCXX_NOEXCEPT
    #####:  357:      { return *static_cast<_Link_type>(_M_node)->_M_valptr(); }
    %%%%%:  357-block  0
------------------
_ZNKSt23_Rb_tree_const_iteratorISt4pairIKmmEEdeEv:
       11:  356:      operator*() const _GLIBCXX_NOEXCEPT
       11:  357:      { return *static_cast<_Link_type>(_M_node)->_M_valptr(); }
       11:  357-block  0
------------------
_ZNKSt23_Rb_tree_const_iteratorIPN5boost9unit_test13test_observerEEdeEv:
      249:  356:      operator*() const _GLIBCXX_NOEXCEPT
      249:  357:      { return *static_cast<_Link_type>(_M_node)->_M_valptr(); }
      249:  357-block  0
------------------
        -:  358:
        -:  359:      pointer
     802*:  360:      operator->() const _GLIBCXX_NOEXCEPT
     802*:  361:      { return static_cast<_Link_type>(_M_node)->_M_valptr(); }
------------------
_ZNKSt23_Rb_tree_const_iteratorISt4pairIKN5boost9unit_test13basic_cstringIKcEENS2_13output_formatEEEptEv:
        1:  360:      operator->() const _GLIBCXX_NOEXCEPT
        1:  361:      { return static_cast<_Link_type>(_M_node)->_M_valptr(); }
        1:  361-block  0
------------------
_ZNKSt23_Rb_tree_const_iteratorISt4pairIKN5boost9unit_test13basic_cstringIKcEENS2_9log_levelEEEptEv:
    #####:  360:      operator->() const _GLIBCXX_NOEXCEPT
    #####:  361:      { return static_cast<_Link_type>(_M_node)->_M_valptr(); }
    %%%%%:  361-block  0
------------------
_ZNKSt23_Rb_tree_const_iteratorISt4pairIKN5boost9unit_test13basic_cstringIKcEENS2_12report_levelEEEptEv:
    #####:  360:      operator->() const _GLIBCXX_NOEXCEPT
    #####:  361:      { return static_cast<_Link_type>(_M_node)->_M_valptr(); }
    %%%%%:  361-block  0
------------------
_ZNKSt23_Rb_tree_const_iteratorISt4pairIKN5boost9unit_test13basic_cstringIKcEENS1_10shared_ptrINS1_7runtime8argumentEEEEEptEv:
       74:  360:      operator->() const _GLIBCXX_NOEXCEPT
       74:  361:      { return static_cast<_Link_type>(_M_node)->_M_valptr(); }
       74:  361-block  0
------------------
_ZNKSt23_Rb_tree_const_iteratorISt4pairIKcN5boost10shared_ptrINS2_7runtime3cla13rt_cla_detail14parameter_trieEEEEEptEv:
      727:  360:      operator->() const _GLIBCXX_NOEXCEPT
      727:  361:      { return static_cast<_Link_type>(_M_node)->_M_valptr(); }
      727:  361-block  0
------------------
_ZNKSt23_Rb_tree_const_iteratorISt4pairIKN5boost16exception_detail10type_info_ENS1_10shared_ptrINS2_15error_info_baseEEEEEptEv:
    #####:  360:      operator->() const _GLIBCXX_NOEXCEPT
    #####:  361:      { return static_cast<_Link_type>(_M_node)->_M_valptr(); }
    %%%%%:  361-block  0
------------------
_ZNKSt23_Rb_tree_const_iteratorISt4pairIKmmEEptEv:
    #####:  360:      operator->() const _GLIBCXX_NOEXCEPT
    #####:  361:      { return static_cast<_Link_type>(_M_node)->_M_valptr(); }
    %%%%%:  361-block  0
------------------
_ZNKSt23_Rb_tree_const_iteratorISt4pairIKmN5boost9unit_test6output10junit_impl16junit_log_helperEEEptEv:
    #####:  360:      operator->() const _GLIBCXX_NOEXCEPT
    #####:  361:      { return static_cast<_Link_type>(_M_node)->_M_valptr(); }
    %%%%%:  361-block  0
------------------
_ZNKSt23_Rb_tree_const_iteratorISt4pairIKcPS1_EEptEv:
    #####:  360:      operator->() const _GLIBCXX_NOEXCEPT
    #####:  361:      { return static_cast<_Link_type>(_M_node)->_M_valptr(); }
    %%%%%:  361-block  0
------------------
        -:  362:
        -:  363:      _Self&
     305*:  364:      operator++() _GLIBCXX_NOEXCEPT
        -:  365:      {
     305*:  366:	_M_node = _Rb_tree_increment(_M_node);
     305*:  367:	return *this;
        -:  368:      }
------------------
_ZNSt23_Rb_tree_const_iteratorINSt7__cxx1112basic_stringIcSt11char_traitsIcESaIcEEEEppEv:
    #####:  364:      operator++() _GLIBCXX_NOEXCEPT
        -:  365:      {
    #####:  366:	_M_node = _Rb_tree_increment(_M_node);
    #####:  367:	return *this;
    %%%%%:  367-block  0
        -:  368:      }
------------------
_ZNSt23_Rb_tree_const_iteratorISt4pairIKN5boost9unit_test13basic_cstringIKcEENS1_10shared_ptrINS1_7runtime11basic_paramEEEEEppEv:
       84:  364:      operator++() _GLIBCXX_NOEXCEPT
        -:  365:      {
       84:  366:	_M_node = _Rb_tree_increment(_M_node);
       84:  367:	return *this;
       84:  367-block  0
        -:  368:      }
------------------
_ZNSt23_Rb_tree_const_iteratorIPN5boost9unit_test14global_fixtureEEppEv:
    #####:  364:      operator++() _GLIBCXX_NOEXCEPT
        -:  365:      {
    #####:  366:	_M_node = _Rb_tree_increment(_M_node);
    #####:  367:	return *this;
    %%%%%:  367-block  0
        -:  368:      }
------------------
_ZNSt23_Rb_tree_const_iteratorISt4pairIKmmEEppEv:
       11:  364:      operator++() _GLIBCXX_NOEXCEPT
        -:  365:      {
       11:  366:	_M_node = _Rb_tree_increment(_M_node);
       11:  367:	return *this;
       11:  367-block  0
        -:  368:      }
------------------
_ZNSt23_Rb_tree_const_iteratorIPN5boost9unit_test13test_observerEEppEv:
      210:  364:      operator++() _GLIBCXX_NOEXCEPT
        -:  365:      {
      210:  366:	_M_node = _Rb_tree_increment(_M_node);
      210:  367:	return *this;
      210:  367-block  0
        -:  368:      }
------------------
_ZNSt23_Rb_tree_const_iteratorISt4pairIKN5boost16exception_detail10type_info_ENS1_10shared_ptrINS2_15error_info_baseEEEEEppEv:
    #####:  364:      operator++() _GLIBCXX_NOEXCEPT
        -:  365:      {
    #####:  366:	_M_node = _Rb_tree_increment(_M_node);
    #####:  367:	return *this;
    %%%%%:  367-block  0
        -:  368:      }
------------------
        -:  369:
        -:  370:      _Self
       2*:  371:      operator++(int) _GLIBCXX_NOEXCEPT
        -:  372:      {
       2*:  373:	_Self __tmp = *this;
       2*:  374:	_M_node = _Rb_tree_increment(_M_node);
       2*:  375:	return __tmp;
        -:  376:      }
------------------
_ZNSt23_Rb_tree_const_iteratorIPN5boost9unit_test14global_fixtureEEppEi:
    #####:  371:      operator++(int) _GLIBCXX_NOEXCEPT
        -:  372:      {
    #####:  373:	_Self __tmp = *this;
    #####:  374:	_M_node = _Rb_tree_increment(_M_node);
    #####:  375:	return __tmp;
    %%%%%:  375-block  0
        -:  376:      }
------------------
_ZNSt23_Rb_tree_const_iteratorIPN5boost9unit_test13test_observerEEppEi:
        2:  371:      operator++(int) _GLIBCXX_NOEXCEPT
        -:  372:      {
        2:  373:	_Self __tmp = *this;
        2:  374:	_M_node = _Rb_tree_increment(_M_node);
        2:  375:	return __tmp;
        2:  375-block  0
        -:  376:      }
------------------
_ZNSt23_Rb_tree_const_iteratorISt4pairIKmPN5boost9unit_test9test_unitEEEppEi:
    #####:  371:      operator++(int) _GLIBCXX_NOEXCEPT
        -:  372:      {
    #####:  373:	_Self __tmp = *this;
    #####:  374:	_M_node = _Rb_tree_increment(_M_node);
    #####:  375:	return __tmp;
    %%%%%:  375-block  0
        -:  376:      }
------------------
_ZNSt23_Rb_tree_const_iteratorISt4pairIKmmEEppEi:
    #####:  371:      operator++(int) _GLIBCXX_NOEXCEPT
        -:  372:      {
    #####:  373:	_Self __tmp = *this;
    #####:  374:	_M_node = _Rb_tree_increment(_M_node);
    #####:  375:	return __tmp;
    %%%%%:  375-block  0
        -:  376:      }
------------------
        -:  377:
        -:  378:      _Self&
       39:  379:      operator--() _GLIBCXX_NOEXCEPT
        -:  380:      {
       39:  381:	_M_node = _Rb_tree_decrement(_M_node);
       39:  382:	return *this;
       39:  382-block  0
        -:  383:      }
        -:  384:
        -:  385:      _Self
        -:  386:      operator--(int) _GLIBCXX_NOEXCEPT
        -:  387:      {
        -:  388:	_Self __tmp = *this;
        -:  389:	_M_node = _Rb_tree_decrement(_M_node);
        -:  390:	return __tmp;
        -:  391:      }
        -:  392:
        -:  393:      bool
    1287*:  394:      operator==(const _Self& __x) const _GLIBCXX_NOEXCEPT
    1287*:  395:      { return _M_node == __x._M_node; }
------------------
_ZNKSt23_Rb_tree_const_iteratorISt4pairIKN5boost9unit_test13basic_cstringIKcEENS2_13output_formatEEEeqERKS9_:
        1:  394:      operator==(const _Self& __x) const _GLIBCXX_NOEXCEPT
        1:  395:      { return _M_node == __x._M_node; }
        1:  395-block  0
------------------
_ZNKSt23_Rb_tree_const_iteratorISt4pairIKN5boost9unit_test13basic_cstringIKcEENS2_9log_levelEEEeqERKS9_:
    #####:  394:      operator==(const _Self& __x) const _GLIBCXX_NOEXCEPT
    #####:  395:      { return _M_node == __x._M_node; }
    %%%%%:  395-block  0
------------------
_ZNKSt23_Rb_tree_const_iteratorISt4pairIKN5boost9unit_test13basic_cstringIKcEENS2_12report_levelEEEeqERKS9_:
    #####:  394:      operator==(const _Self& __x) const _GLIBCXX_NOEXCEPT
    #####:  395:      { return _M_node == __x._M_node; }
    %%%%%:  395-block  0
------------------
_ZNKSt23_Rb_tree_const_iteratorISt4pairIKmPN5boost9unit_test9test_unitEEEeqERKS7_:
    #####:  394:      operator==(const _Self& __x) const _GLIBCXX_NOEXCEPT
    #####:  395:      { return _M_node == __x._M_node; }
    %%%%%:  395-block  0
------------------
_ZNKSt23_Rb_tree_const_iteratorISt4pairIKN5boost16exception_detail10type_info_ENS1_10shared_ptrINS2_15error_info_baseEEEEEeqERKS9_:
    #####:  394:      operator==(const _Self& __x) const _GLIBCXX_NOEXCEPT
    #####:  395:      { return _M_node == __x._M_node; }
    %%%%%:  395-block  0
------------------
_ZNKSt23_Rb_tree_const_iteratorISt4pairIKcPS1_EEeqERKS4_:
    #####:  394:      operator==(const _Self& __x) const _GLIBCXX_NOEXCEPT
    #####:  395:      { return _M_node == __x._M_node; }
    %%%%%:  395-block  0
------------------
_ZNKSt23_Rb_tree_const_iteratorISt4pairIKN5boost9unit_test13basic_cstringIKcEENS1_10shared_ptrINS1_7runtime8argumentEEEEEeqERKSC_:
      119:  394:      operator==(const _Self& __x) const _GLIBCXX_NOEXCEPT
      119:  395:      { return _M_node == __x._M_node; }
      119:  395-block  0
------------------
_ZNKSt23_Rb_tree_const_iteratorISt4pairIKN5boost9unit_test13basic_cstringIKcEENS1_10shared_ptrINS1_7runtime11basic_paramEEEEEeqERKSC_:
       87:  394:      operator==(const _Self& __x) const _GLIBCXX_NOEXCEPT
       87:  395:      { return _M_node == __x._M_node; }
       87:  395-block  0
------------------
_ZNKSt23_Rb_tree_const_iteratorIPN5boost9unit_test14global_fixtureEEeqERKS4_:
        2:  394:      operator==(const _Self& __x) const _GLIBCXX_NOEXCEPT
        2:  395:      { return _M_node == __x._M_node; }
        2:  395-block  0
------------------
_ZNKSt23_Rb_tree_const_iteratorISt4pairIKmmEEeqERKS3_:
       13:  394:      operator==(const _Self& __x) const _GLIBCXX_NOEXCEPT
       13:  395:      { return _M_node == __x._M_node; }
       13:  395-block  0
------------------
_ZNKSt23_Rb_tree_const_iteratorIPN5boost9unit_test13test_observerEEeqERKS4_:
      338:  394:      operator==(const _Self& __x) const _GLIBCXX_NOEXCEPT
      338:  395:      { return _M_node == __x._M_node; }
      338:  395-block  0
------------------
_ZNKSt23_Rb_tree_const_iteratorISt4pairIKcN5boost10shared_ptrINS2_7runtime3cla13rt_cla_detail14parameter_trieEEEEEeqERKSA_:
      727:  394:      operator==(const _Self& __x) const _GLIBCXX_NOEXCEPT
      727:  395:      { return _M_node == __x._M_node; }
      727:  395-block  0
------------------
_ZNKSt23_Rb_tree_const_iteratorISt4pairIKmN5boost9unit_test6output10junit_impl16junit_log_helperEEEeqERKS8_:
    #####:  394:      operator==(const _Self& __x) const _GLIBCXX_NOEXCEPT
    #####:  395:      { return _M_node == __x._M_node; }
    %%%%%:  395-block  0
------------------
        -:  396:
        -:  397:      bool
     250*:  398:      operator!=(const _Self& __x) const _GLIBCXX_NOEXCEPT
     250*:  399:      { return _M_node != __x._M_node; }
------------------
_ZNKSt23_Rb_tree_const_iteratorISt4pairIKN5boost9unit_test13basic_cstringIKcEENS2_13output_formatEEEneERKS9_:
        1:  398:      operator!=(const _Self& __x) const _GLIBCXX_NOEXCEPT
        1:  399:      { return _M_node != __x._M_node; }
        1:  399-block  0
------------------
_ZNKSt23_Rb_tree_const_iteratorISt4pairIKN5boost9unit_test13basic_cstringIKcEENS2_9log_levelEEEneERKS9_:
    #####:  398:      operator!=(const _Self& __x) const _GLIBCXX_NOEXCEPT
    #####:  399:      { return _M_node != __x._M_node; }
    %%%%%:  399-block  0
------------------
_ZNKSt23_Rb_tree_const_iteratorISt4pairIKN5boost9unit_test13basic_cstringIKcEENS2_12report_levelEEEneERKS9_:
    #####:  398:      operator!=(const _Self& __x) const _GLIBCXX_NOEXCEPT
    #####:  399:      { return _M_node != __x._M_node; }
    %%%%%:  399-block  0
------------------
_ZNKSt23_Rb_tree_const_iteratorINSt7__cxx1112basic_stringIcSt11char_traitsIcESaIcEEEEneERKS6_:
    #####:  398:      operator!=(const _Self& __x) const _GLIBCXX_NOEXCEPT
    #####:  399:      { return _M_node != __x._M_node; }
    %%%%%:  399-block  0
------------------
_ZNKSt23_Rb_tree_const_iteratorIPN5boost9unit_test14global_fixtureEEneERKS4_:
    #####:  398:      operator!=(const _Self& __x) const _GLIBCXX_NOEXCEPT
    #####:  399:      { return _M_node != __x._M_node; }
    %%%%%:  399-block  0
------------------
_ZNKSt23_Rb_tree_const_iteratorIPN5boost9unit_test13test_observerEEneERKS4_:
        4:  398:      operator!=(const _Self& __x) const _GLIBCXX_NOEXCEPT
        4:  399:      { return _M_node != __x._M_node; }
        4:  399-block  0
------------------
_ZNKSt23_Rb_tree_const_iteratorISt4pairIKmPN5boost9unit_test9test_unitEEEneERKS7_:
    #####:  398:      operator!=(const _Self& __x) const _GLIBCXX_NOEXCEPT
    #####:  399:      { return _M_node != __x._M_node; }
    %%%%%:  399-block  0
------------------
_ZNKSt23_Rb_tree_const_iteratorISt4pairIKcN5boost10shared_ptrINS2_7runtime3cla13rt_cla_detail14parameter_trieEEEEEneERKSA_:
       52:  398:      operator!=(const _Self& __x) const _GLIBCXX_NOEXCEPT
       52:  399:      { return _M_node != __x._M_node; }
       52:  399-block  0
------------------
_ZNKSt23_Rb_tree_const_iteratorISt4pairIKN5boost16exception_detail10type_info_ENS1_10shared_ptrINS2_15error_info_baseEEEEEneERKS9_:
    #####:  398:      operator!=(const _Self& __x) const _GLIBCXX_NOEXCEPT
    #####:  399:      { return _M_node != __x._M_node; }
    %%%%%:  399-block  0
------------------
_ZNKSt23_Rb_tree_const_iteratorISt4pairIKmmEEneERKS3_:
    #####:  398:      operator!=(const _Self& __x) const _GLIBCXX_NOEXCEPT
    #####:  399:      { return _M_node != __x._M_node; }
    %%%%%:  399-block  0
------------------
_ZNKSt23_Rb_tree_const_iteratorISt4pairIKmN5boost9unit_test6output10junit_impl16junit_log_helperEEEneERKS8_:
[...]
        -: 2464:      _M_insert_unique(_II __first, _II __last)
        -: 2465:      {
        1: 2466:	_Alloc_node __an(*this);
        1: 2466-block  0
        5: 2467:	for (; __first != __last; ++__first)
        5: 2467-block  0
        4: 2468:	  _M_insert_unique_(end(), *__first, __an);
        4: 2468-block  0
        4: 2468-block  1
    $$$$$: 2468-block  2
    $$$$$: 2468-block  3
        1: 2469:      }
        1: 2469-block  0
------------------
_ZNSt8_Rb_treeIN5boost9unit_test13basic_cstringIKcEESt4pairIKS4_NS1_9log_levelEESt10_Select1stIS8_ESt4lessIS4_ESaIS8_EE16_M_insert_uniqueIPKS8_EEvT_SI_:
        1: 2463:      _Rb_tree<_Key, _Val, _KoV, _Cmp, _Alloc>::
        -: 2464:      _M_insert_unique(_II __first, _II __last)
        -: 2465:      {
        1: 2466:	_Alloc_node __an(*this);
        1: 2466-block  0
       12: 2467:	for (; __first != __last; ++__first)
       12: 2467-block  0
       11: 2468:	  _M_insert_unique_(end(), *__first, __an);
       11: 2468-block  0
       11: 2468-block  1
    $$$$$: 2468-block  2
    $$$$$: 2468-block  3
        1: 2469:      }
        1: 2469-block  0
------------------
_ZNSt8_Rb_treeIN5boost9unit_test13basic_cstringIKcEESt4pairIKS4_NS1_13output_formatEESt10_Select1stIS8_ESt4lessIS4_ESaIS8_EE16_M_insert_uniqueIPKS8_EEvT_SI_:
        4: 2463:      _Rb_tree<_Key, _Val, _KoV, _Cmp, _Alloc>::
        -: 2464:      _M_insert_unique(_II __first, _II __last)
        -: 2465:      {
        4: 2466:	_Alloc_node __an(*this);
        4: 2466-block  0
       16: 2467:	for (; __first != __last; ++__first)
       16: 2467-block  0
       12: 2468:	  _M_insert_unique_(end(), *__first, __an);
       12: 2468-block  0
       12: 2468-block  1
    $$$$$: 2468-block  2
    $$$$$: 2468-block  3
        4: 2469:      }
        4: 2469-block  0
------------------
_ZNSt8_Rb_treeINSt7__cxx1112basic_stringIcSt11char_traitsIcESaIcEEES5_St9_IdentityIS5_ESt4lessIS5_ESaIS5_EE16_M_insert_uniqueIN9__gnu_cxx17__normal_iteratorIPKS5_St6vectorIS5_SA_EEEEEvT_SK_:
    #####: 2463:      _Rb_tree<_Key, _Val, _KoV, _Cmp, _Alloc>::
        -: 2464:      _M_insert_unique(_II __first, _II __last)
        -: 2465:      {
    #####: 2466:	_Alloc_node __an(*this);
    %%%%%: 2466-block  0
    #####: 2467:	for (; __first != __last; ++__first)
    %%%%%: 2467-block  0
    #####: 2468:	  _M_insert_unique_(end(), *__first, __an);
    %%%%%: 2468-block  0
    %%%%%: 2468-block  1
    $$$$$: 2468-block  2
    $$$$$: 2468-block  3
    #####: 2469:      }
    %%%%%: 2469-block  0
------------------
_ZNSt8_Rb_treeIcSt4pairIKcPS1_ESt10_Select1stIS3_ESt4lessIcESaIS3_EE16_M_insert_uniqueIPKS3_EEvT_SD_:
    #####: 2463:      _Rb_tree<_Key, _Val, _KoV, _Cmp, _Alloc>::
        -: 2464:      _M_insert_unique(_II __first, _II __last)
        -: 2465:      {
    #####: 2466:	_Alloc_node __an(*this);
    %%%%%: 2466-block  0
    #####: 2467:	for (; __first != __last; ++__first)
    %%%%%: 2467-block  0
    #####: 2468:	  _M_insert_unique_(end(), *__first, __an);
    %%%%%: 2468-block  0
    %%%%%: 2468-block  1
    $$$$$: 2468-block  2
    $$$$$: 2468-block  3
    #####: 2469:      }
    %%%%%: 2469-block  0
------------------
        -: 2470:
        -: 2471:  template<typename _Key, typename _Val, typename _KoV,
        -: 2472:	   typename _Cmp, typename _Alloc>
        -: 2473:    template<class _II>
        -: 2474:      void
        -: 2475:      _Rb_tree<_Key, _Val, _KoV, _Cmp, _Alloc>::
        -: 2476:      _M_insert_equal(_II __first, _II __last)
        -: 2477:      {
        -: 2478:	_Alloc_node __an(*this);
        -: 2479:	for (; __first != __last; ++__first)
        -: 2480:	  _M_insert_equal_(end(), *__first, __an);
        -: 2481:      }
        -: 2482:
        -: 2483:  template<typename _Key, typename _Val, typename _KeyOfValue,
        -: 2484:	   typename _Compare, typename _Alloc>
        -: 2485:    void
       2*: 2486:    _Rb_tree<_Key, _Val, _KeyOfValue, _Compare, _Alloc>::
        -: 2487:    _M_erase_aux(const_iterator __position)
        -: 2488:    {
        -: 2489:      _Link_type __y =
        -: 2490:	static_cast<_Link_type>(_Rb_tree_rebalance_for_erase
       2*: 2491:				(const_cast<_Base_ptr>(__position._M_node),
       2*: 2492:				 this->_M_impl._M_header));
       2*: 2493:      _M_drop_node(__y);
       2*: 2494:      --_M_impl._M_node_count;
       2*: 2495:    }
------------------
_ZNSt8_Rb_treeIPN5boost9unit_test14global_fixtureES3_St9_IdentityIS3_ESt4lessIS3_ESaIS3_EE12_M_erase_auxESt23_Rb_tree_const_iteratorIS3_E:
    #####: 2486:    _Rb_tree<_Key, _Val, _KeyOfValue, _Compare, _Alloc>::
        -: 2487:    _M_erase_aux(const_iterator __position)
        -: 2488:    {
        -: 2489:      _Link_type __y =
        -: 2490:	static_cast<_Link_type>(_Rb_tree_rebalance_for_erase
    #####: 2491:				(const_cast<_Base_ptr>(__position._M_node),
    #####: 2492:				 this->_M_impl._M_header));
    %%%%%: 2492-block  0
    #####: 2493:      _M_drop_node(__y);
    #####: 2494:      --_M_impl._M_node_count;
    #####: 2495:    }
------------------
_ZNSt8_Rb_treeIPN5boost9unit_test13test_observerES3_St9_IdentityIS3_ENS1_9framework5state14priority_orderESaIS3_EE12_M_erase_auxESt23_Rb_tree_const_iteratorIS3_E:
        2: 2486:    _Rb_tree<_Key, _Val, _KeyOfValue, _Compare, _Alloc>::
        -: 2487:    _M_erase_aux(const_iterator __position)
        -: 2488:    {
        -: 2489:      _Link_type __y =
        -: 2490:	static_cast<_Link_type>(_Rb_tree_rebalance_for_erase
        2: 2491:				(const_cast<_Base_ptr>(__position._M_node),
        2: 2492:				 this->_M_impl._M_header));
        2: 2492-block  0
        2: 2493:      _M_drop_node(__y);
        2: 2494:      --_M_impl._M_node_count;
        2: 2495:    }
------------------
_ZNSt8_Rb_treeImSt4pairIKmPN5boost9unit_test9test_unitEESt10_Select1stIS6_ESt4lessImESaIS6_EE12_M_erase_auxESt23_Rb_tree_const_iteratorIS6_E:
    #####: 2486:    _Rb_tree<_Key, _Val, _KeyOfValue, _Compare, _Alloc>::
        -: 2487:    _M_erase_aux(const_iterator __position)
        -: 2488:    {
        -: 2489:      _Link_type __y =
        -: 2490:	static_cast<_Link_type>(_Rb_tree_rebalance_for_erase
    #####: 2491:				(const_cast<_Base_ptr>(__position._M_node),
    #####: 2492:				 this->_M_impl._M_header));
    %%%%%: 2492-block  0
    #####: 2493:      _M_drop_node(__y);
    #####: 2494:      --_M_impl._M_node_count;
    #####: 2495:    }
------------------
        -: 2496:
        -: 2497:  template<typename _Key, typename _Val, typename _KeyOfValue,
        -: 2498:	   typename _Compare, typename _Alloc>
        -: 2499:    void
       3*: 2500:    _Rb_tree<_Key, _Val, _KeyOfValue, _Compare, _Alloc>::
        -: 2501:    _M_erase_aux(const_iterator __first, const_iterator __last)
        -: 2502:    {
       3*: 2503:      if (__first == begin() && __last == end())
       1*: 2504:	clear();
        -: 2505:      else
       4*: 2506:	while (__first != __last)
       2*: 2507:	  _M_erase_aux(__first++);
       3*: 2508:    }
------------------
_ZNSt8_Rb_treeIPN5boost9unit_test14global_fixtureES3_St9_IdentityIS3_ESt4lessIS3_ESaIS3_EE12_M_erase_auxESt23_Rb_tree_const_iteratorIS3_ESB_:
    #####: 2500:    _Rb_tree<_Key, _Val, _KeyOfValue, _Compare, _Alloc>::
        -: 2501:    _M_erase_aux(const_iterator __first, const_iterator __last)
        -: 2502:    {
    #####: 2503:      if (__first == begin() && __last == end())
    %%%%%: 2503-block  0
    %%%%%: 2503-block  1
    %%%%%: 2503-block  2
    %%%%%: 2503-block  3
    %%%%%: 2503-block  4
    #####: 2504:	clear();
    %%%%%: 2504-block  0
        -: 2505:      else
    #####: 2506:	while (__first != __last)
    %%%%%: 2506-block  0
    #####: 2507:	  _M_erase_aux(__first++);
    %%%%%: 2507-block  0
    #####: 2508:    }
------------------
_ZNSt8_Rb_treeIPN5boost9unit_test13test_observerES3_St9_IdentityIS3_ENS1_9framework5state14priority_orderESaIS3_EE12_M_erase_auxESt23_Rb_tree_const_iteratorIS3_ESC_:
        3: 2500:    _Rb_tree<_Key, _Val, _KeyOfValue, _Compare, _Alloc>::
        -: 2501:    _M_erase_aux(const_iterator __first, const_iterator __last)
        -: 2502:    {
        3: 2503:      if (__first == begin() && __last == end())
        3: 2503-block  0
        3: 2503-block  1
        1: 2503-block  2
        2: 2503-block  3
        3: 2503-block  4
        1: 2504:	clear();
        1: 2504-block  0
        -: 2505:      else
        4: 2506:	while (__first != __last)
        4: 2506-block  0
        2: 2507:	  _M_erase_aux(__first++);
        2: 2507-block  0
        3: 2508:    }
------------------
_ZNSt8_Rb_treeImSt4pairIKmPN5boost9unit_test9test_unitEESt10_Select1stIS6_ESt4lessImESaIS6_EE12_M_erase_auxESt23_Rb_tree_const_iteratorIS6_ESE_:
    #####: 2500:    _Rb_tree<_Key, _Val, _KeyOfValue, _Compare, _Alloc>::
        -: 2501:    _M_erase_aux(const_iterator __first, const_iterator __last)
        -: 2502:    {
    #####: 2503:      if (__first == begin() && __last == end())
    %%%%%: 2503-block  0
    %%%%%: 2503-block  1
    %%%%%: 2503-block  2
    %%%%%: 2503-block  3
    %%%%%: 2503-block  4
    #####: 2504:	clear();
    %%%%%: 2504-block  0
        -: 2505:      else
    #####: 2506:	while (__first != __last)
    %%%%%: 2506-block  0
    #####: 2507:	  _M_erase_aux(__first++);
    %%%%%: 2507-block  0
    #####: 2508:    }
------------------
        -: 2509:
        -: 2510:  template<typename _Key, typename _Val, typename _KeyOfValue,
        -: 2511:	   typename _Compare, typename _Alloc>
        -: 2512:    typename _Rb_tree<_Key, _Val, _KeyOfValue, _Compare, _Alloc>::size_type
       3*: 2513:    _Rb_tree<_Key, _Val, _KeyOfValue, _Compare, _Alloc>::
        -: 2514:    erase(const _Key& __x)
        -: 2515:    {
       3*: 2516:      pair<iterator, iterator> __p = equal_range(__x);
       3*: 2517:      const size_type __old_size = size();
       3*: 2518:      _M_erase_aux(__p.first, __p.second);
       3*: 2519:      return __old_size - size();
        -: 2520:    }
------------------
_ZNSt8_Rb_treeIPN5boost9unit_test14global_fixtureES3_St9_IdentityIS3_ESt4lessIS3_ESaIS3_EE5eraseERKS3_:
    #####: 2513:    _Rb_tree<_Key, _Val, _KeyOfValue, _Compare, _Alloc>::
        -: 2514:    erase(const _Key& __x)
        -: 2515:    {
    #####: 2516:      pair<iterator, iterator> __p = equal_range(__x);
    %%%%%: 2516-block  0
    #####: 2517:      const size_type __old_size = size();
    %%%%%: 2517-block  0
    #####: 2518:      _M_erase_aux(__p.first, __p.second);
    $$$$$: 2518-block  0
    $$$$$: 2518-block  1
    #####: 2519:      return __old_size - size();
    %%%%%: 2519-block  0
    %%%%%: 2519-block  1
        -: 2520:    }
------------------
_ZNSt8_Rb_treeIPN5boost9unit_test13test_observerES3_St9_IdentityIS3_ENS1_9framework5state14priority_orderESaIS3_EE5eraseERKS3_:
        3: 2513:    _Rb_tree<_Key, _Val, _KeyOfValue, _Compare, _Alloc>::
        -: 2514:    erase(const _Key& __x)
        -: 2515:    {
        3: 2516:      pair<iterator, iterator> __p = equal_range(__x);
        3: 2516-block  0
        3: 2517:      const size_type __old_size = size();
        3: 2517-block  0
        3: 2518:      _M_erase_aux(__p.first, __p.second);
    $$$$$: 2518-block  0
    $$$$$: 2518-block  1
        3: 2519:      return __old_size - size();
        3: 2519-block  0
        3: 2519-block  1
        -: 2520:    }
------------------
_ZNSt8_Rb_treeImSt4pairIKmPN5boost9unit_test9test_unitEESt10_Select1stIS6_ESt4lessImESaIS6_EE5eraseERS1_:
    #####: 2513:    _Rb_tree<_Key, _Val, _KeyOfValue, _Compare, _Alloc>::
        -: 2514:    erase(const _Key& __x)
        -: 2515:    {
    #####: 2516:      pair<iterator, iterator> __p = equal_range(__x);
    %%%%%: 2516-block  0
    #####: 2517:      const size_type __old_size = size();
    %%%%%: 2517-block  0
    #####: 2518:      _M_erase_aux(__p.first, __p.second);
    $$$$$: 2518-block  0
    $$$$$: 2518-block  1
    #####: 2519:      return __old_size - size();
    %%%%%: 2519-block  0
    %%%%%: 2519-block  1
        -: 2520:    }
------------------
        -: 2521:
        -: 2522:  template<typename _Key, typename _Val, typename _KeyOfValue,
        -: 2523:	   typename _Compare, typename _Alloc>
        -: 2524:    void
        -: 2525:    _Rb_tree<_Key, _Val, _KeyOfValue, _Compare, _Alloc>::
        -: 2526:    erase(const _Key* __first, const _Key* __last)
        -: 2527:    {
        -: 2528:      while (__first != __last)
        -: 2529:	erase(*__first++);
        -: 2530:    }
        -: 2531:
        -: 2532:  template<typename _Key, typename _Val, typename _KeyOfValue,
        -: 2533:	   typename _Compare, typename _Alloc>
        -: 2534:    typename _Rb_tree<_Key, _Val, _KeyOfValue,
        -: 2535:		      _Compare, _Alloc>::iterator
     749*: 2536:    _Rb_tree<_Key, _Val, _KeyOfValue, _Compare, _Alloc>::
        -: 2537:    find(const _Key& __k)
        -: 2538:    {
     749*: 2539:      iterator __j = _M_lower_bound(_M_begin(), _M_end(), __k);
    1498*: 2540:      return (__j == end()
     192*: 2541:	      || _M_impl._M_key_compare(__k,
    1690*: 2542:					_S_key(__j._M_node))) ? end() : __j;
        -: 2543:    }
------------------
_ZNSt8_Rb_treeIN5boost9unit_test13basic_cstringIKcEESt4pairIKS4_NS0_10shared_ptrINS0_7runtime8argumentEEEESt10_Select1stISB_ESt4lessIS4_ESaISB_EE4findERS6_:
       74: 2536:    _Rb_tree<_Key, _Val, _KeyOfValue, _Compare, _Alloc>::
        -: 2537:    find(const _Key& __k)
        -: 2538:    {
       74: 2539:      iterator __j = _M_lower_bound(_M_begin(), _M_end(), __k);
       74: 2539-block  0
      148: 2540:      return (__j == end()
       74: 2540-block  0
       74: 2540-block  1
    $$$$$: 2540-block  2
       74: 2541:	      || _M_impl._M_key_compare(__k,
       74: 2541-block  0
       74: 2541-block  1
     222*: 2542:					_S_key(__j._M_node))) ? end() : __j;
       74: 2542-block  0
    %%%%%: 2542-block  1
       74: 2542-block  2
       74: 2542-block  3
       74: 2542-block  4
        -: 2543:    }
------------------
_ZNSt8_Rb_treeIcSt4pairIKcN5boost10shared_ptrINS2_7runtime3cla13rt_cla_detail14parameter_trieEEEESt10_Select1stIS9_ESt4lessIcESaIS9_EE4findERS1_:
      675: 2536:    _Rb_tree<_Key, _Val, _KeyOfValue, _Compare, _Alloc>::
        -: 2537:    find(const _Key& __k)
        -: 2538:    {
      675: 2539:      iterator __j = _M_lower_bound(_M_begin(), _M_end(), __k);
      675: 2539-block  0
     1350: 2540:      return (__j == end()
      675: 2540-block  0
      675: 2540-block  1
    $$$$$: 2540-block  2
      118: 2541:	      || _M_impl._M_key_compare(__k,
      118: 2541-block  0
     1468: 2542:					_S_key(__j._M_node))) ? end() : __j;
      118: 2542-block  0
      569: 2542-block  1
      106: 2542-block  2
      675: 2542-block  3
      675: 2542-block  4
        -: 2543:    }
------------------
_ZNSt8_Rb_treeImSt4pairIKmN5boost9unit_test6output10junit_impl16junit_log_helperEESt10_Select1stIS7_ESt4lessImESaIS7_EE4findERS1_:
    #####: 2536:    _Rb_tree<_Key, _Val, _KeyOfValue, _Compare, _Alloc>::
        -: 2537:    find(const _Key& __k)
        -: 2538:    {
    #####: 2539:      iterator __j = _M_lower_bound(_M_begin(), _M_end(), __k);
    %%%%%: 2539-block  0
    #####: 2540:      return (__j == end()
    %%%%%: 2540-block  0
    %%%%%: 2540-block  1
    $$$$$: 2540-block  2
    #####: 2541:	      || _M_impl._M_key_compare(__k,
    %%%%%: 2541-block  0
    #####: 2542:					_S_key(__j._M_node))) ? end() : __j;
    %%%%%: 2542-block  0
    %%%%%: 2542-block  1
    %%%%%: 2542-block  2
    %%%%%: 2542-block  3
    %%%%%: 2542-block  4
        -: 2543:    }
------------------
        -: 2544:
        -: 2545:  template<typename _Key, typename _Val, typename _KeyOfValue,
        -: 2546:	   typename _Compare, typename _Alloc>
        -: 2547:    typename _Rb_tree<_Key, _Val, _KeyOfValue,
        -: 2548:		      _Compare, _Alloc>::const_iterator
     172*: 2549:    _Rb_tree<_Key, _Val, _KeyOfValue, _Compare, _Alloc>::
        -: 2550:    find(const _Key& __k) const
        -: 2551:    {
     172*: 2552:      const_iterator __j = _M_lower_bound(_M_begin(), _M_end(), __k);
     344*: 2553:      return (__j == end()
     152*: 2554:	      || _M_impl._M_key_compare(__k,
     496*: 2555:					_S_key(__j._M_node))) ? end() : __j;
        -: 2556:    }
        -: 2557:
        -: 2558:  template<typename _Key, typename _Val, typename _KeyOfValue,
        -: 2559:	   typename _Compare, typename _Alloc>
        -: 2560:    typename _Rb_tree<_Key, _Val, _KeyOfValue, _Compare, _Alloc>::size_type
        -: 2561:    _Rb_tree<_Key, _Val, _KeyOfValue, _Compare, _Alloc>::
        -: 2562:    count(const _Key& __k) const
        -: 2563:    {
        -: 2564:      pair<const_iterator, const_iterator> __p = equal_range(__k);
        -: 2565:      const size_type __n = std::distance(__p.first, __p.second);
        -: 2566:      return __n;
        -: 2567:    }
        -: 2568:
        -: 2569:  _GLIBCXX_PURE unsigned int
        -: 2570:  _Rb_tree_black_count(const _Rb_tree_node_base* __node,
        -: 2571:		       const _Rb_tree_node_base* __root) throw ();
        -: 2572:
        -: 2573:  template<typename _Key, typename _Val, typename _KeyOfValue,
        -: 2574:	   typename _Compare, typename _Alloc>
        -: 2575:    bool
        -: 2576:    _Rb_tree<_Key,_Val,_KeyOfValue,_Compare,_Alloc>::__rb_verify() const
        -: 2577:    {
        -: 2578:      if (_M_impl._M_node_count == 0 || begin() == end())
        -: 2579:	return _M_impl._M_node_count == 0 && begin() == end()
        -: 2580:	       && this->_M_impl._M_header._M_left == _M_end()
        -: 2581:	       && this->_M_impl._M_header._M_right == _M_end();
        -: 2582:
        -: 2583:      unsigned int __len = _Rb_tree_black_count(_M_leftmost(), _M_root());
        -: 2584:      for (const_iterator __it = begin(); __it != end(); ++__it)
        -: 2585:	{
        -: 2586:	  _Const_Link_type __x = static_cast<_Const_Link_type>(__it._M_node);
        -: 2587:	  _Const_Link_type __L = _S_left(__x);
        -: 2588:	  _Const_Link_type __R = _S_right(__x);
        -: 2589:
        -: 2590:	  if (__x->_M_color == _S_red)
        -: 2591:	    if ((__L && __L->_M_color == _S_red)
        -: 2592:		|| (__R && __R->_M_color == _S_red))
        -: 2593:	      return false;
        -: 2594:
        -: 2595:	  if (__L && _M_impl._M_key_compare(_S_key(__x), _S_key(__L)))
        -: 2596:	    return false;
        -: 2597:	  if (__R && _M_impl._M_key_compare(_S_key(__R), _S_key(__x)))
        -: 2598:	    return false;
        -: 2599:
        -: 2600:	  if (!__L && !__R && _Rb_tree_black_count(__x, _M_root()) != __len)
        -: 2601:	    return false;
        -: 2602:	}
        -: 2603:
        -: 2604:      if (_M_leftmost() != _Rb_tree_node_base::_S_minimum(_M_root()))
        -: 2605:	return false;
        -: 2606:      if (_M_rightmost() != _Rb_tree_node_base::_S_maximum(_M_root()))
        -: 2607:	return false;
        -: 2608:      return true;
        -: 2609:    }
        -: 2610:
        -: 2611:#if __cplusplus > 201402L
        -: 2612:  // Allow access to internals of compatible _Rb_tree specializations.
        -: 2613:  template<typename _Key, typename _Val, typename _Sel, typename _Cmp1,
        -: 2614:	   typename _Alloc, typename _Cmp2>
        -: 2615:    struct _Rb_tree_merge_helper<_Rb_tree<_Key, _Val, _Sel, _Cmp1, _Alloc>,
        -: 2616:				 _Cmp2>
        -: 2617:    {
        -: 2618:    private:
        -: 2619:      friend class _Rb_tree<_Key, _Val, _Sel, _Cmp1, _Alloc>;
        -: 2620:
        -: 2621:      static auto&
        -: 2622:      _S_get_impl(_Rb_tree<_Key, _Val, _Sel, _Cmp2, _Alloc>& __tree)
        -: 2623:      { return __tree._M_impl; }
        -: 2624:    };
        -: 2625:#endif // C++17
        -: 2626:
        -: 2627:_GLIBCXX_END_NAMESPACE_VERSION
        -: 2628:} // namespace
        -: 2629:
        -: 2630:#endif
