        -:    0:Source:C:/PROGRA~1/MINGW-~1/X86_64~1.0-P/mingw64/lib/gcc/x86_64-w64-mingw32/8.1.0/include/c++/ext/aligned_buffer.h
        -:    0:Graph:F:\SoftwareProjects\CLionProjects\C++\My_String\cmake-build-debug\test\CMakeFiles\Boost_Tests_run.dir\MyStringTest.cpp.gcno
        -:    0:Data:F:\SoftwareProjects\CLionProjects\C++\My_String\cmake-build-debug\test\CMakeFiles\Boost_Tests_run.dir\MyStringTest.cpp.gcda
        -:    0:Runs:1
        -:    0:Programs:1
        -:    1:// Aligned memory buffer -*- C++ -*-
        -:    2:
        -:    3:// Copyright (C) 2013-2018 Free Software Foundation, Inc.
        -:    4://
        -:    5:// This file is part of the GNU ISO C++ Library.  This library is free
        -:    6:// software; you can redistribute it and/or modify it under the
        -:    7:// terms of the GNU General Public License as published by the
        -:    8:// Free Software Foundation; either version 3, or (at your option)
        -:    9:// any later version.
        -:   10:
        -:   11:// This library is distributed in the hope that it will be useful,
        -:   12:// but WITHOUT ANY WARRANTY; without even the implied warranty of
        -:   13:// MERCHANTABILITY or FITNESS FOR A PARTICULAR PURPOSE.  See the
        -:   14:// GNU General Public License for more details.
        -:   15:
        -:   16:// Under Section 7 of GPL version 3, you are granted additional
        -:   17:// permissions described in the GCC Runtime Library Exception, version
        -:   18:// 3.1, as published by the Free Software Foundation.
        -:   19:
        -:   20:// You should have received a copy of the GNU General Public License and
        -:   21:// a copy of the GCC Runtime Library Exception along with this program;
        -:   22:// see the files COPYING3 and COPYING.RUNTIME respectively.  If not, see
        -:   23:// <http://www.gnu.org/licenses/>.
        -:   24:
        -:   25:/** @file ext/aligned_buffer.h
        -:   26: *  This file is a GNU extension to the Standard C++ Library.
        -:   27: */
        -:   28:
        -:   29:#ifndef _ALIGNED_BUFFER_H
        -:   30:#define _ALIGNED_BUFFER_H 1
        -:   31:
        -:   32:#pragma GCC system_header
        -:   33:
        -:   34:#if __cplusplus >= 201103L
        -:   35:# include <type_traits>
        -:   36:#else
        -:   37:# include <bits/c++0x_warning.h>
        -:   38:#endif
        -:   39:
        -:   40:namespace __gnu_cxx
        -:   41:{
        -:   42:  // A utility type containing a POD object that can hold an object of type
        -:   43:  // _Tp initialized via placement new or allocator_traits::construct.
        -:   44:  // Intended for use as a data member subobject, use __aligned_buffer for
        -:   45:  // complete objects.
        -:   46:  template<typename _Tp>
        -:   47:    struct __aligned_membuf
        -:   48:    {
        -:   49:      // Target macro ADJUST_FIELD_ALIGN can produce different alignment for
        -:   50:      // types when used as class members. __aligned_membuf is intended
        -:   51:      // for use as a class member, so align the buffer as for a class member.
        -:   52:      struct _Tp2 { _Tp _M_t; };
        -:   53:
        -:   54:      alignas(__alignof__(_Tp2::_M_t)) unsigned char _M_storage[sizeof(_Tp)];
        -:   55:
        -:   56:      __aligned_membuf() = default;
        -:   57:
        -:   58:      // Can be used to avoid value-initialization zeroing _M_storage.
        -:   59:      __aligned_membuf(std::nullptr_t) { }
        -:   60:
        -:   61:      void*
    2035*:   62:      _M_addr() noexcept
    2035*:   63:      { return static_cast<void*>(&_M_storage); }
------------------
_ZN9__gnu_cxx16__aligned_membufISt4pairIKcN5boost10shared_ptrINS3_7runtime3cla13rt_cla_detail14parameter_trieEEEEE7_M_addrEv:
     1138:   62:      _M_addr() noexcept
     1138:   63:      { return static_cast<void*>(&_M_storage); }
     1138:   63-block  0
------------------
_ZN9__gnu_cxx16__aligned_membufISt4pairIKmN5boost9unit_test6output10junit_impl16junit_log_helperEEE7_M_addrEv:
    #####:   62:      _M_addr() noexcept
    #####:   63:      { return static_cast<void*>(&_M_storage); }
    %%%%%:   63-block  0
------------------
_ZN9__gnu_cxx16__aligned_membufISt4pairIKmPN5boost9unit_test9test_unitEEE7_M_addrEv:
      278:   62:      _M_addr() noexcept
      278:   63:      { return static_cast<void*>(&_M_storage); }
      278:   63-block  0
------------------
_ZN9__gnu_cxx16__aligned_membufINSt7__cxx1112basic_stringIcSt11char_traitsIcESaIcEEEE7_M_addrEv:
       22:   62:      _M_addr() noexcept
       22:   63:      { return static_cast<void*>(&_M_storage); }
       22:   63-block  0
------------------
_ZN9__gnu_cxx16__aligned_membufImE7_M_addrEv:
    #####:   62:      _M_addr() noexcept
    #####:   63:      { return static_cast<void*>(&_M_storage); }
    %%%%%:   63-block  0
------------------
_ZN9__gnu_cxx16__aligned_membufISt4pairIKmN5boost9unit_test9framework4impl10order_infoEEE7_M_addrEv:
       34:   62:      _M_addr() noexcept
       34:   63:      { return static_cast<void*>(&_M_storage); }
       34:   63-block  0
------------------
_ZN9__gnu_cxx16__aligned_membufISt4pairIKN5boost9unit_test13output_formatENS3_14runtime_config13stream_holderEEE7_M_addrEv:
        3:   62:      _M_addr() noexcept
        3:   63:      { return static_cast<void*>(&_M_storage); }
        3:   63-block  0
------------------
_ZN9__gnu_cxx16__aligned_membufISt4pairIKN5boost16exception_detail10type_info_ENS2_10shared_ptrINS3_15error_info_baseEEEEE7_M_addrEv:
    #####:   62:      _M_addr() noexcept
    #####:   63:      { return static_cast<void*>(&_M_storage); }
    %%%%%:   63-block  0
------------------
_ZN9__gnu_cxx16__aligned_membufISt4pairIKmN5boost9unit_test12test_resultsEEE7_M_addrEv:
      204:   62:      _M_addr() noexcept
      204:   63:      { return static_cast<void*>(&_M_storage); }
      204:   63-block  0
------------------
_ZN9__gnu_cxx16__aligned_membufISt4pairIKN5boost9unit_test13basic_cstringIKcEENS2_10shared_ptrINS2_7runtime3cla13rt_cla_detail14parameter_trieEEEEE7_M_addrEv:
      163:   62:      _M_addr() noexcept
      163:   63:      { return static_cast<void*>(&_M_storage); }
      163:   63-block  0
------------------
_ZN9__gnu_cxx16__aligned_membufISt4pairIKN5boost9unit_test13basic_cstringIKcEENS3_12report_levelEEE7_M_addrEv:
       12:   62:      _M_addr() noexcept
       12:   63:      { return static_cast<void*>(&_M_storage); }
       12:   63-block  0
------------------
_ZN9__gnu_cxx16__aligned_membufISt4pairIKN5boost9unit_test13basic_cstringIKcEENS2_10shared_ptrINS2_7runtime8argumentEEEEE7_M_addrEv:
       61:   62:      _M_addr() noexcept
       61:   63:      { return static_cast<void*>(&_M_storage); }
       61:   63-block  0
------------------
_ZN9__gnu_cxx16__aligned_membufISt4pairIKmmEE7_M_addrEv:
       11:   62:      _M_addr() noexcept
       11:   63:      { return static_cast<void*>(&_M_storage); }
       11:   63-block  0
------------------
_ZN9__gnu_cxx16__aligned_membufISt4pairIKcPS2_EE7_M_addrEv:
    #####:   62:      _M_addr() noexcept
    #####:   63:      { return static_cast<void*>(&_M_storage); }
    %%%%%:   63-block  0
------------------
_ZN9__gnu_cxx16__aligned_membufIPN5boost9unit_test13test_observerEE7_M_addrEv:
       12:   62:      _M_addr() noexcept
       12:   63:      { return static_cast<void*>(&_M_storage); }
       12:   63-block  0
------------------
_ZN9__gnu_cxx16__aligned_membufIPN5boost9unit_test14global_fixtureEE7_M_addrEv:
    #####:   62:      _M_addr() noexcept
    #####:   63:      { return static_cast<void*>(&_M_storage); }
    %%%%%:   63-block  0
------------------
_ZN9__gnu_cxx16__aligned_membufIPKN5boost7runtime16parameter_cla_idEE7_M_addrEv:
    #####:   62:      _M_addr() noexcept
    #####:   63:      { return static_cast<void*>(&_M_storage); }
    %%%%%:   63-block  0
------------------
_ZN9__gnu_cxx16__aligned_membufISt4pairIKN5boost9unit_test13basic_cstringIKcEENS2_10shared_ptrINS2_7runtime11basic_paramEEEEE7_M_addrEv:
       28:   62:      _M_addr() noexcept
       28:   63:      { return static_cast<void*>(&_M_storage); }
       28:   63-block  0
------------------
_ZN9__gnu_cxx16__aligned_membufISt4pairIKN5boost9unit_test13basic_cstringIKcEENS3_13output_formatEEE7_M_addrEv:
       36:   62:      _M_addr() noexcept
       36:   63:      { return static_cast<void*>(&_M_storage); }
       36:   63-block  0
------------------
_ZN9__gnu_cxx16__aligned_membufISt4pairIKN5boost9unit_test13basic_cstringIKcEENS3_9log_levelEEE7_M_addrEv:
       33:   62:      _M_addr() noexcept
       33:   63:      { return static_cast<void*>(&_M_storage); }
       33:   63-block  0
------------------
        -:   64:
        -:   65:      const void*
    4733*:   66:      _M_addr() const noexcept
    4733*:   67:      { return static_cast<const void*>(&_M_storage); }
------------------
_ZNK9__gnu_cxx16__aligned_membufISt4pairIKN5boost9unit_test13basic_cstringIKcEENS2_10shared_ptrINS2_7runtime8argumentEEEEE7_M_addrEv:
     1191:   66:      _M_addr() const noexcept
     1191:   67:      { return static_cast<const void*>(&_M_storage); }
     1191:   67-block  0
------------------
_ZNK9__gnu_cxx16__aligned_membufISt4pairIKcPS2_EE7_M_addrEv:
    #####:   66:      _M_addr() const noexcept
    #####:   67:      { return static_cast<const void*>(&_M_storage); }
    %%%%%:   67-block  0
------------------
_ZNK9__gnu_cxx16__aligned_membufISt4pairIKmN5boost9unit_test6output10junit_impl16junit_log_helperEEE7_M_addrEv:
    #####:   66:      _M_addr() const noexcept
    #####:   67:      { return static_cast<const void*>(&_M_storage); }
    %%%%%:   67-block  0
------------------
_ZNK9__gnu_cxx16__aligned_membufINSt7__cxx1112basic_stringIcSt11char_traitsIcESaIcEEEE7_M_addrEv:
       38:   66:      _M_addr() const noexcept
       38:   67:      { return static_cast<const void*>(&_M_storage); }
       38:   67-block  0
------------------
_ZNK9__gnu_cxx16__aligned_membufISt4pairIKmmEE7_M_addrEv:
       47:   66:      _M_addr() const noexcept
       47:   67:      { return static_cast<const void*>(&_M_storage); }
       47:   67-block  0
------------------
_ZNK9__gnu_cxx16__aligned_membufISt4pairIKN5boost16exception_detail10type_info_ENS2_10shared_ptrINS3_15error_info_baseEEEEE7_M_addrEv:
    #####:   66:      _M_addr() const noexcept
    #####:   67:      { return static_cast<const void*>(&_M_storage); }
    %%%%%:   67-block  0
------------------
_ZNK9__gnu_cxx16__aligned_membufISt4pairIKN5boost9unit_test13basic_cstringIKcEENS2_10shared_ptrINS2_7runtime11basic_paramEEEEE7_M_addrEv:
      270:   66:      _M_addr() const noexcept
      270:   67:      { return static_cast<const void*>(&_M_storage); }
      270:   67-block  0
------------------
_ZNK9__gnu_cxx16__aligned_membufISt4pairIKcN5boost10shared_ptrINS3_7runtime3cla13rt_cla_detail14parameter_trieEEEEE7_M_addrEv:
     1626:   66:      _M_addr() const noexcept
     1626:   67:      { return static_cast<const void*>(&_M_storage); }
     1626:   67-block  0
------------------
_ZNK9__gnu_cxx16__aligned_membufIPN5boost9unit_test13test_observerEE7_M_addrEv:
      266:   66:      _M_addr() const noexcept
      266:   67:      { return static_cast<const void*>(&_M_storage); }
      266:   67-block  0
------------------
_ZNK9__gnu_cxx16__aligned_membufIPN5boost9unit_test14global_fixtureEE7_M_addrEv:
    #####:   66:      _M_addr() const noexcept
    #####:   67:      { return static_cast<const void*>(&_M_storage); }
    %%%%%:   67-block  0
------------------
_ZNK9__gnu_cxx16__aligned_membufISt4pairIKN5boost9unit_test13basic_cstringIKcEENS3_12report_levelEEE7_M_addrEv:
       13:   66:      _M_addr() const noexcept
       13:   67:      { return static_cast<const void*>(&_M_storage); }
       13:   67-block  0
------------------
_ZNK9__gnu_cxx16__aligned_membufISt4pairIKmN5boost9unit_test9framework4impl10order_infoEEE7_M_addrEv:
       69:   66:      _M_addr() const noexcept
       69:   67:      { return static_cast<const void*>(&_M_storage); }
       69:   67-block  0
------------------
_ZNK9__gnu_cxx16__aligned_membufISt4pairIKN5boost9unit_test13output_formatENS3_14runtime_config13stream_holderEEE7_M_addrEv:
        1:   66:      _M_addr() const noexcept
        1:   67:      { return static_cast<const void*>(&_M_storage); }
        1:   67-block  0
------------------
_ZNK9__gnu_cxx16__aligned_membufISt4pairIKmPN5boost9unit_test9test_unitEEE7_M_addrEv:
      557:   66:      _M_addr() const noexcept
      557:   67:      { return static_cast<const void*>(&_M_storage); }
      557:   67-block  0
------------------
_ZNK9__gnu_cxx16__aligned_membufISt4pairIKmN5boost9unit_test12test_resultsEEE7_M_addrEv:
      404:   66:      _M_addr() const noexcept
      404:   67:      { return static_cast<const void*>(&_M_storage); }
      404:   67-block  0
------------------
_ZNK9__gnu_cxx16__aligned_membufISt4pairIKN5boost9unit_test13basic_cstringIKcEENS2_10shared_ptrINS2_7runtime3cla13rt_cla_detail14parameter_trieEEEEE7_M_addrEv:
      159:   66:      _M_addr() const noexcept
      159:   67:      { return static_cast<const void*>(&_M_storage); }
      159:   67-block  0
------------------
_ZNK9__gnu_cxx16__aligned_membufIPKN5boost7runtime16parameter_cla_idEE7_M_addrEv:
    #####:   66:      _M_addr() const noexcept
    #####:   67:      { return static_cast<const void*>(&_M_storage); }
    %%%%%:   67-block  0
------------------
_ZNK9__gnu_cxx16__aligned_membufISt4pairIKN5boost9unit_test13basic_cstringIKcEENS3_13output_formatEEE7_M_addrEv:
       36:   66:      _M_addr() const noexcept
       36:   67:      { return static_cast<const void*>(&_M_storage); }
       36:   67-block  0
------------------
_ZNK9__gnu_cxx16__aligned_membufISt4pairIKN5boost9unit_test13basic_cstringIKcEENS3_9log_levelEEE7_M_addrEv:
       56:   66:      _M_addr() const noexcept
       56:   67:      { return static_cast<const void*>(&_M_storage); }
       56:   67-block  0
------------------
        -:   68:
        -:   69:      _Tp*
    2035*:   70:      _M_ptr() noexcept
    2035*:   71:      { return static_cast<_Tp*>(_M_addr()); }
------------------
_ZN9__gnu_cxx16__aligned_membufISt4pairIKcN5boost10shared_ptrINS3_7runtime3cla13rt_cla_detail14parameter_trieEEEEE6_M_ptrEv:
     1138:   70:      _M_ptr() noexcept
     1138:   71:      { return static_cast<_Tp*>(_M_addr()); }
     1138:   71-block  0
------------------
_ZN9__gnu_cxx16__aligned_membufISt4pairIKmN5boost9unit_test6output10junit_impl16junit_log_helperEEE6_M_ptrEv:
    #####:   70:      _M_ptr() noexcept
    #####:   71:      { return static_cast<_Tp*>(_M_addr()); }
    %%%%%:   71-block  0
------------------
_ZN9__gnu_cxx16__aligned_membufISt4pairIKmPN5boost9unit_test9test_unitEEE6_M_ptrEv:
      278:   70:      _M_ptr() noexcept
      278:   71:      { return static_cast<_Tp*>(_M_addr()); }
      278:   71-block  0
------------------
_ZN9__gnu_cxx16__aligned_membufINSt7__cxx1112basic_stringIcSt11char_traitsIcESaIcEEEE6_M_ptrEv:
       22:   70:      _M_ptr() noexcept
       22:   71:      { return static_cast<_Tp*>(_M_addr()); }
       22:   71-block  0
------------------
_ZN9__gnu_cxx16__aligned_membufImE6_M_ptrEv:
    #####:   70:      _M_ptr() noexcept
    #####:   71:      { return static_cast<_Tp*>(_M_addr()); }
    %%%%%:   71-block  0
------------------
_ZN9__gnu_cxx16__aligned_membufISt4pairIKmN5boost9unit_test9framework4impl10order_infoEEE6_M_ptrEv:
       34:   70:      _M_ptr() noexcept
       34:   71:      { return static_cast<_Tp*>(_M_addr()); }
       34:   71-block  0
------------------
_ZN9__gnu_cxx16__aligned_membufISt4pairIKN5boost9unit_test13output_formatENS3_14runtime_config13stream_holderEEE6_M_ptrEv:
        3:   70:      _M_ptr() noexcept
        3:   71:      { return static_cast<_Tp*>(_M_addr()); }
        3:   71-block  0
------------------
_ZN9__gnu_cxx16__aligned_membufISt4pairIKN5boost16exception_detail10type_info_ENS2_10shared_ptrINS3_15error_info_baseEEEEE6_M_ptrEv:
    #####:   70:      _M_ptr() noexcept
    #####:   71:      { return static_cast<_Tp*>(_M_addr()); }
    %%%%%:   71-block  0
------------------
_ZN9__gnu_cxx16__aligned_membufISt4pairIKmN5boost9unit_test12test_resultsEEE6_M_ptrEv:
      204:   70:      _M_ptr() noexcept
      204:   71:      { return static_cast<_Tp*>(_M_addr()); }
      204:   71-block  0
------------------
_ZN9__gnu_cxx16__aligned_membufISt4pairIKN5boost9unit_test13basic_cstringIKcEENS2_10shared_ptrINS2_7runtime3cla13rt_cla_detail14parameter_trieEEEEE6_M_ptrEv:
      163:   70:      _M_ptr() noexcept
      163:   71:      { return static_cast<_Tp*>(_M_addr()); }
      163:   71-block  0
------------------
_ZN9__gnu_cxx16__aligned_membufISt4pairIKN5boost9unit_test13basic_cstringIKcEENS3_12report_levelEEE6_M_ptrEv:
       12:   70:      _M_ptr() noexcept
       12:   71:      { return static_cast<_Tp*>(_M_addr()); }
       12:   71-block  0
------------------
_ZN9__gnu_cxx16__aligned_membufISt4pairIKN5boost9unit_test13basic_cstringIKcEENS2_10shared_ptrINS2_7runtime8argumentEEEEE6_M_ptrEv:
       61:   70:      _M_ptr() noexcept
       61:   71:      { return static_cast<_Tp*>(_M_addr()); }
       61:   71-block  0
------------------
_ZN9__gnu_cxx16__aligned_membufISt4pairIKmmEE6_M_ptrEv:
       11:   70:      _M_ptr() noexcept
       11:   71:      { return static_cast<_Tp*>(_M_addr()); }
       11:   71-block  0
------------------
_ZN9__gnu_cxx16__aligned_membufISt4pairIKcPS2_EE6_M_ptrEv:
    #####:   70:      _M_ptr() noexcept
    #####:   71:      { return static_cast<_Tp*>(_M_addr()); }
    %%%%%:   71-block  0
------------------
_ZN9__gnu_cxx16__aligned_membufIPN5boost9unit_test13test_observerEE6_M_ptrEv:
       12:   70:      _M_ptr() noexcept
       12:   71:      { return static_cast<_Tp*>(_M_addr()); }
       12:   71-block  0
------------------
_ZN9__gnu_cxx16__aligned_membufIPN5boost9unit_test14global_fixtureEE6_M_ptrEv:
    #####:   70:      _M_ptr() noexcept
    #####:   71:      { return static_cast<_Tp*>(_M_addr()); }
    %%%%%:   71-block  0
------------------
_ZN9__gnu_cxx16__aligned_membufIPKN5boost7runtime16parameter_cla_idEE6_M_ptrEv:
    #####:   70:      _M_ptr() noexcept
    #####:   71:      { return static_cast<_Tp*>(_M_addr()); }
    %%%%%:   71-block  0
------------------
_ZN9__gnu_cxx16__aligned_membufISt4pairIKN5boost9unit_test13basic_cstringIKcEENS2_10shared_ptrINS2_7runtime11basic_paramEEEEE6_M_ptrEv:
       28:   70:      _M_ptr() noexcept
       28:   71:      { return static_cast<_Tp*>(_M_addr()); }
       28:   71-block  0
------------------
_ZN9__gnu_cxx16__aligned_membufISt4pairIKN5boost9unit_test13basic_cstringIKcEENS3_13output_formatEEE6_M_ptrEv:
       36:   70:      _M_ptr() noexcept
       36:   71:      { return static_cast<_Tp*>(_M_addr()); }
       36:   71-block  0
------------------
_ZN9__gnu_cxx16__aligned_membufISt4pairIKN5boost9unit_test13basic_cstringIKcEENS3_9log_levelEEE6_M_ptrEv:
       33:   70:      _M_ptr() noexcept
       33:   71:      { return static_cast<_Tp*>(_M_addr()); }
       33:   71-block  0
------------------
        -:   72:
        -:   73:      const _Tp*
    4733*:   74:      _M_ptr() const noexcept
    4733*:   75:      { return static_cast<const _Tp*>(_M_addr()); }
------------------
_ZNK9__gnu_cxx16__aligned_membufISt4pairIKN5boost9unit_test13basic_cstringIKcEENS2_10shared_ptrINS2_7runtime8argumentEEEEE6_M_ptrEv:
     1191:   74:      _M_ptr() const noexcept
     1191:   75:      { return static_cast<const _Tp*>(_M_addr()); }
     1191:   75-block  0
------------------
_ZNK9__gnu_cxx16__aligned_membufISt4pairIKcPS2_EE6_M_ptrEv:
    #####:   74:      _M_ptr() const noexcept
    #####:   75:      { return static_cast<const _Tp*>(_M_addr()); }
    %%%%%:   75-block  0
------------------
_ZNK9__gnu_cxx16__aligned_membufISt4pairIKmN5boost9unit_test6output10junit_impl16junit_log_helperEEE6_M_ptrEv:
    #####:   74:      _M_ptr() const noexcept
    #####:   75:      { return static_cast<const _Tp*>(_M_addr()); }
    %%%%%:   75-block  0
------------------
_ZNK9__gnu_cxx16__aligned_membufINSt7__cxx1112basic_stringIcSt11char_traitsIcESaIcEEEE6_M_ptrEv:
       38:   74:      _M_ptr() const noexcept
       38:   75:      { return static_cast<const _Tp*>(_M_addr()); }
       38:   75-block  0
------------------
_ZNK9__gnu_cxx16__aligned_membufISt4pairIKmmEE6_M_ptrEv:
       47:   74:      _M_ptr() const noexcept
       47:   75:      { return static_cast<const _Tp*>(_M_addr()); }
       47:   75-block  0
------------------
_ZNK9__gnu_cxx16__aligned_membufISt4pairIKN5boost16exception_detail10type_info_ENS2_10shared_ptrINS3_15error_info_baseEEEEE6_M_ptrEv:
    #####:   74:      _M_ptr() const noexcept
    #####:   75:      { return static_cast<const _Tp*>(_M_addr()); }
    %%%%%:   75-block  0
------------------
_ZNK9__gnu_cxx16__aligned_membufISt4pairIKN5boost9unit_test13basic_cstringIKcEENS2_10shared_ptrINS2_7runtime11basic_paramEEEEE6_M_ptrEv:
      270:   74:      _M_ptr() const noexcept
      270:   75:      { return static_cast<const _Tp*>(_M_addr()); }
      270:   75-block  0
------------------
_ZNK9__gnu_cxx16__aligned_membufISt4pairIKcN5boost10shared_ptrINS3_7runtime3cla13rt_cla_detail14parameter_trieEEEEE6_M_ptrEv:
     1626:   74:      _M_ptr() const noexcept
     1626:   75:      { return static_cast<const _Tp*>(_M_addr()); }
     1626:   75-block  0
------------------
_ZNK9__gnu_cxx16__aligned_membufIPN5boost9unit_test13test_observerEE6_M_ptrEv:
      266:   74:      _M_ptr() const noexcept
      266:   75:      { return static_cast<const _Tp*>(_M_addr()); }
      266:   75-block  0
------------------
_ZNK9__gnu_cxx16__aligned_membufIPN5boost9unit_test14global_fixtureEE6_M_ptrEv:
    #####:   74:      _M_ptr() const noexcept
    #####:   75:      { return static_cast<const _Tp*>(_M_addr()); }
    %%%%%:   75-block  0
------------------
_ZNK9__gnu_cxx16__aligned_membufISt4pairIKN5boost9unit_test13basic_cstringIKcEENS3_12report_levelEEE6_M_ptrEv:
       13:   74:      _M_ptr() const noexcept
       13:   75:      { return static_cast<const _Tp*>(_M_addr()); }
       13:   75-block  0
------------------
_ZNK9__gnu_cxx16__aligned_membufISt4pairIKmN5boost9unit_test9framework4impl10order_infoEEE6_M_ptrEv:
       69:   74:      _M_ptr() const noexcept
       69:   75:      { return static_cast<const _Tp*>(_M_addr()); }
       69:   75-block  0
------------------
_ZNK9__gnu_cxx16__aligned_membufISt4pairIKN5boost9unit_test13output_formatENS3_14runtime_config13stream_holderEEE6_M_ptrEv:
        1:   74:      _M_ptr() const noexcept
        1:   75:      { return static_cast<const _Tp*>(_M_addr()); }
        1:   75-block  0
------------------
_ZNK9__gnu_cxx16__aligned_membufISt4pairIKmPN5boost9unit_test9test_unitEEE6_M_ptrEv:
      557:   74:      _M_ptr() const noexcept
      557:   75:      { return static_cast<const _Tp*>(_M_addr()); }
      557:   75-block  0
------------------
_ZNK9__gnu_cxx16__aligned_membufISt4pairIKmN5boost9unit_test12test_resultsEEE6_M_ptrEv:
      404:   74:      _M_ptr() const noexcept
      404:   75:      { return static_cast<const _Tp*>(_M_addr()); }
      404:   75-block  0
------------------
_ZNK9__gnu_cxx16__aligned_membufISt4pairIKN5boost9unit_test13basic_cstringIKcEENS2_10shared_ptrINS2_7runtime3cla13rt_cla_detail14parameter_trieEEEEE6_M_ptrEv:
      159:   74:      _M_ptr() const noexcept
      159:   75:      { return static_cast<const _Tp*>(_M_addr()); }
      159:   75-block  0
------------------
_ZNK9__gnu_cxx16__aligned_membufIPKN5boost7runtime16parameter_cla_idEE6_M_ptrEv:
    #####:   74:      _M_ptr() const noexcept
    #####:   75:      { return static_cast<const _Tp*>(_M_addr()); }
    %%%%%:   75-block  0
------------------
_ZNK9__gnu_cxx16__aligned_membufISt4pairIKN5boost9unit_test13basic_cstringIKcEENS3_13output_formatEEE6_M_ptrEv:
       36:   74:      _M_ptr() const noexcept
       36:   75:      { return static_cast<const _Tp*>(_M_addr()); }
       36:   75-block  0
------------------
_ZNK9__gnu_cxx16__aligned_membufISt4pairIKN5boost9unit_test13basic_cstringIKcEENS3_9log_levelEEE6_M_ptrEv:
       56:   74:      _M_ptr() const noexcept
       56:   75:      { return static_cast<const _Tp*>(_M_addr()); }
       56:   75-block  0
------------------
        -:   76:    };
        -:   77:
        -:   78:#if _GLIBCXX_INLINE_VERSION
        -:   79:  template<typename _Tp>
        -:   80:    using __aligned_buffer = __aligned_membuf<_Tp>;
        -:   81:#else
        -:   82:  // Similar to __aligned_membuf but aligned for complete objects, not members.
        -:   83:  // This type is used in <forward_list>, <future>, <bits/shared_ptr_base.h>
        -:   84:  // and <bits/hashtable_policy.h>, but ideally they would use __aligned_membuf
        -:   85:  // instead, as it has smaller size for some types on some targets.
        -:   86:  // This type is still used to avoid an ABI change.
        -:   87:  template<typename _Tp>
        -:   88:    struct __aligned_buffer
        -:   89:    : std::aligned_storage<sizeof(_Tp), std::alignment_of<_Tp>::value>
        -:   90:    {
        -:   91:      typename
        -:   92:	std::aligned_storage<sizeof(_Tp), std::alignment_of<_Tp>::value>::type
        -:   93:	_M_storage;
        -:   94:
        -:   95:      __aligned_buffer() = default;
        -:   96:
        -:   97:      // Can be used to avoid value-initialization
        -:   98:      __aligned_buffer(std::nullptr_t) { }
        -:   99:
        -:  100:      void*
        -:  101:      _M_addr() noexcept
        -:  102:      {
        -:  103:        return static_cast<void*>(&_M_storage);
        -:  104:      }
        -:  105:
        -:  106:      const void*
        -:  107:      _M_addr() const noexcept
        -:  108:      {
        -:  109:        return static_cast<const void*>(&_M_storage);
        -:  110:      }
        -:  111:
        -:  112:      _Tp*
        -:  113:      _M_ptr() noexcept
        -:  114:      { return static_cast<_Tp*>(_M_addr()); }
        -:  115:
        -:  116:      const _Tp*
        -:  117:      _M_ptr() const noexcept
        -:  118:      { return static_cast<const _Tp*>(_M_addr()); }
        -:  119:    };
        -:  120:#endif
        -:  121:
        -:  122:} // namespace
        -:  123:
        -:  124:#endif /* _ALIGNED_BUFFER_H */
