        -:    0:Source:F:/Files/vcpkg/installed/x86-windows/include/boost/test/tree/test_unit.hpp
        -:    0:Graph:F:\SoftwareProjects\CLionProjects\C++\My_String\cmake-build-debug\test\CMakeFiles\Boost_Tests_run.dir\MyStringTest.cpp.gcno
        -:    0:Data:F:\SoftwareProjects\CLionProjects\C++\My_String\cmake-build-debug\test\CMakeFiles\Boost_Tests_run.dir\MyStringTest.cpp.gcda
        -:    0:Runs:1
        -:    0:Programs:1
        -:    1://  (C) Copyright Gennadiy Rozental 2001.
        -:    2://  Distributed under the Boost Software License, Version 1.0.
        -:    3://  (See accompanying file LICENSE_1_0.txt or copy at
        -:    4://  http://www.boost.org/LICENSE_1_0.txt)
        -:    5:
        -:    6://  See http://www.boost.org/libs/test for the library home page.
        -:    7://
        -:    8:/// @file
        -:    9:/// Defines @ref boost::unit_test::test_unit "test_unit", @ref boost::unit_test::test_case "test_case",
        -:   10:/// @ref boost::unit_test::test_suite "test_suite" and @ref boost::unit_test::master_test_suite_t "master_test_suite_t"
        -:   11:// ***************************************************************************
        -:   12:
        -:   13:#ifndef BOOST_TEST_TREE_TEST_UNIT_HPP_100211GER
        -:   14:#define BOOST_TEST_TREE_TEST_UNIT_HPP_100211GER
        -:   15:
        -:   16:// Boost.Test
        -:   17:#include <boost/test/detail/config.hpp>
        -:   18:#include <boost/test/detail/global_typedef.hpp>
        -:   19:#include <boost/test/detail/fwd_decl.hpp>
        -:   20:
        -:   21:#include <boost/test/tree/decorator.hpp>
        -:   22:#include <boost/test/tree/fixture.hpp>
        -:   23:#include <boost/test/framework.hpp>
        -:   24:
        -:   25:#include <boost/test/tools/assertion_result.hpp>
        -:   26:
        -:   27:#include <boost/test/utils/class_properties.hpp>
        -:   28:
        -:   29:// Boost
        -:   30:#include <boost/function/function0.hpp>
        -:   31:#include <boost/function/function1.hpp>
        -:   32:
        -:   33:// STL
        -:   34:#include <vector>
        -:   35:#include <string>
        -:   36:#include <map>
        -:   37:
        -:   38:#include <boost/test/detail/suppress_warnings.hpp>
        -:   39:
        -:   40://____________________________________________________________________________//
        -:   41:
        -:   42:namespace boost {
        -:   43:namespace unit_test {
        -:   44:
        -:   45:namespace framework {
        -:   46:  class state;
        -:   47:}
        -:   48:
        -:   49:// ************************************************************************** //
        -:   50:// **************                   test_unit                  ************** //
        -:   51:// ************************************************************************** //
        -:   52:
        -:   53:typedef std::vector<test_unit_id> test_unit_id_list;
        -:   54:
        -:   55:class BOOST_TEST_DECL test_unit {
        -:   56:public:
        -:   57:    enum { type = TUT_ANY };
        -:   58:    enum run_status { RS_DISABLED, RS_ENABLED, RS_INHERIT, RS_INVALID };
        -:   59:
        -:   60:    typedef std::vector<test_unit_id>                                       id_list;
        -:   61:    typedef std::vector<test_unit_fixture_ptr>                              fixture_list_t;
       12:   62:    typedef BOOST_READONLY_PROPERTY(test_unit_id,(framework::state))        id_t;
       12:   62-block  0
       12:   63:    typedef BOOST_READONLY_PROPERTY(test_unit_id,(test_suite))              parent_id_t;
       12:   63-block  0
       12:   64:    typedef BOOST_READONLY_PROPERTY(id_list,(test_unit))                    id_list_t;
       12:   64-block  0
        -:   65:    typedef std::vector<decorator::base_ptr>                                decor_list_t;
       12:   66:    typedef BOOST_READONLY_PROPERTY(std::vector<std::string>,(test_unit))   label_list_t;
       12:   66-block  0
        -:   67:
        -:   68:    typedef boost::function<test_tools::assertion_result (test_unit_id)>    precondition_t;
       12:   69:    typedef BOOST_READONLY_PROPERTY(std::vector<precondition_t>,(test_unit)) precond_list_t;
       12:   69-block  0
        -:   70:
        -:   71:    // preconditions management
        -:   72:    void                                depends_on( test_unit* tu );
        -:   73:    void                                add_precondition( precondition_t const& );
        -:   74:    test_tools::assertion_result        check_preconditions() const;
        -:   75:
        -:   76:    // labels management
        -:   77:    void                                add_label( const_string l );
        -:   78:    bool                                has_label( const_string l ) const;
        -:   79:
        -:   80:    // helper access methods
        -:   81:    void                                increase_exp_fail( counter_t num );
       92:   82:    bool                                is_enabled() const    { return p_run_status == RS_ENABLED; }
       92:   82-block  0
       92:   82-block  1
       92:   82-block  2
       92:   82-block  3
        -:   83:    std::string                         full_name() const;
        -:   84:
        -:   85:    // Public r/o properties
        -:   86:    test_unit_type const                p_type;                 ///< type for this test unit
        -:   87:    const_string const                  p_type_name;            ///< "case"/"suite"/"module"
        -:   88:    const_string const                  p_file_name;
        -:   89:    std::size_t const                   p_line_num;
        -:   90:    id_t                                p_id;                   ///< unique id for this test unit
        -:   91:    parent_id_t                         p_parent_id;            ///< parent test suite id
        -:   92:    label_list_t                        p_labels;               ///< list of labels associated with this test unit
        -:   93:
        -:   94:    id_list_t                           p_dependencies;         ///< list of test units this one depends on
        -:   95:    precond_list_t                      p_preconditions;        ///< user supplied preconditions for this test unit;
        -:   96:
        -:   97:    // Public r/w properties
        -:   98:    readwrite_property<std::string>     p_name;                 ///< name for this test unit
        -:   99:    readwrite_property<std::string>     p_description;          ///< description for this test unit
        -:  100:    readwrite_property<unsigned>        p_timeout;              ///< timeout for the test unit execution in seconds
        -:  101:    readwrite_property<counter_t>       p_expected_failures;    ///< number of expected failures in this test unit
        -:  102:
        -:  103:    readwrite_property<run_status>      p_default_status;       ///< run status obtained by this unit during setup phase
        -:  104:    readwrite_property<run_status>      p_run_status;           ///< run status assigned to this unit before execution phase after applying all filters
        -:  105:
        -:  106:    readwrite_property<counter_t>       p_sibling_rank;         ///< rank of this test unit amoung siblings of the same parent
        -:  107:
        -:  108:    readwrite_property<decor_list_t>    p_decorators;           ///< automatically assigned decorators; execution is delayed till framework::finalize_setup_phase function
        -:  109:    readwrite_property<fixture_list_t>  p_fixtures;             ///< fixtures associated with this test unit
        -:  110:
        -:  111:protected:
        -:  112:    ~test_unit();
        -:  113:    // Constructor
        -:  114:    test_unit( const_string tu_name, const_string tc_file, std::size_t tc_line, test_unit_type t );
        -:  115:    // Master test suite constructor
        -:  116:    explicit                            test_unit( const_string module_name );
        -:  117:
        -:  118:private:
        -:  119:};
        -:  120:
        -:  121:// ************************************************************************** //
        -:  122:// **************              test_unit_generator             ************** //
        -:  123:// ************************************************************************** //
        -:  124:
        -:  125:class BOOST_TEST_DECL test_unit_generator {
        -:  126:public:
        -:  127:    virtual test_unit*  next() const = 0;
        -:  128:
        -:  129:protected:
        -:  130:    BOOST_TEST_PROTECTED_VIRTUAL ~test_unit_generator() {}
        -:  131:};
        -:  132:
        -:  133:// ************************************************************************** //
        -:  134:// **************                   test_case                  ************** //
        -:  135:// ************************************************************************** //
        -:  136:
        -:  137:class BOOST_TEST_DECL test_case : public test_unit {
        -:  138:public:
        -:  139:    enum { type = TUT_CASE };
        -:  140:
        -:  141:    // Constructor
        -:  142:    test_case( const_string tc_name, boost::function<void ()> const& test_func );
        -:  143:    test_case( const_string tc_name, const_string tc_file, std::size_t tc_line, boost::function<void ()> const& test_func );
        -:  144:
        -:  145:    // Public property
       10:  146:    typedef BOOST_READONLY_PROPERTY(boost::function<void ()>,(test_case))  test_func;
       10:  146-block  0
        -:  147:
        -:  148:    test_func   p_test_func;
        -:  149:
        -:  150:private:
        -:  151:    friend class framework::state;
    #####:  152:    ~test_case() {}
    %%%%%:  152-block  0
        -:  153:};
        -:  154:
        -:  155:// ************************************************************************** //
        -:  156:// **************                  test_suite                  ************** //
        -:  157:// ************************************************************************** //
        -:  158:
        -:  159://! Class representing test suites
        -:  160:class BOOST_TEST_DECL test_suite : public test_unit {
        -:  161:public:
        -:  162:    enum { type = TUT_SUITE };
        -:  163:
        -:  164:    // Constructor
        -:  165:    explicit        test_suite( const_string ts_name, const_string ts_file, std::size_t ts_line );
        -:  166:
        -:  167:    // test unit list management
        -:  168:
        -:  169:    /*!@brief Adds a test unit to a test suite.
        -:  170:     *
        -:  171:     * It is possible to specify the timeout and the expected failures.
        -:  172:     */
        -:  173:    void            add( test_unit* tu, counter_t expected_failures = 0, unsigned timeout = 0 );
        -:  174:
        -:  175:    /// @overload
        -:  176:    void            add( test_unit_generator const& gen, unsigned timeout = 0 );
        -:  177:
        -:  178:    /// @overload
        -:  179:    void            add( test_unit_generator const& gen, decorator::collector_t& decorators );
        -:  180:  
        -:  181:    /// @overload
        -:  182:    void            add( boost::shared_ptr<test_unit_generator> gen_ptr, decorator::collector_t& decorators );
        -:  183:
        -:  184:    //! Removes a test from the test suite.
        -:  185:    void            remove( test_unit_id id );
        -:  186:  
        -:  187:    //! Generates all the delayed test_units from the generators
        -:  188:    void            generate( );
        -:  189:
        -:  190:    //! Check for duplicates name in test cases
        -:  191:    //!
        -:  192:    //! Raises a setup_error if there are duplicates
        -:  193:    void            check_for_duplicate_test_cases();
        -:  194:
        -:  195:    // access methods
        -:  196:    test_unit_id    get( const_string tu_name ) const;
        -:  197:    std::size_t     size() const { return m_children.size(); }
        -:  198:
        -:  199:protected:
        -:  200:    // Master test suite constructor
        -:  201:    explicit        test_suite( const_string module_name );
        -:  202:
        -:  203:    friend BOOST_TEST_DECL
        -:  204:    void            traverse_test_tree( test_suite const&, test_tree_visitor&, bool );
        -:  205:    friend class    framework::state;
    #####:  206:    virtual         ~test_suite() {}
------------------
_ZN5boost9unit_test10test_suiteD0Ev:
    #####:  206:    virtual         ~test_suite() {}
    %%%%%:  206-block  0
------------------
_ZN5boost9unit_test10test_suiteD1Ev:
    #####:  206:    virtual         ~test_suite() {}
    %%%%%:  206-block  0
------------------
_ZN5boost9unit_test10test_suiteD2Ev:
    #####:  206:    virtual         ~test_suite() {}
    %%%%%:  206-block  0
------------------
        -:  207:
        -:  208:    typedef std::multimap<counter_t,test_unit_id> children_per_rank;
        -:  209:    // Data members
        -:  210:
        -:  211:    test_unit_id_list   m_children;
        -:  212:    children_per_rank   m_ranked_children; ///< maps child sibling rank to list of children with that rank
        -:  213:  
        -:  214:    std::vector< std::pair<boost::shared_ptr<test_unit_generator>, std::vector<decorator::base_ptr> > > m_generators; /// lazy evaluation
        -:  215:};
        -:  216:
        -:  217:// ************************************************************************** //
        -:  218:// **************               master_test_suite              ************** //
        -:  219:// ************************************************************************** //
        -:  220:
        -:  221:class BOOST_TEST_DECL master_test_suite_t : public test_suite {
        -:  222:private:
        -:  223:    master_test_suite_t();
        -:  224:    master_test_suite_t(const master_test_suite_t&); // undefined
        -:  225:    master_test_suite_t& operator=(master_test_suite_t const &); // undefined
        -:  226:  
        -:  227:public:
        -:  228:    // Data members
        -:  229:    int      argc;
        -:  230:    char**   argv;
        -:  231:  
        -:  232:    friend BOOST_TEST_DECL master_test_suite_t& boost::unit_test::framework::master_test_suite();
        -:  233:};
        -:  234:
        -:  235:// ************************************************************************** //
        -:  236:// **************            user_tc_method_invoker            ************** //
        -:  237:// ************************************************************************** //
        -:  238:
        -:  239:namespace ut_detail {
        -:  240:
        -:  241:BOOST_TEST_DECL std::string normalize_test_case_name( const_string tu_name );
        -:  242:
        -:  243://____________________________________________________________________________//
        -:  244:
        -:  245:template<typename InstanceType,typename UserTestCase>
        -:  246:struct user_tc_method_invoker {
        -:  247:    typedef void (UserTestCase::*TestMethod )();
        -:  248:
        -:  249:    user_tc_method_invoker( shared_ptr<InstanceType> inst, TestMethod test_method )
        -:  250:    : m_inst( inst ), m_test_method( test_method ) {}
        -:  251:
        -:  252:    void operator()() { ((*m_inst).*m_test_method)(); }
        -:  253:
        -:  254:    shared_ptr<InstanceType> m_inst;
        -:  255:    TestMethod               m_test_method;
        -:  256:};
        -:  257:
        -:  258:} // namespace ut_detail
        -:  259:
        -:  260:// ************************************************************************** //
        -:  261:// **************                make_test_case                ************** //
        -:  262:// ************************************************************************** //
        -:  263:
        -:  264:inline test_case*
       10:  265:make_test_case( boost::function<void ()> const& test_func, const_string tc_name, const_string tc_file, std::size_t tc_line )
        -:  266:{
       10:  267:    return new test_case( ut_detail::normalize_test_case_name( tc_name ), tc_file, tc_line, test_func );
       10:  267-block  0
       10:  267-block  1
       10:  267-block  2
       10:  267-block  3
       10:  267-block  4
    $$$$$:  267-block  5
    $$$$$:  267-block  6
    $$$$$:  267-block  7
    $$$$$:  267-block  8
    $$$$$:  267-block  9
        -:  268:}
        -:  269:
        -:  270://____________________________________________________________________________//
        -:  271:
        -:  272:template<typename UserTestCase, typename InstanceType>
        -:  273:inline test_case*
        -:  274:make_test_case( void (UserTestCase::*           test_method )(),
        -:  275:                const_string                    tc_name,
        -:  276:                const_string                    tc_file,
        -:  277:                std::size_t                     tc_line,
        -:  278:                boost::shared_ptr<InstanceType> user_test_case )
        -:  279:{
        -:  280:    return new test_case( ut_detail::normalize_test_case_name( tc_name ),
        -:  281:                          tc_file,
        -:  282:                          tc_line,
        -:  283:                          ut_detail::user_tc_method_invoker<InstanceType,UserTestCase>( user_test_case, test_method ) );
        -:  284:}
        -:  285:
        -:  286://____________________________________________________________________________//
        -:  287:
        -:  288:} // namespace unit_test
        -:  289:} // namespace boost
        -:  290:
        -:  291:#include <boost/test/detail/enable_warnings.hpp>
        -:  292:
        -:  293:#endif // BOOST_TEST_TREE_TEST_UNIT_HPP_100211GER
